no such post
no such post
gpdswian
0
no such thread
gpdswian
no such thread
no such post
no such post
no such thread
no such thread
gpdswian
gpdswian
no such thread
no such thread
no such thread
no such post
no such post
0
no such thread
no such thread
no such thread
gpdswian
0
no such thread
no such thread
0
0
no such post
no such thread
0
no such thread
no such post
gpdswian
no such post
no such thread
no such thread
gpdswian
no such thread
no such thread
no such thread
gpdswian
no such post
no such thread
no such user
no such post
no such thread
0
no such post
no such thread
0
no such thread
gpdswian
no such thread
no such thread
no such post
0
no such post
gpdswian
gpdswian
0
no such thread
no such thread
no such post
no such thread
no such post
no such post
no such post
no such thread
no such thread
0
no such thread
no such thread
0
no such post
no such thread
no such thread
no such thread
no such post
no such post
0
no such post
no such thread
no such post
no such thread
no such thread
no such thread
0
0
no such post
no such thread
no such thread
no such post
no such post
0
no such thread
no such post
no such thread
no such thread
no such post
