0
0
cwkyskscvn
no such post
0
no such thread
no such thread
no such post
cwkyskscvn
no such thread
0
no such post
no such post
no such thread
no such thread
0
no such post
no such thread
no such thread
cwkyskscvn
cwkyskscvn
no such thread
no such post
no such post
no such thread
no such thread
no such post
0
0
no such thread
no such post
0
no such thread
no such thread
cwkyskscvn
no such thread
no such thread
0
0
0
no such thread
cwkyskscvn
no such thread
no such thread
no such thread
cwkyskscvn
0
no such thread
no such thread
no such thread
cwkyskscvn
0
no such thread
0
cwkyskscvn
no such thread
no such thread
no such user
0
no such thread
no such thread
cwkyskscvn
no such thread
0
no such post
no such user
no such post
no such thread
0
0
0
0
no such post
no such thread
0
0
0
no such post
0
no such post
no such post
cwkyskscvn
no such thread
0
no such post
no such thread
no such post
no such post
no such post
cwkyskscvn
0
no such thread
no such thread
0
no such post
cwkyskscvn
no such thread
0
no such thread
cwkyskscvn
