0
no such thread
no such thread
no such post
no such post
no such user
no such post
0
no such post
no such thread
0
ftgfziw
no such thread
no such post
no such thread
no such thread
no such thread
no such thread
0
0
no such thread
no such thread
no such post
no such thread
0
0
no such thread
no such post
no such thread
no such thread
no such user
no such thread
no such thread
no such thread
no such post
ftgfziw
no such post
no such thread
no such post
no such post
no such post
no such thread
no such thread
ftgfziw
no such thread
no such post
ftgfziw
no such thread
no such post
0
no such thread
no such thread
no such thread
no such thread
no such thread
0
no such thread
no such thread
no such thread
no such thread
ftgfziw
no such thread
no such post
no such thread
no such post
no such thread
0
ftgfziw
0
no such post
0
no such thread
0
no such thread
no such post
no such post
no such post
ftgfziw
no such thread
0
0
ftgfziw
no such post
0
no such post
0
0
no such thread
no such post
no such post
no such post
no such post
no such post
no such post
0
0
no such post
0
0
0
