1 1 104
2 1 105
3 1 181
4 1 240
5 1 628
6 1 630
7 1 1093
8 1 1180
9 1 1443
10 1 1807
11 1 2193
12 1 2485
13 1 2518
14 1 2734
15 1 2879
16 1 3100
17 1 3407
18 1 3706
19 1 3725
20 1 4105
21 1 4115
22 1 4150
23 1 4341
24 1 4427
25 1 4784
26 1 4896
27 1 5336
28 1 5558
29 1 6038
30 1 6178
31 1 6207
32 1 6481
33 1 6948
34 1 7088
35 1 7179
36 1 7420
37 1 7798
38 1 7896
39 1 8104
40 1 8416
41 1 8748
42 1 9075
43 1 9173
44 1 9641
45 1 9836
46 1 9966
47 1 10209
48 1 10492
49 1 10977
50 1 11082
51 1 11363
52 1 11632
53 1 11962
54 1 12122
55 1 12159
56 1 12497
57 1 12629
58 1 12674
59 1 12822
60 1 13005
61 1 13377
62 1 13640
63 1 13808
64 1 13976
65 1 14431
66 1 14886
67 1 14993
68 1 15320
69 1 15588
70 1 15805
71 1 15835
72 1 15982
73 1 16088
74 1 16428
75 1 16482
76 1 16568
77 1 16647
78 1 16781
79 1 16869
80 1 17094
81 1 17425
82 1 17660
83 1 17824
84 1 18030
85 1 18251
86 1 18582
87 1 18590
88 1 18945
89 1 19199
90 1 19389
91 1 19746
92 1 20011
93 1 20115
94 1 20244
95 1 20522
96 1 20549
97 1 20965
98 1 21131
99 1 21197
100 1 21315
101 1 21609
102 1 21998
103 1 22013
104 1 22265
105 1 22288
106 1 22711
107 1 22822
108 1 23281
109 1 23306
110 1 23492
111 1 23804
112 1 24207
113 1 24666
114 1 24823
115 1 25290
116 1 25365
117 1 25470
118 1 25950
119 1 26041
120 1 26129
121 1 26386
122 1 26656
123 1 26832
124 1 26941
125 1 27070
126 1 27250
127 1 27614
128 1 27954
129 1 28443
130 1 28515
131 1 28990
132 1 29488
133 1 29742
134 1 30137
135 1 30315
136 1 30528
137 1 30872
138 1 31098
139 1 31400
140 1 31775
141 1 32159
142 1 32292
143 1 32487
144 1 32795
145 1 33228
146 1 33717
147 1 33933
148 1 34392
149 1 34659
150 1 35062
151 1 35335
152 1 35658
153 1 36031
154 1 36269
155 1 36528
156 1 36618
157 1 36672
158 1 37108
159 1 37246
160 1 37473
161 1 37968
162 1 37976
163 1 37982
164 1 38371
165 1 38803
166 1 39302
167 1 39382
168 1 39767
169 1 39797
170 1 39817
171 1 39891
172 1 40130
173 1 40520
174 1 40702
175 1 40925
176 1 41287
177 1 41395
178 1 41492
179 1 41741
180 1 42147
181 1 42235
182 1 42263
183 1 42330
184 1 42678
185 1 42739
186 1 42895
187 1 43250
188 1 43523
189 1 43817
190 1 44163
191 1 44659
192 1 44764
193 1 45231
194 1 45495
195 1 45896
196 1 46392
197 1 46842
198 1 46858
199 1 46873
200 1 47078
201 1 47390
202 1 47565
203 1 47905
204 1 48065
205 1 48381
206 1 48806
207 1 49053
208 1 49246
209 1 49573
210 1 49955
211 1 50419
212 1 50784
213 1 51053
214 1 51429
215 1 51471
216 1 51800
217 1 52236
218 1 52416
219 1 52879
220 1 53215
221 1 53360
222 1 53773
223 1 53989
224 1 54139
225 1 54185
226 1 54399
227 1 54632
228 1 54895
229 1 55008
230 1 55336
231 1 55780
232 1 55897
233 1 56108
234 1 56456
235 1 56872
236 1 56996
237 1 57439
238 1 57897
239 1 57931
240 1 57985
241 1 58055
242 1 58527
243 1 58831
244 1 58872
245 1 59042
246 1 59161
247 1 59238
248 1 59323
249 1 59536
250 1 59581
251 1 59653
252 1 60145
253 1 60444
254 1 60574
255 1 60740
256 1 61230
257 1 61250
258 1 61398
259 1 61598
260 1 62095
261 1 62268
262 1 62305
263 1 62459
264 1 62522
265 1 62918
266 1 63006
267 1 63090
268 1 63525
269 1 63528
270 1 63782
271 1 64200
272 1 64219
273 1 64426
274 1 64557
275 1 65028
276 1 65480
277 1 65598
278 1 65786
279 1 66173
280 1 66404
281 1 66508
282 1 66840
283 1 67203
284 1 67391
285 1 67855
286 1 67905
287 1 68323
288 1 68374
289 1 68791
290 1 68960
291 1 69368
292 1 69686
293 1 70182
294 1 70337
295 1 70715
296 1 71010
297 1 71204
298 1 71279
299 1 71316
300 1 71361
301 1 71591
302 1 72087
303 1 72092
304 1 72518
305 1 72874
306 1 73221
307 1 73528
308 1 73905
309 1 74004
310 1 74267
311 1 74633
312 1 74810
313 1 74917
314 1 74941
315 1 75332
316 1 75340
317 1 75746
318 1 76148
319 1 76324
320 1 76340
321 1 76577
322 1 77058
323 1 77418
324 1 77875
325 1 77884
326 1 78069
327 1 78493
328 1 78821
329 1 79099
330 1 79300
331 1 79641
332 1 79789
333 1 80023
334 1 80094
335 1 80434
336 1 80461
337 1 80551
338 1 80778
339 1 80811
340 1 80940
341 1 81066
342 1 81315
343 1 81409
344 1 81490
345 1 81574
346 1 81780
347 1 82111
348 1 82519
349 1 82536
350 1 82660
351 1 82753
352 1 83117
353 1 83434
354 1 83589
355 1 83940
356 1 84068
357 1 84349
358 1 84799
359 1 85117
360 1 85377
361 1 85795
362 1 85881
363 1 85973
364 1 86445
365 1 86556
366 1 86644
367 1 86751
368 1 87107
369 1 87325
370 1 87559
371 1 88040
372 1 88445
373 1 88699
374 1 88752
375 1 88854
376 1 88944
377 1 89243
378 1 89463
379 1 89464
380 1 89882
381 1 89885
382 1 89977
383 1 90323
384 1 90355
385 1 90732
386 1 91001
387 1 91293
388 1 91572
389 1 91973
390 1 92254
391 1 92576
392 1 92882
393 1 92949
394 1 93171
395 1 93526
396 1 93939
397 1 94067
398 1 94247
399 1 94615
400 1 94982
401 1 95191
402 1 95287
403 1 95673
404 1 96101
405 1 96308
406 1 96649
407 1 97101
408 1 97350
409 1 97844
410 1 98249
411 1 98277
412 1 98600
413 1 98916
414 1 99272
415 1 99313
416 1 99430
417 1 99717
418 1 99811
419 1 99850
420 1 100096
421 1 100278
422 1 100471
423 1 100910
424 1 100924
425 1 101108
426 1 101421
427 1 101867
428 1 102048
429 1 102148
430 1 102277
431 1 102408
432 1 102759
433 1 103037
434 1 103428
435 1 103514
436 1 103797
437 1 103919
438 1 104088
439 1 104488
440 1 104629
441 1 104950
442 1 104962
443 1 105246
444 1 105642
445 1 105830
446 1 106049
447 1 106184
448 1 106237
449 1 106296
450 1 106480
451 1 106783
452 1 107185
453 1 107648
454 1 107964
455 1 108317
456 1 108682
457 1 108995
458 1 109100
459 1 109306
460 1 109480
461 1 109977
462 1 110028
463 1 110351
464 1 110478
465 1 110813
466 1 111157
467 1 111602
468 1 111637
469 1 112067
470 1 112354
471 1 112496
472 1 112905
473 1 113134
474 1 113494
475 1 113801
476 1 113807
477 1 114120
478 1 114470
479 1 114607
480 1 114626
481 1 114941
482 1 114988
483 1 115242
484 1 115570
485 1 115866
486 1 116110
487 1 116407
488 1 116489
489 1 116954
490 1 117199
491 1 117586
492 1 117802
493 1 118152
494 1 118281
495 1 118754
496 1 118972
497 1 119243
498 1 119522
499 1 119782
500 1 120089
501 1 120307
502 1 120634
503 1 120990
504 1 121428
505 1 121803
506 1 122017
507 1 122300
508 1 122662
509 1 122699
510 1 123193
511 1 123201
512 1 123686
513 1 124080
514 1 124478
515 1 124769
516 1 124860
517 1 125019
518 1 125503
519 1 125641
520 1 125765
521 1 125901
522 1 126074
523 1 126085
524 1 126543
525 1 126668
526 1 126722
527 1 126995
528 1 127230
529 1 127654
530 1 127739
531 1 128044
532 1 128311
533 1 128442
534 1 128814
535 1 128968
536 1 129083
537 1 129213
538 1 129666
539 1 129928
540 1 130058
541 1 130377
542 1 130576
543 1 130966
544 1 131391
545 1 131421
546 1 131442
547 1 131660
548 1 131709
549 1 131908
550 1 131944
551 1 132036
552 1 132119
553 1 132322
554 1 132531
555 1 132571
556 1 132689
557 1 133073
558 1 133085
559 1 133105
560 1 133389
561 1 133559
562 1 134023
563 1 134327
564 1 134766
565 1 134875
566 1 135203
567 1 135307
568 1 135799
569 1 135809
570 1 135870
571 1 136189
572 1 136613
573 1 136625
574 1 136676
575 1 136688
576 1 136833
577 1 137194
578 1 137595
579 1 137827
580 1 137969
581 1 138254
582 1 138672
583 1 139049
584 1 139503
585 1 139952
586 1 140400
587 1 140424
588 1 140749
589 1 141021
590 1 141476
591 1 141960
592 1 141964
593 1 142214
594 1 142647
595 1 142735
596 1 142852
597 1 142991
598 1 143480
599 1 143622
600 1 143957
601 1 144270
602 1 144359
603 1 144496
604 1 144748
605 1 145215
606 1 145328
607 1 145533
608 1 145702
609 1 145721
610 1 146012
611 1 146074
612 1 146414
613 1 146527
614 1 146868
615 1 147075
616 1 147532
617 1 147544
618 1 147761
619 1 147921
620 1 148266
621 1 148387
622 1 148482
623 1 148821
624 1 149158
625 1 149636
626 1 149892
627 1 149917
628 1 150265
629 1 150576
630 1 150794
631 1 151284
632 1 151684
633 1 152100
634 1 152340
635 1 152495
636 1 152762
637 1 153127
638 1 153617
639 1 153737
640 1 153933
641 1 154267
642 1 154375
643 1 154678
644 1 154928
645 1 155390
646 1 155886
647 1 156183
648 1 156249
649 1 156601
650 1 156982
651 1 157481
652 1 157682
653 1 158098
654 1 158121
655 1 158177
656 1 158532
657 1 158655
658 1 158895
659 1 158965
660 1 159289
661 1 159671
662 1 159697
663 1 160106
664 1 160234
665 1 160443
666 1 160611
667 1 160688
668 1 161027
669 1 161437
670 1 161797
671 1 162267
672 1 162565
673 1 162610
674 1 162858
675 1 163178
676 1 163597
677 1 163674
678 1 163942
679 1 164199
680 1 164435
681 1 164546
682 1 164756
683 1 165086
684 1 165516
685 1 165749
686 1 165850
687 1 165992
688 1 166419
689 1 166439
690 1 166613
691 1 166784
692 1 166949
693 1 167344
694 1 167535
695 1 167828
696 1 168254
697 1 168417
698 1 168693
699 1 169016
700 1 169059
701 1 169139
702 1 169392
703 1 169674
704 1 170152
705 1 170584
706 1 170770
707 1 171025
708 1 171285
709 1 171723
710 1 172155
711 1 172531
712 1 172673
713 1 173097
714 1 173132
715 1 173209
716 1 173705
717 1 173844
718 1 173964
719 1 174279
720 1 174746
721 1 174800
722 1 175151
723 1 175410
724 1 175857
725 1 175860
726 1 176308
727 1 176327
728 1 176768
729 1 177166
730 1 177322
731 1 177713
732 1 178124
733 1 178553
734 1 178820
735 1 178867
736 1 179097
737 1 179415
738 1 179754
739 1 179758
740 1 179831
741 1 180102
742 1 180177
743 1 180229
744 1 180373
745 1 180428
746 1 180587
747 1 180806
748 1 181103
749 1 181458
750 1 181670
751 1 182060
752 1 182548
753 1 182568
754 1 182925
755 1 183222
756 1 183711
757 1 184122
758 1 184388
759 1 184857
760 1 185019
761 1 185215
762 1 185705
763 1 185734
764 1 185988
765 1 186356
766 1 186834
767 1 187258
768 1 187606
769 1 187766
770 1 188130
771 1 188611
772 1 188627
773 1 188863
774 1 189047
775 1 189245
776 1 189262
777 1 189320
778 1 189505
779 1 189760
780 1 190020
781 1 190391
782 1 190717
783 1 190938
784 1 191217
785 1 191431
786 1 191907
787 1 192245
788 1 192388
789 1 192604
790 1 192726
791 1 192776
792 1 193151
793 1 193424
794 1 193444
795 1 193687
796 1 193785
797 1 193970
798 1 194130
799 1 194172
800 1 194273
801 1 194292
802 1 194567
803 1 194930
804 1 195061
805 1 195177
806 1 195279
807 1 195371
808 1 195815
809 1 195864
810 1 195987
811 1 196442
812 1 196873
813 1 197370
814 1 197833
815 1 198220
816 1 198304
817 1 198359
818 1 198415
819 1 198903
820 1 198937
821 1 199342
822 1 199722
823 1 200025
824 1 200189
825 1 200380
826 1 200630
827 1 200879
828 1 201041
829 1 201051
830 1 201184
831 1 201554
832 1 201675
833 1 202056
834 1 202088
835 1 202581
836 1 202820
837 1 202862
838 1 203175
839 1 203237
840 1 203243
841 1 203567
842 1 203867
843 1 204216
844 1 204285
845 1 204308
846 1 204542
847 1 204726
848 1 204979
849 1 205447
850 1 205867
851 1 205984
852 1 206440
853 1 206479
854 1 206795
855 1 207171
856 1 207337
857 1 207414
858 1 207677
859 1 208015
860 1 208478
861 1 208558
862 1 208759
863 1 209063
864 1 209537
865 1 209619
866 1 210006
867 1 210480
868 1 210935
869 1 210980
870 1 211134
871 1 211313
872 1 211563
873 1 211771
874 1 212119
875 1 212361
876 1 212806
877 1 212905
878 1 213393
879 1 213827
880 1 214307
881 1 214692
882 1 214972
883 1 215281
884 1 215322
885 1 215630
886 1 216030
887 1 216106
888 1 216251
889 1 216478
890 1 216772
891 1 216809
892 1 217166
893 1 217253
894 1 217706
895 1 218035
896 1 218154
897 1 218399
898 1 218760
899 1 218920
900 1 219195
901 1 219569
902 1 219762
903 1 220054
904 1 220395
905 1 220776
906 1 220793
907 1 220881
908 1 221338
909 1 221542
910 1 221799
911 1 222010
912 1 222099
913 1 222203
914 1 222273
915 1 222577
916 1 222627
917 1 222823
918 1 222840
919 1 223004
920 1 223322
921 1 223639
922 1 224026
923 1 224489
924 1 224939
925 1 224991
926 1 225397
927 1 225601
928 1 225907
929 1 226188
930 1 226332
931 1 226453
932 1 226762
933 1 227254
934 1 227681
935 1 227746
936 1 228045
937 1 228402
938 1 228550
939 1 228944
940 1 229130
941 1 229480
942 1 229550
943 1 229835
944 1 230091
945 1 230473
946 1 230869
947 1 231079
948 1 231148
949 1 231467
950 1 231903
951 1 232302
952 1 232696
953 1 232917
954 1 232995
955 1 233261
956 1 233546
957 1 233907
958 1 234333
959 1 234393
960 1 234756
961 1 234871
962 1 235177
963 1 235355
964 1 235371
965 1 235845
966 1 235907
967 1 235997
968 1 236156
969 1 236328
970 1 236532
971 1 236866
972 1 237256
973 1 237453
974 1 237711
975 1 238077
976 1 238176
977 1 238440
978 1 238554
979 1 238570
980 1 238845
981 1 238905
982 1 239157
983 1 239350
984 1 239643
985 1 240053
986 1 240492
987 1 240984
988 1 241422
989 1 241502
990 1 241598
991 1 241729
992 1 241800
993 1 242220
994 1 242326
995 1 242602
996 1 242923
997 1 243100
998 1 243199
999 1 243210
1000 1 243258
