1 1 5866
2 2 680
3 3 6518
4 4 458
5 5 5430
6 6 1978
7 7 2624
8 2 728
9 2 10178
10 4 1681
11 8 7429
12 9 9553
13 10 7968
14 4 8664
15 6 4354
16 7 8622
17 6 12382
18 5 5848
19 5 7066
20 1 8726
21 3 9358
22 5 10281
23 8 14832
24 10 11949
25 7 15962
26 4 14638
27 1 17469
28 3 17291
29 9 18860
30 2 17699
31 5 15999
32 10 13711
33 6 20495
34 10 23091
35 4 18755
36 8 16479
37 7 24637
38 5 19149
39 8 24218
40 3 19209
41 1 26427
42 2 24373
43 4 18949
44 9 26948
45 4 23961
46 5 27443
47 3 27945
48 6 23898
49 10 27644
50 6 25234
51 4 32754
52 8 24739
53 2 31612
54 7 25071
55 8 34513
56 7 31235
57 6 33798
58 1 29250
59 9 35912
60 5 28760
61 10 30287
62 3 36563
63 5 35684
64 1 34209
65 10 39356
66 7 39495
67 2 39790
68 4 33226
69 4 41979
70 6 43292
71 1 34998
72 8 37718
73 1 44432
74 5 40588
75 9 41887
76 3 39515
77 8 46294
78 10 43995
79 7 41502
80 3 48601
81 2 40374
82 2 48633
83 5 44614
84 7 43057
85 9 43158
86 4 51917
87 7 51390
88 9 44009
89 6 43790
90 6 53462
91 10 48550
92 9 45919
93 1 53599
94 5 46442
95 9 55365
96 8 49314
97 5 54509
98 10 53095
99 3 56722
100 2 50757
101 8 53757
102 2 52622
103 7 57895
104 4 57723
105 2 56867
106 10 57156
107 6 54930
108 1 62099
109 8 53864
110 8 54727
111 5 58862
112 8 63092
113 6 59638
114 9 57698
115 3 62847
116 2 57653
117 10 62863
118 2 64092
119 9 66034
120 4 59557
121 7 65061
122 5 59059
123 5 63023
124 4 68206
125 6 69018
126 1 65055
127 3 68651
128 10 67332
129 5 65355
130 8 67539
131 2 70835
132 1 72007
133 7 71050
134 5 68356
135 9 74204
136 10 71558
137 8 71533
138 4 71171
139 5 73769
140 3 78117
141 6 75339
142 2 72433
143 7 73634
144 4 79473
145 8 73900
146 10 77880
147 1 81396
148 2 79116
149 7 75692
150 5 76912
151 8 81064
152 9 75861
153 6 78707
154 7 83077
155 9 83075
156 5 78467
157 10 82383
158 3 79793
159 5 84253
160 6 85611
161 2 83580
162 4 81410
163 3 83610
164 8 90293
165 1 84342
166 4 86868
167 10 88523
168 9 89805
169 7 89329
170 2 86341
171 3 87713
172 5 88920
173 1 88274
174 6 91786
175 2 95979
176 4 88742
177 3 91739
178 1 88556
179 10 91531
180 1 90981
181 4 95397
182 5 97364
183 7 91015
184 9 96362
185 8 98583
186 1 97434
187 7 100067
188 10 91545
189 10 91589
190 10 96677
191 3 95690
192 6 97828
193 4 105036
194 3 97362
195 2 101129
196 9 101557
197 10 105332
198 3 105787
199 5 102638
200 1 100341
201 6 99460
202 8 99884
203 6 101448
204 8 104017
205 7 108180
206 1 106057
207 2 104475
208 6 106615
209 9 107758
210 5 105413
211 8 111593
212 2 107311
213 4 107145
214 10 105485
215 5 114497
216 10 107606
217 3 114669
218 1 107010
219 6 115145
220 1 114511
221 4 107203
222 4 109875
223 2 115661
224 10 111200
225 9 113026
226 7 109861
227 7 111409
228 4 113818
229 10 120698
230 7 120793
231 8 121475
232 9 119918
233 4 123497
234 5 120966
235 1 117967
236 3 117329
237 6 121227
238 2 124702
239 3 122032
240 1 118957
241 1 125666
242 9 127910
243 10 126672
244 7 126640
245 5 122464
246 6 129990
247 8 130179
248 3 125466
249 5 127697
250 4 127836
251 2 129216
252 3 132417
253 1 131863
254 7 136590
255 10 132697
256 5 133663
257 4 136229
258 9 132723
259 2 137810
260 6 131074
261 8 135244
262 6 135625
263 1 141435
264 3 137749
265 10 139169
266 9 137050
267 5 136002
268 8 142951
269 6 144114
270 5 141796
271 4 137715
272 7 140483
273 9 142174
274 4 140169
275 3 141073
276 2 145178
277 10 143208
278 4 143588
279 7 142296
280 3 146461
281 1 142261
282 5 145051
283 9 149274
284 1 150568
285 7 146253
286 8 144861
287 10 152112
288 4 145802
289 6 149103
290 8 149959
291 5 151466
292 2 147644
293 4 154767
294 7 152266
295 3 154034
296 2 157234
297 6 155276
298 9 158141
299 8 154197
300 1 154197
301 5 157674
302 10 161117
303 7 154113
304 3 159508
305 7 154870
306 1 156114
307 8 154872
308 4 155962
309 7 159426
310 8 156098
311 6 158090
312 4 158739
313 8 160171
314 1 158688
315 2 166875
316 5 163060
317 6 166753
318 9 159817
319 1 163941
320 4 167366
321 7 168784
322 3 166980
323 9 162513
324 8 167682
325 10 166868
326 9 162768
327 9 164357
328 5 169033
329 1 169987
330 9 168094
331 6 167458
332 10 176663
333 2 171750
334 3 169057
335 4 169786
336 6 171287
337 8 174564
338 9 169256
339 7 172310
340 5 176203
341 3 176465
342 9 171253
343 4 176141
344 1 175774
345 9 177181
346 6 177730
347 2 179275
348 7 181159
349 8 177081
350 1 181630
351 4 180488
352 5 178076
353 3 178344
354 10 182254
355 8 183133
356 9 178011
357 6 181087
358 9 184398
359 5 184644
360 3 178796
361 3 182971
362 2 185225
363 4 180690
364 4 181971
365 6 182205
366 7 187460
367 1 184408
368 4 189325
369 6 188066
370 10 182258
371 10 188538
372 3 188964
373 8 189240
374 9 188034
375 1 193921
376 5 191862
377 2 186349
378 2 194517
379 7 193259
380 9 192498
381 6 191601
382 10 188964
383 3 192626
384 10 197920
385 8 197972
386 4 196982
387 6 194249
388 5 201585
389 9 194808
390 3 200493
391 7 193965
392 1 197909
393 7 202121
394 6 200607
395 2 201255
396 9 199467
397 4 200483
398 1 198905
399 10 198076
400 8 200270
401 10 198510
402 10 201101
403 1 204813
404 9 203402
405 8 209539
406 4 201767
407 3 201570
408 6 207846
409 10 209325
410 2 205072
411 3 206913
412 5 205309
413 4 208045
414 7 210985
415 9 209549
416 1 209290
417 2 205482
418 5 213714
419 2 212307
420 3 209946
421 6 214011
422 4 208843
423 4 213144
424 1 214119
425 10 210357
426 8 216034
427 9 217328
428 3 218880
429 10 217863
430 7 216436
431 2 220712
432 4 221689
433 5 216310
434 6 220567
435 1 221595
436 8 223395
437 5 220821
438 7 216632
439 7 223141
440 9 225018
441 10 222197
442 3 223969
443 6 225915
444 2 221896
445 5 221265
446 5 222184
447 1 229059
448 4 231537
449 2 228946
450 5 225773
451 10 229787
452 7 227706
453 8 225693
454 3 233628
455 9 232462
456 8 229459
457 5 234016
458 6 231021
459 7 227831
460 7 234182
461 2 230347
462 1 236029
463 8 238447
464 10 236597
465 2 238933
466 6 231368
467 6 238185
468 4 237369
469 9 236861
470 3 242366
471 5 241109
472 7 234292
473 7 239544
474 1 242026
475 10 246133
476 9 246161
477 4 242300
478 6 243046
479 8 248419
480 2 238946
481 2 242198
482 7 247948
483 5 243419
484 1 246228
485 2 247329
486 4 249698
487 3 243791
488 6 249173
489 5 250785
490 3 247465
491 10 254118
492 9 250714
493 1 254920
494 2 252876
495 3 252703
496 7 254267
497 8 248583
498 8 253167
499 6 250449
500 4 257273
501 6 251722
502 9 250910
503 5 258430
504 9 252868
505 6 261469
506 3 258557
507 9 260813
508 2 255182
509 8 254192
510 10 258219
511 8 258320
512 7 257110
513 1 259339
514 2 262846
515 7 263803
516 4 262299
517 10 267271
518 8 266393
519 5 263977
520 3 265066
521 1 261483
522 9 266001
523 6 268766
524 1 268728
525 4 268309
526 2 264812
527 7 270789
528 5 271634
529 2 273499
530 3 274716
531 9 270508
532 8 272741
533 10 272784
534 4 270481
535 1 269161
536 6 272593
537 1 273043
538 4 278929
539 9 274830
540 7 272135
541 5 278887
542 7 273441
543 6 274949
544 8 274777
545 10 276522
546 1 273415
547 1 276471
548 7 275625
549 2 275447
550 3 278035
551 8 282084
552 9 277257
553 6 279383
554 2 279601
555 7 280683
556 1 284759
557 10 281408
558 9 286620
559 3 284846
560 5 281709
561 4 286334
562 6 283813
563 2 285158
564 7 283804
565 10 288944
566 5 285139
567 8 289855
568 7 290397
569 6 287330
570 1 285452
571 3 294116
572 5 288006
573 2 292361
574 1 287669
575 4 295042
576 9 287359
577 6 290090
578 9 289558
579 1 293632
580 5 294261
581 10 293287
582 9 292497
583 8 299752
584 6 290101
585 6 298413
586 7 297226
587 2 298895
588 9 298719
589 10 297571
590 1 302755
591 3 294407
592 5 299912
593 3 304132
594 4 296113
595 4 303483
596 7 306931
597 10 298148
598 10 298789
599 6 305337
600 9 299797
601 10 300144
602 2 300678
603 8 300617
604 9 303924
605 5 309068
606 10 306832
607 8 301465
608 2 306798
609 8 301469
610 8 305367
611 1 307443
612 4 303759
613 4 305450
614 9 309728
615 3 306052
616 6 311780
617 8 313971
618 4 308415
619 3 306107
620 3 315732
621 2 308315
622 10 311078
623 7 314682
624 1 311793
625 2 311727
626 4 313842
627 5 311190
628 9 319002
629 10 319635
630 5 313147
631 2 320367
632 6 312936
633 1 318024
634 6 320005
635 5 313264
636 5 320571
637 4 318154
638 8 314038
639 8 321633
640 7 319883
641 3 323910
642 1 321032
643 4 321208
644 9 322519
645 10 319798
646 10 327118
647 7 323650
648 6 327086
649 2 323170
650 5 329956
651 1 321820
652 4 321515
653 4 322918
654 8 326252
655 1 330748
656 9 323095
657 4 324912
658 9 332495
659 2 328368
660 7 325866
661 3 332845
662 4 332921
663 7 329358
664 8 326445
665 8 333634
666 6 329709
667 10 336942
668 2 330184
669 7 337563
670 6 337409
671 5 333331
672 2 331252
673 1 337061
674 2 337211
675 9 336047
676 3 339742
677 4 333000
678 4 342709
679 5 336474
680 8 340847
681 9 340280
682 5 345878
683 10 340980
684 1 339562
685 2 338220
686 6 342505
687 7 340740
688 2 343952
689 1 343397
690 3 345513
691 9 347115
692 7 346389
693 8 341664
694 10 344874
695 8 345674
696 6 346613
697 4 351345
698 1 350569
699 2 346049
700 10 350852
701 3 353247
702 8 348977
703 5 353437
704 2 351850
705 7 346482
706 7 352087
707 6 355165
708 9 357018
709 8 358005
710 1 354110
711 10 356288
712 4 353819
713 2 357448
714 7 358598
715 3 360749
716 5 353708
717 5 360003
718 4 361596
719 1 363526
720 6 360354
721 10 365443
722 9 364154
723 2 360097
724 8 365951
725 7 362388
726 5 369440
727 2 362697
728 6 369081
729 3 366202
730 4 368046
731 7 364114
732 2 363873
733 1 364657
734 2 366581
735 7 366243
736 9 372917
737 1 372852
738 10 366975
739 8 374324
740 3 368706
741 7 368408
742 2 368399
743 10 370626
744 4 374187
745 2 374470
746 7 375699
747 3 368718
748 3 372606
749 6 369157
750 6 375593
751 5 372607
752 10 377570
753 3 380691
754 5 373781
755 1 380798
756 9 376488
757 5 374169
758 5 376546
759 4 379237
760 8 376210
761 2 376804
762 6 378910
763 7 378007
764 8 377313
765 9 380669
766 5 385768
767 2 376905
768 2 385997
769 8 379633
770 10 384892
771 7 383941
772 6 386550
773 4 384162
774 8 384042
775 9 382523
776 3 385964
777 1 382076
778 1 385614
779 9 386880
780 7 393905
781 8 393470
782 4 389238
783 10 390569
784 1 395354
785 5 388416
786 3 390367
787 2 395934
788 6 390017
789 9 390358
790 5 389388
791 4 398229
792 5 389943
793 5 390342
794 6 395499
795 5 395470
796 9 394948
797 3 396716
798 10 397443
799 8 396446
800 7 399582
801 9 402060
802 1 397715
803 5 398261
804 6 403126
805 2 396719
806 8 401796
807 3 401711
808 2 405859
809 10 399758
810 1 403502
811 4 403677
812 5 402909
813 7 403193
814 10 401831
815 3 404297
816 8 403880
817 10 408865
818 9 406307
819 5 407680
820 6 413122
821 7 412501
822 1 407369
823 4 412750
824 8 412924
825 3 405231
826 3 406431
827 2 407408
828 9 409854
829 3 410597
830 1 411436
831 2 408194
832 5 409138
833 2 416579
834 10 413991
835 5 416233
836 9 416917
837 3 416629
838 1 420912
839 7 419847
840 4 414920
841 8 418937
842 6 418156
843 10 417546
844 4 423201
845 5 423456
846 2 417386
847 3 423810
848 9 425335
849 2 419926
850 10 426864
851 6 423040
852 8 426631
853 7 426082
854 2 423515
855 1 429462
856 6 425606
857 4 430116
858 5 423933
859 2 432250
860 3 429984
861 5 432149
862 9 429436
863 6 432019
864 7 429256
865 8 434247
866 10 430625
867 7 433374
868 9 436624
869 1 432019
870 3 433121
871 4 437471
872 10 432831
873 1 436201
874 6 441997
875 5 439915
876 2 432632
877 2 437185
878 10 438364
879 3 440391
880 7 437162
881 8 436860
882 1 446007
883 9 443700
884 8 446249
885 7 440925
886 2 438788
887 4 437480
888 4 437684
889 4 445076
890 10 439000
891 2 445373
892 10 443513
893 5 445610
894 3 443294
895 7 441559
896 7 444585
897 6 451861
898 3 449494
899 10 450792
900 9 447259
901 7 452571
902 4 452866
903 2 452625
904 5 449480
905 1 449078
906 8 453558
907 9 454016
908 1 455574
909 5 454925
910 3 452709
911 10 451253
912 10 457268
913 6 456158
914 7 458133
915 2 462596
916 3 461927
917 4 455018
918 8 461054
919 9 459045
920 5 462441
921 4 457284
922 1 457016
923 6 463074
924 1 465494
925 10 461398
926 4 462527
927 7 468086
928 9 468284
929 8 465763
930 10 462834
931 3 468798
932 5 468856
933 4 464261
934 2 470159
935 10 467353
936 6 471285
937 4 470511
938 1 468817
939 8 466907
940 8 476004
941 10 471806
942 7 473497
943 9 470862
944 3 477823
945 1 469913
946 5 472499
947 1 474636
948 2 478839
949 4 478545
950 9 471897
951 6 473796
952 10 477760
953 9 481554
954 5 481156
955 7 477380
956 6 480529
957 1 484031
958 8 484122
959 7 477745
960 7 479954
961 10 481699
962 3 484028
963 4 479558
964 2 481591
965 4 488270
966 7 485275
967 6 482608
968 5 490733
969 9 481897
970 2 486619
971 10 489803
972 9 488863
973 6 490736
974 3 486187
975 1 490145
976 8 493420
977 7 488640
978 3 495982
979 2 490806
980 4 492841
981 7 489850
982 9 492544
983 10 498039
984 7 495808
985 1 490537
986 1 498248
987 5 493462
988 6 495485
989 2 490807
990 2 494953
991 9 499502
992 4 498930
993 8 493988
994 5 494190
995 8 501254
996 5 499532
997 2 501753
998 6 503149
999 7 500432
1000 3 505561
1001 10 506999
1002 1 502838
1003 4 506951
1004 9 499694
1005 5 502275
1006 9 504998
1007 7 509946
1008 8 510612
1009 2 509627
1010 5 512135
1011 1 504756
1012 6 505803
1013 1 510579
1014 9 508352
1015 3 505615
1016 3 510408
1017 6 511955
1018 4 511784
1019 10 513976
1020 9 511426
1021 2 514280
1022 7 512505
1023 3 517158
1024 1 516003
1025 8 518399
1026 9 515753
1027 4 517673
1028 6 516215
1029 5 516975
1030 7 520616
1031 10 522581
1032 2 516708
1033 9 519016
1034 1 524382
1035 6 522564
1036 2 518486
1037 5 518499
1038 3 522877
1039 4 523928
1040 8 528157
1041 2 525848
1042 5 528357
1043 9 524649
1044 7 529198
1045 6 526344
1046 10 529661
1047 3 528546
1048 4 526960
1049 1 534030
1050 9 527688
1051 2 529165
1052 6 535664
1053 4 535204
1054 9 537075
1055 8 531384
1056 5 530395
1057 3 535723
1058 2 535108
1059 7 531364
1060 10 533688
1061 5 536934
1062 7 535037
1063 8 537243
1064 10 539510
1065 1 536135
1066 7 535327
1067 2 543320
1068 4 543551
1069 7 540180
1070 6 537886
1071 3 539629
1072 1 545279
1073 5 543883
1074 9 537589
1075 8 538180
1076 9 538900
1077 6 540087
1078 8 548155
1079 9 544774
1080 10 547135
1081 3 548197
1082 6 548039
1083 7 546932
1084 2 545839
1085 4 548628
1086 5 551854
1087 9 552473
1088 1 554231
1089 2 549437
1090 7 556526
1091 10 550558
1092 6 557558
1093 8 555783
1094 3 552311
1095 4 553739
1096 2 549829
1097 2 554103
1098 10 551880
1099 5 553659
1100 10 560030
1101 3 555483
1102 9 557541
1103 5 560164
1104 4 562497
1105 2 556321
1106 1 561995
1107 3 565372
1108 8 559446
1109 2 561484
1110 7 561174
1111 9 565450
1112 6 566817
1113 8 563684
1114 10 564017
1115 5 560490
1116 5 564398
1117 7 566167
1118 2 564423
1119 1 570802
1120 4 566995
1121 8 572596
1122 10 565654
1123 5 570215
1124 2 573892
1125 3 572475
1126 9 574974
1127 10 573584
1128 7 573085
1129 6 575462
1130 4 576236
1131 5 578299
1132 1 577015
1133 3 572991
1134 8 573907
1135 3 573967
1136 7 577545
1137 10 575556
1138 2 578051
1139 8 581220
1140 3 575207
1141 9 582782
1142 3 580370
1143 6 581702
1144 10 577798
1145 4 577465
1146 1 579951
1147 4 586101
1148 7 582303
1149 10 587783
1150 2 582430
1151 5 581789
1152 1 586604
1153 3 587917
1154 8 588634
1155 6 584547
1156 5 581857
1157 5 582813
1158 7 588867
1159 2 588751
1160 9 584326
1161 5 592479
1162 9 588996
1163 6 589864
1164 4 586521
1165 4 591044
1166 1 592953
1167 10 592171
1168 3 596241
1169 8 589819
1170 2 591026
1171 7 589895
1172 9 593514
1173 8 592352
1174 6 596807
1175 7 598923
1176 2 592604
1177 4 594161
1178 10 601591
1179 8 600059
1180 5 600079
1181 2 602380
1182 1 599240
1183 9 593875
1184 9 595665
1185 4 594258
1186 4 596792
1187 9 604026
1188 3 604470
1189 4 604590
1190 6 600005
1191 7 608076
1192 1 599544
1193 1 600370
1194 6 603954
1195 8 605133
1196 5 606893
1197 1 601867
1198 10 601716
1199 10 602186
1200 1 602985
1201 10 606833
1202 2 609899
1203 1 611408
1204 6 607839
1205 9 613670
1206 3 608192
1207 4 612183
1208 8 612497
1209 10 612819
1210 5 606944
1211 5 615949
1212 6 610366
1213 7 612337
1214 3 614326
1215 2 618501
1216 6 617071
1217 1 617966
1218 4 612601
1219 7 621886
1220 8 620864
1221 4 619001
1222 10 615482
1223 9 615440
1224 3 615230
1225 3 616394
1226 9 622632
1227 10 620814
1228 5 620117
1229 3 623196
1230 6 619298
1231 1 623284
1232 2 623769
1233 4 621000
1234 6 621210
1235 5 622022
1236 10 624047
1237 8 622077
1238 4 626171
1239 6 621831
1240 6 624680
1241 7 625140
1242 5 628564
1243 8 623664
1244 9 630240
1245 3 623761
1246 1 628940
1247 8 629522
1248 3 626501
1249 2 629382
1250 10 627851
1251 6 634413
1252 7 629135
1253 4 627542
1254 3 635550
1255 4 634311
1256 10 637104
1257 5 632634
1258 1 636615
1259 7 638289
1260 2 638402
1261 8 630177
1262 8 637704
1263 9 637705
1264 5 638614
1265 4 642432
1266 6 640270
1267 3 636511
1268 3 642388
1269 1 642027
1270 10 645370
1271 8 645538
1272 9 646960
1273 7 641774
1274 2 647853
1275 5 644575
1276 6 649368
1277 7 644610
1278 1 644818
1279 3 647641
1280 4 642936
1281 4 645168
1282 5 647073
1283 7 648853
1284 1 654143
1285 4 650380
1286 10 646719
1287 8 654612
1288 10 647576
1289 9 651921
1290 5 652519
1291 10 657438
1292 3 651963
1293 2 650573
1294 7 658624
1295 6 654292
1296 4 653989
1297 2 656820
1298 9 661353
1299 3 653300
1300 5 662418
1301 3 660051
1302 4 656136
1303 1 661082
1304 6 654551
1305 6 655320
1306 8 659591
1307 6 663063
1308 4 661823
1309 2 664405
1310 10 665209
1311 7 659667
1312 8 661052
1313 7 660324
1314 3 667075
1315 7 667308
1316 8 666017
1317 1 661194
1318 1 665040
1319 9 669572
1320 4 666674
1321 5 663960
1322 6 665130
1323 5 667360
1324 2 672892
1325 1 673199
1326 6 665197
1327 6 665886
1328 10 672763
1329 6 671718
1330 8 673108
1331 4 667476
1332 3 669796
1333 7 674164
1334 5 675901
1335 4 668611
1336 4 672099
1337 9 675481
1338 3 674466
1339 6 672255
1340 4 680330
1341 6 673226
1342 10 677955
1343 2 679572
1344 8 676416
1345 1 675943
1346 6 678567
1347 7 674849
1348 3 682174
1349 7 675292
1350 7 677370
1351 9 679492
1352 5 677469
1353 1 680016
1354 8 685627
1355 7 679186
1356 5 685714
1357 10 683415
1358 6 684931
1359 7 686217
1360 9 683282
1361 2 681145
1362 1 682377
1363 4 684743
1364 2 682801
1365 3 683436
1366 1 684034
1367 2 685436
1368 9 692551
1369 10 686180
1370 3 686964
1371 1 687014
1372 4 693537
1373 6 686502
1374 2 688993
1375 8 687119
1376 5 694880
1377 10 691164
1378 7 686449
1379 7 695890
1380 6 694249
1381 3 693668
1382 1 688888
1383 8 690956
1384 1 689076
1385 2 690272
1386 1 691443
1387 2 690557
1388 2 699099
1389 8 691158
1390 8 697699
1391 10 694241
1392 1 698420
1393 9 696313
1394 4 699268
1395 3 702634
1396 10 697024
1397 6 694965
1398 5 697926
1399 6 700582
1400 7 704017
1401 9 697071
1402 10 698673
1403 9 706587
1404 8 697714
1405 8 702160
1406 5 700236
1407 1 702450
1408 10 706216
1409 2 701702
1410 4 706797
1411 5 705211
1412 6 701478
1413 6 710782
1414 2 702322
1415 8 711665
1416 2 710500
1417 1 711759
1418 3 706325
1419 7 711549
1420 5 715090
1421 10 712740
1422 3 708142
1423 9 716043
1424 4 711197
1425 3 710544
1426 2 712505
1427 3 717631
1428 6 719089
1429 4 716519
1430 7 719891
1431 8 719007
1432 1 719470
1433 2 718019
1434 10 722568
1435 5 717386
1436 9 721106
1437 4 725882
1438 5 719900
1439 3 724087
1440 2 721540
1441 8 722196
1442 6 728544
1443 1 728951
1444 7 726198
1445 5 725313
1446 9 726558
1447 2 721990
1448 2 726112
1449 8 725337
1450 10 729931
1451 3 732937
1452 5 729505
1453 8 733810
1454 4 731145
1455 2 733287
1456 7 734990
1457 9 728203
1458 9 731831
1459 6 731453
1460 1 737844
1461 5 732468
1462 10 731175
1463 4 734938
1464 10 738177
1465 6 736749
1466 9 733011
1467 5 740886
1468 3 738992
1469 9 739704
1470 2 733341
1471 2 739440
1472 8 737922
1473 4 741039
1474 7 742849
1475 6 743200
1476 1 741430
1477 8 740361
1478 10 743591
1479 3 746037
1480 2 743506
1481 9 749088
1482 8 748983
1483 5 746687
1484 4 743976
1485 1 749937
1486 7 746655
1487 6 752873
1488 2 746503
1489 10 752249
1490 4 751297
1491 3 750067
1492 2 748767
1493 7 747275
1494 5 746700
1495 5 752508
1496 7 757190
1497 2 753278
1498 8 757344
1499 9 757780
1500 1 759273
1501 3 750824
1502 3 756695
1503 4 754371
1504 10 752806
1505 5 758766
1506 10 756775
1507 6 759790
1508 2 757026
1509 4 762555
1510 3 762300
1511 10 764342
1512 2 758433
1513 7 762237
1514 8 762254
1515 9 758791
1516 2 761448
1517 5 766039
1518 9 766025
1519 1 766295
1520 6 762285
1521 2 768870
1522 7 765856
1523 8 771535
1524 6 771210
1525 3 764799
1526 4 767874
1527 10 766329
1528 3 773083
1529 7 770632
1530 9 769095
1531 5 771082
1532 1 773621
1533 10 768664
1534 4 771808
1535 10 769917
1536 2 769813
1537 9 770253
1538 2 776473
1539 10 770174
1540 10 772045
1541 9 773987
1542 7 773939
1543 5 771875
1544 6 777008
1545 8 772205
1546 4 772733
1547 5 778003
1548 10 772465
1549 8 775895
1550 10 781764
1551 4 778715
1552 3 773739
1553 1 775042
1554 3 782071
1555 7 777172
1556 9 777689
1557 1 784168
1558 8 784565
1559 2 784924
1560 6 782835
1561 7 785466
1562 9 779265
1563 5 778736
1564 4 783067
1565 5 785657
1566 9 782312
1567 10 789608
1568 3 791999
1569 9 790420
1570 6 790972
1571 4 784144
1572 4 788650
1573 1 792625
1574 8 791262
1575 2 794594
1576 7 785615
1577 7 793794
1578 5 788141
1579 5 792268
1580 4 797520
1581 10 793397
1582 9 796136
1583 6 796509
1584 8 792934
1585 3 794366
1586 5 797273
1587 1 802113
1588 8 794122
1589 10 797690
1590 7 793862
1591 7 801540
1592 8 797471
1593 3 799795
1594 2 803445
1595 9 805987
1596 6 801848
1597 5 801531
1598 8 801176
1599 4 801332
1600 10 797936
1601 10 800980
1602 3 804083
1603 10 808843
1604 8 809336
1605 4 809559
1606 5 810472
1607 7 811035
1608 6 805571
1609 1 802590
1610 1 806436
1611 2 813342
1612 3 808242
1613 6 812505
1614 9 811228
1615 1 806501
1616 1 807424
1617 1 808573
1618 3 809148
1619 1 812319
1620 10 817903
1621 3 809202
1622 3 817381
1623 8 817244
1624 4 814612
1625 5 812456
1626 7 816957
1627 9 819651
1628 1 818910
1629 5 818418
1630 6 813881
1631 2 820509
1632 6 815694
1633 4 820646
1634 6 819710
1635 7 820221
1636 8 825337
1637 3 821283
1638 10 825920
1639 5 822288
1640 1 825702
1641 9 821092
1642 6 824300
1643 7 823732
1644 2 822178
1645 4 829264
1646 9 826928
1647 3 828885
1648 2 827795
1649 5 830692
1650 7 833616
1651 6 825886
1652 8 835015
1653 1 828917
1654 6 826293
1655 10 832765
1656 6 830798
1657 9 827714
1658 9 833110
1659 2 832193
1660 3 837887
1661 1 838783
1662 4 831665
1663 5 837494
1664 6 837928
1665 4 835686
1666 2 832953
1667 10 842258
1668 2 835443
1669 9 836302
1670 7 837273
1671 8 838634
1672 2 845027
1673 4 836576
1674 9 839909
1675 4 839717
1676 7 843784
1677 5 841643
1678 3 838666
1679 6 839195
1680 8 841226
1681 3 847590
1682 1 845867
1683 6 841998
1684 4 849170
1685 9 849054
1686 8 843980
1687 5 849283
1688 6 844696
1689 10 844848
1690 7 847253
1691 8 853105
1692 6 849604
1693 10 854170
1694 2 853769
1695 1 854342
1696 7 854754
1697 3 848643
1698 3 849340
1699 9 856822
1700 4 857437
1701 5 856532
1702 3 852132
1703 6 855552
1704 3 859432
1705 8 857972
1706 2 861680
1707 10 859235
1708 1 856316
1709 7 855968
1710 6 860846
1711 7 855971
1712 7 865924
1713 1 856801
1714 5 858875
1715 1 861515
1716 9 859857
1717 4 861106
1718 8 864000
1719 5 868393
1720 10 859262
1721 10 862227
1722 3 861235
1723 9 863682
1724 6 861799
1725 4 870399
1726 3 867127
1727 1 863353
1728 2 863822
1729 6 868126
1730 10 865258
1731 1 871641
1732 9 867127
1733 2 873702
1734 8 864181
1735 8 872606
1736 10 871884
1737 7 869691
1738 3 868372
1739 9 872357
1740 6 876975
1741 3 874715
1742 5 878310
1743 7 870467
1744 4 872138
1745 7 874591
1746 1 880014
1747 10 874145
1748 4 879828
1749 9 872887
1750 8 874290
1751 9 874911
1752 2 874349
1753 10 880232
1754 8 877461
1755 2 877088
1756 7 879728
1757 3 880326
1758 9 878741
1759 6 884657
1760 2 879994
1761 8 879038
1762 5 885909
1763 9 884627
1764 8 888062
1765 7 881307
1766 4 882231
1767 2 880699
1768 1 884602
1769 10 881132
1770 3 884754
1771 2 888283
1772 10 888975
1773 7 883648
1774 4 891687
1775 7 884380
1776 7 889453
1777 1 887594
1778 9 893827
1779 6 886548
1780 3 891939
1781 5 890781
1782 6 892033
1783 1 897201
1784 8 891523
1785 2 895438
1786 10 896222
1787 7 896021
1788 5 895479
1789 8 894818
1790 4 898396
1791 3 896954
1792 6 900197
1793 9 898990
1794 8 897503
1795 2 904406
1796 5 902780
1797 7 904239
1798 10 897038
1799 3 902367
1800 10 897115
1801 10 902429
1802 1 906395
1803 8 898731
1804 4 901692
1805 8 902331
1806 9 906401
1807 6 908445
1808 4 905152
1809 8 910472
1810 3 905991
1811 10 911205
1812 5 905033
1813 7 911359
1814 2 907373
1815 5 909239
1816 4 906552
1817 3 910756
1818 1 912113
1819 9 916330
1820 4 916021
1821 2 916516
1822 6 914851
1823 5 914564
1824 8 915866
1825 3 913450
1826 10 920866
1827 7 913882
1828 1 912736
1829 1 922682
1830 3 923088
1831 7 919395
1832 5 917959
1833 6 916978
1834 8 923160
1835 4 924095
1836 9 922345
1837 2 924495
1838 6 917386
1839 6 919850
1840 5 920320
1841 7 922042
1842 6 927935
1843 5 929240
1844 10 927395
1845 7 925086
1846 9 925926
1847 1 925942
1848 3 926488
1849 8 932310
1850 4 928704
1851 2 929142
1852 7 933517
1853 9 927703
1854 1 927160
1855 3 932942
1856 1 927814
1857 10 931382
1858 9 934285
1859 1 936387
1860 6 928420
1861 6 932919
1862 4 932713
1863 2 937308
1864 5 935426
1865 10 935079
1866 8 932773
1867 4 939017
1868 8 938881
1869 6 941726
1870 3 938858
1871 7 941867
1872 9 939665
1873 10 936631
1874 5 942156
1875 1 945228
1876 10 946519
1877 2 939517
1878 3 940258
1879 8 941547
1880 4 943611
1881 2 947471
1882 9 940810
1883 3 949506
1884 9 942463
1885 8 946944
1886 6 943303
1887 7 949801
1888 5 943832
1889 9 944604
1890 6 948912
1891 4 951222
1892 5 951147
1893 9 949903
1894 1 950370
1895 10 948175
1896 8 953115
1897 2 954345
1898 10 953360
1899 6 957311
1900 3 955691
1901 7 956332
1902 9 956833
1903 1 959451
1904 5 958938
1905 4 958888
1906 8 958761
1907 10 956088
1908 2 962997
1909 3 965611
1910 10 961235
1911 7 961626
1912 9 964326
1913 6 962220
1914 8 960143
1915 4 965216
1916 5 965722
1917 1 968223
1918 8 965010
1919 10 966508
1920 7 961659
1921 7 966165
1922 6 964007
1923 2 966107
1924 6 964843
1925 9 972114
1926 6 967333
1927 8 972749
1928 4 974183
1929 3 971697
1930 5 969401
1931 2 967868
1932 7 974282
1933 10 967251
1934 10 973491
1935 6 972019
1936 2 968198
1937 2 973245
1938 1 977679
1939 5 976869
1940 3 981491
1941 6 981398
1942 9 975498
1943 8 974615
1944 2 973817
1945 10 978640
1946 2 974319
1947 4 975985
1948 7 981694
1949 2 979556
1950 8 981790
1951 9 984803
1952 4 985653
1953 5 977035
1954 5 981081
1955 1 985595
1956 10 984972
1957 2 984840
1958 5 990384
1959 6 990961
1960 3 990231
1961 7 989478
1962 8 984805
1963 9 991980
1964 8 989783
1965 2 992621
1966 10 989518
1967 1 993531
1968 4 995028
1969 7 997185
1970 10 989566
1971 10 993413
1972 8 995500
1973 3 992213
1974 5 996188
1975 6 996460
1976 9 1001115
1977 3 995949
1978 2 992897
1979 2 998135
1980 10 996440
1981 1 1000459
1982 4 999293
1983 8 1000877
1984 3 1001128
1985 5 1003694
1986 10 998089
1987 6 1002342
1988 7 1006876
1989 10 1003695
1990 2 1007544
1991 4 1007759
1992 1 1001188
1993 8 1004394
1994 9 1008236
1995 3 1003209
1996 1 1005882
1997 6 1009854
1998 3 1005413
1999 5 1009403
2000 10 1008678
2001 8 1012442
2002 3 1012185
2003 1 1012666
2004 7 1008934
2005 2 1010993
2006 4 1014289
2007 9 1013199
2008 10 1017507
2009 7 1011795
2010 5 1012970
2011 6 1019634
2012 2 1019353
2013 7 1017217
2014 3 1017593
2015 8 1014624
2016 1 1016373
2017 5 1019783
2018 9 1016511
2019 4 1021068
2020 8 1020232
2021 1 1017429
2022 9 1024968
2023 7 1019275
2024 1 1025224
2025 10 1024073
2026 3 1027201
2027 7 1026373
2028 2 1022120
2029 6 1025698
2030 5 1027543
2031 8 1023468
2032 4 1026895
2033 2 1028902
2034 8 1029800
2035 10 1029951
2036 9 1025947
2037 1 1030260
2038 6 1028219
2039 9 1034879
2040 7 1028677
2041 4 1034125
2042 3 1031326
2043 5 1034076
2044 6 1037200
2045 7 1035560
2046 2 1033870
2047 8 1031397
2048 10 1036625
2049 1 1035365
2050 3 1034331
2051 8 1039735
2052 2 1038074
2053 5 1043947
2054 4 1035038
2055 3 1041125
2056 9 1042233
2057 4 1043932
2058 1 1040434
2059 7 1037923
2060 10 1040122
2061 6 1037763
2062 6 1040670
2063 7 1041841
2064 2 1038925
2065 2 1047624
2066 8 1043607
2067 10 1048264
2068 1 1043950
2069 6 1040716
2070 6 1046561
2071 3 1046486
2072 7 1045102
2073 9 1045375
2074 8 1053002
2075 4 1048865
2076 5 1045162
2077 1 1051315
2078 7 1045997
2079 5 1054907
2080 9 1051632
2081 7 1050372
2082 3 1047917
2083 6 1052308
2084 2 1053394
2085 3 1050347
2086 10 1054371
2087 4 1051813
2088 3 1055636
2089 7 1051973
2090 1 1059192
2091 9 1059080
2092 4 1055575
2093 7 1054840
2094 6 1054437
2095 8 1061035
2096 2 1058318
2097 10 1060771
2098 6 1060164
2099 7 1061964
2100 5 1062185
2101 4 1058315
2102 3 1057150
2103 3 1057290
2104 3 1059723
2105 4 1067238
2106 2 1067008
2107 9 1067275
2108 1 1068871
2109 3 1069502
2110 6 1062151
2111 10 1066941
2112 8 1064742
2113 7 1063505
2114 6 1065238
2115 5 1069711
2116 7 1069513
2117 8 1072585
2118 6 1074104
2119 10 1071572
2120 2 1072910
2121 4 1070796
2122 9 1076956
2123 1 1069364
2124 1 1078430
2125 3 1075082
2126 7 1071766
2127 5 1079138
2128 4 1080517
2129 10 1072832
2130 7 1074061
2131 8 1078059
2132 10 1080806
2133 2 1082772
2134 7 1076448
2135 6 1078406
2136 3 1080979
2137 7 1078376
2138 9 1082858
2139 8 1080574
2140 7 1087933
2141 6 1086493
2142 1 1081015
2143 5 1087217
2144 4 1088032
2145 8 1082334
2146 10 1089168
2147 3 1084914
2148 1 1085579
2149 8 1084237
2150 2 1086770
2151 9 1089540
2152 8 1090414
2153 3 1086360
2154 1 1094610
2155 3 1087034
2156 6 1094806
2157 2 1092005
2158 3 1092957
2159 5 1087888
2160 5 1092530
2161 7 1095963
2162 4 1088343
2163 4 1093544
2164 10 1092660
2165 9 1097502
2166 8 1094719
2167 2 1093787
2168 5 1096795
2169 10 1097657
2170 3 1097640
2171 4 1100927
2172 2 1097067
2173 1 1100164
2174 8 1096752
2175 6 1100589
2176 7 1098689
2177 8 1101590
2178 5 1104598
2179 2 1105329
2180 9 1100656
2181 3 1102920
2182 10 1103177
2183 7 1100221
2184 1 1108743
2185 7 1105310
2186 6 1102719
2187 9 1108348
2188 4 1105633
2189 8 1110890
2190 6 1103981
2191 3 1111527
2192 10 1103536
2193 10 1111596
2194 6 1110002
2195 5 1108292
2196 7 1114225
2197 2 1113564
2198 4 1114512
2199 5 1108544
2200 9 1109784
2201 5 1111754
2202 1 1112457
2203 9 1113391
2204 6 1114464
2205 8 1114777
2206 3 1118152
2207 10 1120956
2208 5 1119199
2209 1 1117369
2210 9 1115096
2211 2 1118382
2212 7 1122129
2213 6 1122940
2214 4 1123065
2215 8 1123833
2216 9 1119613
2217 1 1123424
2218 3 1118829
2219 2 1123046
2220 3 1126184
2221 5 1126160
2222 9 1128866
2223 10 1122678
2224 7 1130213
2225 10 1127638
2226 6 1128549
2227 2 1129604
2228 4 1131878
2229 1 1127756
2230 8 1127542
2231 5 1130894
2232 3 1133079
2233 8 1133401
2234 10 1137111
2235 1 1130458
2236 6 1130587
2237 9 1137902
2238 2 1133178
2239 7 1130643
2240 1 1132689
2241 6 1130720
2242 7 1131465
2243 6 1134304
2244 5 1139269
2245 7 1134732
2246 4 1139898
2247 1 1138106
2248 3 1133739
2249 2 1141136
2250 8 1136882
2251 3 1142950
2252 6 1140824
2253 7 1139878
2254 8 1142836
2255 10 1137450
2256 10 1144479
2257 9 1146591
2258 1 1141425
2259 5 1145571
2260 7 1148049
2261 4 1149853
2262 6 1140872
2263 6 1143473
2264 2 1150353
2265 1 1143515
2266 8 1146606
2267 3 1148616
2268 6 1145363
2269 1 1148288
2270 10 1152598
2271 6 1149691
2272 5 1150490
2273 9 1154401
2274 8 1151038
2275 7 1156324
2276 1 1150739
2277 3 1158201
2278 6 1150596
2279 4 1150540
2280 2 1155711
2281 5 1155059
2282 4 1154277
2283 6 1159214
2284 1 1159018
2285 8 1153871
2286 10 1153936
2287 8 1161179
2288 10 1161835
2289 4 1155392
2290 9 1163786
2291 5 1162393
2292 4 1163179
2293 2 1163801
2294 7 1161193
2295 3 1159122
2296 1 1161424
2297 3 1166924
2298 6 1164607
2299 8 1164988
2300 7 1164461
2301 1 1165129
2302 10 1165620
2303 5 1163897
2304 4 1164514
2305 9 1170077
2306 2 1165069
2307 5 1165114
2308 7 1167605
2309 4 1166740
2310 6 1165129
2311 8 1172332
2312 2 1168423
2313 5 1166784
2314 1 1165519
2315 6 1172769
2316 1 1167370
2317 10 1173520
2318 4 1168422
2319 5 1172739
2320 3 1171241
2321 1 1175848
2322 7 1170040
2323 4 1175820
2324 2 1172894
2325 7 1173428
2326 9 1176686
2327 3 1179800
2328 8 1179575
2329 5 1174900
2330 6 1176436
2331 2 1176733
2332 7 1177961
2333 10 1178086
2334 5 1182334
2335 4 1184816
2336 1 1180391
2337 6 1177193
2338 9 1177090
2339 2 1183780
2340 9 1182073
2341 6 1185604
2342 7 1184756
2343 10 1184970
2344 8 1185246
2345 3 1189129
2346 1 1188978
2347 9 1186553
2348 5 1189467
2349 2 1191159
2350 7 1187025
2351 4 1188019
2352 10 1189309
2353 8 1192504
2354 6 1189225
2355 9 1189012
2356 7 1190750
2357 4 1197635
2358 1 1194488
2359 9 1191012
2360 3 1190826
2361 6 1190935
2362 10 1194456
2363 5 1193176
2364 7 1195203
2365 3 1197616
2366 6 1198600
2367 9 1194543
2368 2 1193647
2369 8 1197039
2370 5 1196646
2371 2 1200091
2372 10 1195263
2373 1 1194845
2374 9 1201181
2375 1 1199091
2376 7 1198064
2377 10 1196243
2378 10 1197641
2379 5 1198575
2380 8 1204219
2381 3 1197683
2382 4 1207524
2383 10 1206568
2384 3 1199861
2385 7 1203636
2386 5 1207888
2387 6 1201797
2388 1 1202188
2389 3 1205867
2390 2 1204614
2391 9 1207489
2392 6 1205371
2393 1 1210444
2394 7 1209156
2395 8 1205850
2396 2 1211267
2397 6 1212967
2398 8 1213020
2399 3 1214150
2400 10 1207912
2401 9 1215682
2402 4 1216673
2403 5 1208459
2404 10 1214466
2405 5 1213923
2406 7 1217638
2407 1 1215361
2408 2 1216290
2409 6 1221343
2410 8 1220179
2411 5 1215822
2412 3 1218019
2413 10 1215323
2414 10 1224871
2415 1 1218324
2416 9 1217034
2417 5 1225737
2418 2 1225442
2419 4 1224259
2420 9 1223402
2421 7 1223093
2422 3 1223814
2423 1 1221623
2424 8 1227535
2425 6 1230832
2426 1 1222285
2427 1 1226332
2428 7 1226424
2429 9 1231589
2430 3 1231387
2431 4 1231608
2432 10 1227798
2433 2 1226998
2434 5 1234354
2435 1 1229763
2436 7 1234136
2437 2 1231282
2438 8 1232718
2439 10 1237547
2440 1 1238862
2441 6 1240768
2442 2 1239353
2443 3 1233551
2444 9 1239423
2445 4 1234848
2446 8 1234563
2447 3 1236173
2448 7 1235920
2449 5 1240739
2450 8 1240343
2451 4 1241676
2452 7 1241898
2453 3 1243858
2454 10 1246662
2455 1 1247262
2456 2 1244779
2457 9 1242392
2458 8 1242109
2459 5 1244288
2460 6 1248710
2461 4 1248806
2462 7 1243171
2463 8 1244656
2464 9 1243009
2465 9 1249003
2466 7 1243644
2467 7 1252737
2468 3 1247907
2469 5 1248763
2470 8 1251495
2471 2 1246089
2472 2 1251239
2473 10 1253552
2474 1 1256736
2475 3 1251265
2476 6 1254518
2477 5 1252288
2478 4 1249511
2479 9 1250391
2480 4 1249866
2481 4 1252601
2482 9 1258720
2483 2 1254564
2484 3 1255835
2485 8 1252327
2486 5 1261035
2487 8 1261988
2488 4 1258600
2489 7 1253290
2490 7 1253759
2491 10 1255863
2492 7 1259219
2493 6 1262152
2494 2 1259114
2495 3 1261939
2496 10 1261444
2497 1 1261312
2498 4 1267398
2499 9 1260124
2500 2 1262404
2501 7 1269054
2502 9 1268537
2503 5 1267419
2504 1 1265856
2505 10 1268636
2506 3 1268567
2507 8 1264865
2508 6 1271677
2509 2 1266213
2510 8 1273456
2511 1 1272540
2512 2 1271540
2513 4 1274212
2514 5 1275548
2515 9 1272949
2516 3 1268768
2517 10 1268841
2518 3 1270536
2519 10 1271167
2520 7 1277339
2521 3 1277090
2522 10 1278423
2523 2 1278702
2524 6 1276644
2525 1 1277353
2526 9 1276824
2527 8 1276112
2528 4 1276911
2529 5 1276210
2530 8 1276413
2531 5 1281245
2532 8 1278848
2533 6 1284211
2534 9 1278563
2535 4 1284683
2536 3 1284911
2537 7 1286552
2538 1 1280481
2539 10 1284416
2540 9 1284074
2541 2 1288189
2542 8 1279157
2543 8 1285946
2544 1 1287735
2545 5 1288984
2546 9 1288651
2547 6 1287267
2548 10 1285552
2549 4 1289722
2550 3 1288396
2551 10 1287729
2552 8 1295604
2553 7 1291656
2554 6 1291651
2555 10 1289173
2556 1 1290262
2557 2 1296279
2558 3 1297956
2559 9 1289113
2560 5 1292645
2561 9 1292067
2562 10 1294336
2563 4 1297289
2564 1 1294644
2565 6 1297321
2566 7 1299870
2567 9 1295743
2568 5 1300941
2569 10 1296239
2570 1 1296977
2571 8 1300901
2572 9 1304150
2573 10 1301825
2574 2 1297633
2575 1 1303299
2576 4 1303654
2577 6 1299303
2578 2 1298818
2579 3 1305750
2580 2 1302737
2581 6 1306126
2582 7 1309232
2583 8 1301387
2584 5 1306884
2585 8 1303171
2586 10 1311380
2587 2 1307166
2588 8 1311184
2589 1 1308623
2590 4 1304432
2591 9 1305826
2592 4 1309771
2593 3 1305995
2594 9 1310265
2595 3 1315342
2596 6 1310216
2597 5 1311047
2598 2 1315272
2599 1 1311686
2600 7 1316154
2601 4 1317767
2602 6 1314591
2603 9 1313300
2604 5 1318022
2605 8 1317586
2606 10 1318647
2607 1 1317665
2608 9 1315071
2609 6 1318198
2610 9 1322673
2611 2 1318843
2612 3 1322063
2613 7 1318856
2614 8 1320698
2615 1 1319515
2616 4 1318196
2617 5 1321187
2618 4 1324508
2619 6 1323534
2620 10 1327432
2621 2 1328193
2622 7 1328793
2623 1 1322641
2624 8 1320900
2625 8 1325339
2626 5 1323548
2627 3 1325902
2628 1 1327592
2629 9 1325367
2630 6 1332520
2631 5 1332488
2632 4 1331429
2633 8 1332030
2634 9 1326173
2635 3 1331138
2636 9 1328791
2637 10 1331373
2638 1 1337338
2639 2 1330758
2640 9 1338024
2641 7 1329775
2642 7 1332008
2643 2 1331439
2644 3 1335718
2645 10 1337174
2646 4 1331782
2647 2 1337994
2648 4 1339298
2649 7 1336198
2650 8 1338660
2651 5 1336046
2652 6 1334692
2653 6 1341891
2654 3 1343582
2655 5 1339537
2656 7 1341877
2657 10 1343296
2658 1 1339321
2659 2 1341839
2660 9 1346446
2661 8 1346417
2662 4 1348388
2663 1 1346390
2664 5 1344989
2665 2 1350314
2666 7 1348616
2667 6 1351346
2668 10 1346142
2669 3 1347056
2670 5 1347471
2671 10 1348728
2672 1 1354288
2673 8 1348024
2674 9 1355380
2675 3 1353153
2676 5 1351122
2677 8 1349013
2678 4 1353216
2679 7 1349479
2680 10 1355836
2681 8 1357918
2682 7 1355813
2683 2 1358479
2684 5 1360732
2685 6 1354183
2686 3 1358138
2687 4 1359312
2688 6 1362586
2689 1 1356000
2690 9 1359879
2691 7 1361559
2692 10 1360500
2693 1 1356418
2694 1 1360752
2695 8 1365309
2696 3 1363314
2697 2 1360265
2698 4 1362035
2699 9 1360553
2700 2 1360920
2701 10 1365207
2702 9 1362662
2703 5 1369647
2704 1 1363291
2705 2 1368472
2706 7 1368465
2707 4 1369577
2708 6 1367842
2709 9 1365602
2710 1 1371638
2711 3 1364465
2712 3 1371804
2713 10 1374848
2714 8 1367547
2715 9 1366870
2716 9 1369016
2717 8 1376897
2718 6 1368826
2719 7 1369438
2720 2 1374700
2721 6 1373400
2722 9 1371973
2723 7 1373910
2724 4 1377827
2725 5 1371877
2726 1 1377143
2727 3 1377107
2728 5 1373946
2729 9 1379433
2730 6 1378625
2731 7 1375020
2732 5 1377445
2733 2 1384087
2734 10 1378893
2735 7 1377363
2736 8 1384452
2737 3 1386885
2738 1 1385415
2739 7 1382724
2740 5 1384893
2741 4 1378459
2742 4 1385734
2743 6 1385216
2744 10 1386543
2745 9 1389058
2746 7 1389959
2747 2 1391187
2748 8 1391514
2749 5 1392681
2750 6 1391895
2751 1 1395022
2752 4 1388177
2753 10 1392643
2754 3 1395059
2755 4 1396887
2756 9 1398861
2757 7 1399528
2758 2 1400573
2759 8 1399935
2760 6 1401046
2761 10 1397661
2762 5 1397937
2763 1 1404235
2764 3 1403111
2765 4 1405613
2766 10 1402539
2767 5 1407606
2768 9 1401792
2769 7 1405351
2770 8 1402292
2771 2 1405706
2772 6 1409810
2773 9 1408864
2774 8 1410741
2775 10 1403917
2776 3 1407386
2777 10 1404999
2778 1 1408101
2779 10 1413090
2780 7 1414988
2781 4 1415390
2782 2 1412082
2783 3 1411524
2784 5 1415628
2785 1 1410686
2786 9 1416224
2787 6 1415449
2788 1 1418145
2789 8 1415671
2790 3 1414136
2791 2 1412870
2792 2 1419283
2793 10 1418890
2794 3 1415882
2795 7 1416744
2796 4 1423919
2797 6 1415806
2798 5 1425342
2799 8 1421216
2800 6 1420243
2801 3 1418501
2802 9 1417882
2803 7 1417399
2804 7 1417862
2805 7 1422326
2806 9 1423430
2807 1 1418457
2808 1 1423339
2809 3 1421634
2810 10 1422886
2811 2 1421456
2812 6 1429714
2813 8 1428838
2814 2 1425943
2815 3 1422329
2816 7 1424542
2817 3 1427422
2818 10 1430942
2819 1 1428289
2820 9 1432872
2821 4 1429598
2822 7 1434003
2823 5 1432235
2824 2 1434881
2825 3 1433635
2826 1 1433532
2827 8 1430311
2828 4 1437415
2829 6 1435772
2830 8 1431706
2831 10 1436594
2832 8 1438407
2833 5 1438112
2834 9 1433146
2835 9 1435124
2836 1 1441326
2837 3 1442741
2838 7 1435540
2839 2 1436854
2840 9 1444249
2841 7 1436756
2842 6 1442324
2843 10 1439902
2844 7 1443435
2845 2 1445953
2846 4 1447143
2847 5 1447050
2848 8 1443565
2849 10 1445179
2850 1 1446719
2851 6 1451978
2852 3 1445931
2853 7 1446491
2854 8 1449618
2855 9 1451842
2856 10 1451530
2857 3 1447240
2858 2 1451565
2859 7 1450260
2860 1 1448714
2861 5 1448594
2862 4 1453256
2863 3 1447793
2864 3 1455466
2865 5 1458120
2866 1 1451823
2867 8 1450954
2868 7 1458531
2869 8 1459809
2870 10 1457119
2871 2 1460644
2872 1 1454937
2873 9 1458990
2874 6 1459780
2875 4 1456232
2876 1 1460292
2877 3 1455779
2878 3 1457739
2879 4 1457499
2880 10 1463628
2881 4 1462686
2882 3 1466336
2883 5 1458550
2884 7 1461196
2885 5 1464462
2886 9 1461678
2887 6 1462542
2888 8 1466841
2889 1 1462824
2890 2 1466652
2891 7 1468819
2892 9 1469825
2893 6 1466160
2894 4 1463825
2895 1 1464867
2896 10 1470373
2897 4 1466547
2898 5 1470631
2899 1 1465005
2900 1 1466039
2901 1 1470161
2902 6 1471039
2903 3 1470073
2904 4 1474213
2905 2 1475287
2906 8 1467055
2907 8 1475345
2908 7 1474952
2909 9 1472371
2910 3 1475526
2911 1 1473495
2912 10 1475406
2913 5 1478299
2914 6 1476559
2915 9 1477289
2916 1 1478417
2917 4 1480614
2918 7 1477389
2919 2 1483048
2920 8 1483299
2921 10 1482085
2922 3 1482905
2923 6 1482879
2924 9 1486087
2925 7 1481123
2926 5 1482643
2927 1 1479988
2928 1 1489163
2929 4 1482205
2930 7 1483715
2931 10 1491298
2932 4 1484900
2933 5 1482668
2934 5 1483055
2935 6 1486687
2936 3 1483443
2937 2 1486056
2938 5 1491781
2939 8 1483388
2940 8 1488696
2941 3 1483881
2942 7 1490485
2943 3 1487360
2944 4 1493923
2945 2 1490329
2946 9 1495220
2947 6 1495676
2948 3 1494080
2949 8 1494602
2950 1 1489472
2951 1 1491205
2952 2 1496021
2953 7 1496656
2954 1 1493252
2955 10 1499640
2956 5 1492121
2957 5 1498046
2958 1 1500340
2959 4 1498630
2960 3 1501415
2961 8 1496653
2962 9 1503517
2963 6 1496904
2964 2 1502379
2965 8 1502006
2966 7 1501478
2967 6 1503776
2968 5 1504834
2969 4 1507209
2970 10 1505729
2971 1 1510201
2972 3 1508909
2973 7 1503373
2974 8 1509833
2975 2 1505747
2976 7 1504308
2977 9 1510308
2978 6 1509367
2979 7 1504309
2980 7 1504546
2981 7 1514316
2982 5 1506737
2983 10 1513957
2984 2 1512669
2985 5 1509306
2986 4 1514709
2987 3 1510786
2988 5 1515907
2989 6 1512550
2990 8 1519511
2991 1 1516628
2992 9 1517486
2993 3 1512694
2994 6 1514457
2995 2 1516793
2996 3 1521803
2997 10 1516890
2998 7 1520422
2999 6 1524198
3000 4 1523218
3001 5 1521856
3002 1 1522072
3003 2 1517774
3004 10 1519340
3005 9 1527071
3006 2 1521538
3007 10 1521767
3008 8 1519588
3009 8 1524863
3010 7 1528888
3011 2 1530522
3012 10 1528535
3013 3 1525519
3014 5 1529916
3015 1 1524349
3016 4 1532110
3017 6 1525791
3018 1 1531754
3019 8 1529780
3020 3 1527809
3021 6 1529894
3022 9 1533662
3023 3 1528820
3024 10 1535329
3025 3 1538678
3026 7 1529839
3027 8 1530279
3028 7 1536786
3029 6 1534532
3030 5 1533109
3031 8 1530915
3032 2 1532765
3033 8 1531821
3034 1 1537278
3035 8 1535480
3036 4 1541931
3037 2 1535392
3038 5 1542080
3039 9 1540354
3040 6 1541511
3041 10 1538940
3042 2 1536154
3043 8 1535481
3044 8 1543912
3045 2 1536605
3046 2 1546516
3047 7 1538433
3048 1 1538105
3049 1 1538470
3050 7 1539814
3051 1 1548092
3052 3 1545835
3053 10 1544602
3054 7 1541551
3055 9 1545962
3056 6 1542332
3057 7 1544675
3058 4 1548140
3059 5 1548281
3060 6 1546867
3061 8 1547838
3062 10 1549800
3063 7 1544993
3064 7 1552182
3065 3 1547779
3066 9 1552499
3067 2 1552908
3068 6 1554576
3069 3 1550800
3070 8 1552522
3071 1 1552411
3072 4 1555575
3073 5 1550556
3074 10 1556473
3075 5 1552367
3076 3 1555823
3077 7 1553560
3078 5 1559664
3079 1 1561105
3080 9 1560890
3081 8 1560512
3082 2 1555540
3083 7 1559712
3084 6 1557290
3085 2 1561547
3086 4 1562408
3087 3 1562086
3088 10 1561780
3089 6 1559137
3090 6 1562285
3091 5 1565752
3092 7 1564922
3093 8 1561063
3094 9 1565621
3095 8 1561738
3096 1 1561652
3097 2 1562827
3098 1 1563256
3099 8 1569549
3100 10 1568812
3101 3 1563284
3102 6 1571955
3103 4 1562747
3104 4 1567101
3105 2 1568187
3106 1 1565299
3107 3 1563801
3108 3 1568090
3109 7 1569139
3110 1 1566008
3111 9 1570183
3112 5 1570845
3113 1 1568318
3114 4 1571842
3115 3 1569490
3116 2 1575207
3117 1 1574862
3118 10 1573118
3119 7 1574681
3120 3 1576910
3121 8 1571255
3122 9 1579622
3123 5 1575239
3124 8 1577604
3125 4 1574153
3126 6 1581357
3127 10 1575539
3128 4 1580008
3129 7 1579511
3130 1 1576835
3131 2 1575292
3132 5 1584293
3133 2 1579784
3134 10 1581035
3135 1 1582066
3136 3 1578267
3137 8 1579086
3138 3 1578541
3139 3 1586625
3140 8 1585757
3141 7 1579827
3142 9 1585365
3143 2 1585051
3144 7 1586565
3145 4 1586200
3146 10 1588705
3147 6 1586771
3148 1 1590881
3149 5 1594284
3150 2 1590292
3151 9 1594526
3152 8 1588050
3153 4 1587824
3154 7 1595610
3155 3 1589668
3156 6 1587795
3157 6 1590294
3158 4 1589524
3159 8 1596495
3160 10 1589628
3161 4 1597654
3162 10 1590015
3163 3 1590560
3164 10 1599557
3165 2 1598308
3166 6 1594139
3167 3 1597375
3168 1 1596067
3169 6 1600115
3170 5 1596324
3171 9 1595110
3172 9 1598972
3173 7 1600402
3174 1 1602045
3175 5 1598927
3176 8 1599672
3177 3 1604620
3178 4 1601447
3179 2 1608152
3180 5 1602089
3181 9 1601393
3182 10 1606737
3183 8 1600242
3184 6 1604179
3185 8 1605485
3186 7 1604622
3187 9 1604885
3188 4 1608124
3189 1 1607455
3190 5 1608450
3191 6 1608527
3192 3 1612268
3193 7 1612103
3194 9 1608838
3195 8 1609564
3196 10 1615556
3197 1 1614330
3198 4 1613728
3199 2 1610193
3200 5 1611249
3201 6 1615203
3202 9 1611311
3203 8 1612447
3204 2 1617161
3205 5 1613237
3206 9 1613098
3207 7 1616829
3208 3 1622176
3209 8 1619074
3210 9 1618453
3211 5 1622093
3212 4 1616530
3213 1 1615320
3214 6 1622848
3215 1 1615534
3216 1 1619573
3217 10 1617220
3218 4 1626064
3219 7 1623354
3220 2 1626602
3221 10 1626511
3222 9 1623125
3223 8 1623324
3224 1 1623276
3225 5 1630461
3226 3 1628225
3227 6 1629038
3228 9 1627982
3229 1 1631078
3230 8 1625090
3231 7 1630005
3232 8 1626473
3233 4 1631278
3234 8 1626812
3235 10 1628059
3236 2 1627391
3237 8 1629505
3238 2 1630747
3239 9 1630200
3240 10 1638041
3241 3 1632865
3242 6 1630394
3243 8 1638488
3244 7 1634493
3245 9 1638493
3246 6 1636026
3247 5 1633905
3248 2 1637436
3249 1 1636401
3250 4 1633903
3251 3 1638897
3252 4 1635023
3253 5 1634648
3254 7 1639346
3255 5 1642772
3256 4 1640198
3257 6 1645653
3258 1 1643013
3259 2 1638808
3260 10 1645115
3261 8 1638633
3262 9 1640921
3263 8 1643407
3264 2 1645251
3265 3 1643244
3266 7 1639714
3267 7 1645593
3268 4 1647366
3269 9 1647098
3270 5 1652464
3271 1 1652114
3272 3 1650505
3273 8 1651842
3274 10 1647352
3275 2 1653913
3276 7 1646489
3277 6 1646197
3278 6 1646279
3279 6 1651568
3280 7 1653012
3281 9 1651347
3282 10 1651468
3283 4 1650527
3284 3 1659903
3285 4 1655952
3286 9 1652543
3287 10 1658704
3288 6 1651613
3289 6 1657969
3290 8 1660572
3291 1 1656097
3292 5 1653112
3293 9 1657080
3294 7 1654292
3295 5 1653794
3296 5 1659097
3297 2 1657009
3298 7 1663743
3299 4 1662359
3300 1 1665130
3301 2 1659136
3302 9 1658267
3303 6 1658554
3304 9 1666161
3305 6 1665796
3306 10 1668640
3307 5 1666508
3308 2 1660523
3309 3 1663792
3310 2 1664075
3311 8 1663513
3312 4 1664537
3313 8 1668898
3314 7 1667144
3315 3 1669966
3316 2 1664970
3317 4 1674474
3318 2 1667404
3319 1 1669653
3320 6 1674820
3321 9 1670879
3322 5 1668713
3323 7 1669175
3324 2 1676359
3325 10 1673520
3326 5 1671240
3327 8 1671018
3328 7 1672607
3329 1 1672503
3330 3 1671154
3331 9 1676227
3332 8 1672637
3333 3 1679155
3334 5 1678257
3335 1 1678018
3336 7 1682423
3337 8 1681674
3338 10 1675886
3339 4 1681933
3340 6 1683103
3341 10 1682457
3342 9 1683759
3343 2 1683815
3344 1 1685148
3345 5 1687825
3346 3 1686422
3347 8 1683212
3348 4 1688736
3349 7 1685896
3350 10 1692056
3351 6 1689861
3352 8 1684504
3353 9 1688869
3354 2 1686585
3355 8 1689651
3356 1 1694391
3357 7 1686111
3358 7 1686366
3359 7 1694540
3360 3 1694440
3361 2 1692676
3362 5 1688540
3363 5 1695053
3364 4 1692305
3365 9 1694480
3366 8 1698270
3367 6 1697555
3368 10 1695912
3369 4 1698478
3370 2 1700018
3371 1 1694459
3372 3 1700821
3373 1 1695831
3374 9 1698303
3375 7 1702558
3376 5 1704987
3377 1 1705613
3378 10 1703039
3379 6 1700957
3380 8 1704901
3381 9 1698812
3382 4 1701368
3383 9 1699429
3384 9 1701394
3385 2 1709119
3386 3 1707026
3387 6 1704112
3388 4 1705024
3389 9 1708493
3390 7 1705243
3391 10 1710798
3392 6 1711409
3393 8 1710656
3394 5 1711775
3395 4 1714582
3396 7 1706926
3397 1 1709451
3398 7 1712333
3399 3 1711563
3400 9 1711948
3401 2 1709616
3402 1 1710178
3403 2 1711050
3404 1 1717424
3405 8 1719758
3406 10 1712481
3407 2 1719413
3408 6 1720103
3409 3 1718242
3410 5 1718176
3411 9 1714667
3412 7 1717014
3413 10 1716135
3414 4 1717817
3415 9 1724604
3416 10 1717137
3417 7 1720593
3418 10 1724781
3419 1 1721963
3420 4 1727249
3421 5 1724366
3422 3 1726644
3423 2 1720973
3424 8 1721616
3425 6 1721465
3426 7 1723607
3427 2 1730017
3428 6 1729922
3429 8 1724341
3430 1 1728714
3431 7 1732710
3432 8 1734269
3433 5 1730610
3434 9 1726327
3435 10 1729715
3436 9 1734040
3437 3 1731794
3438 4 1734555
3439 1 1737721
3440 10 1736082
3441 6 1737378
3442 2 1734238
3443 5 1733716
3444 3 1734956
3445 7 1736991
3446 5 1740846
3447 9 1736948
3448 2 1742229
3449 8 1740669
3450 4 1740939
3451 3 1739311
3452 10 1739660
3453 9 1743457
3454 7 1745103
3455 6 1743338
3456 1 1739481
3457 3 1747796
3458 1 1748401
3459 10 1745667
3460 8 1745017
3461 5 1743660
3462 4 1744687
3463 2 1748365
3464 6 1750847
3465 9 1749664
3466 5 1746974
3467 4 1748983
3468 8 1747069
3469 7 1747722
3470 10 1753322
3471 5 1754592
3472 8 1753980
3473 7 1757526
3474 3 1750130
3475 2 1753115
3476 1 1751974
3477 4 1754089
3478 9 1754311
3479 3 1753815
3480 6 1758073
3481 1 1753210
3482 2 1755532
3483 1 1760770
3484 10 1756339
3485 3 1756790
3486 8 1759173
3487 4 1755808
3488 9 1761696
3489 5 1759880
3490 2 1757580
3491 4 1762421
3492 10 1763671
3493 3 1759053
3494 7 1764810
3495 2 1767428
3496 6 1759720
3497 3 1763478
3498 8 1762281
3499 6 1763869
3500 5 1765141
3501 1 1760876
3502 1 1767311
3503 9 1771366
3504 8 1764217
3505 4 1767239
3506 3 1773342
3507 10 1770404
3508 6 1771376
3509 8 1771471
3510 7 1772488
3511 5 1767568
3512 4 1770801
3513 1 1771823
3514 2 1768588
3515 5 1776290
3516 2 1769209
3517 2 1775325
3518 10 1775471
3519 4 1771749
3520 9 1779432
3521 6 1776084
3522 8 1774002
3523 4 1776069
3524 1 1780450
3525 7 1779252
3526 3 1780622
3527 8 1779104
3528 2 1782792
3529 10 1779748
3530 4 1779287
3531 6 1779910
3532 5 1781532
3533 8 1784888
3534 7 1785049
3535 4 1786831
3536 9 1786044
3537 10 1787855
3538 6 1782750
3539 1 1780792
3540 3 1787242
3541 1 1784261
3542 5 1784703
3543 6 1790389
3544 2 1786371
3545 1 1788761
3546 5 1785299
3547 8 1788828
3548 7 1787183
3549 5 1794060
3550 9 1793252
3551 2 1787401
3552 4 1791651
3553 7 1789710
3554 3 1792833
3555 2 1793509
3556 10 1791743
3557 1 1793295
3558 8 1798041
3559 7 1791371
3560 6 1798362
3561 7 1794371
3562 4 1797494
3563 10 1795054
3564 3 1798136
3565 9 1798231
3566 1 1796284
3567 2 1800934
3568 5 1799879
3569 7 1801730
3570 10 1797217
3571 1 1800913
3572 10 1802496
3573 4 1801548
3574 8 1803778
3575 3 1805379
3576 9 1804976
3577 6 1807696
3578 5 1802863
3579 1 1809814
3580 2 1801811
3581 4 1802879
3582 7 1809050
3583 2 1805435
3584 10 1806621
3585 5 1807482
3586 4 1804022
3587 8 1809707
3588 4 1804352
3589 4 1811280
3590 9 1806097
3591 3 1805511
3592 2 1814053
3593 3 1811720
3594 9 1809107
3595 10 1810574
3596 5 1807730
3597 6 1808517
3598 5 1816433
3599 6 1811111
3600 7 1818717
3601 9 1811633
3602 8 1814507
3603 1 1811166
3604 10 1818585
3605 6 1815141
3606 1 1821005
3607 4 1812390
3608 9 1813404
3609 3 1818556
3610 4 1817728
3611 9 1820283
3612 2 1819239
3613 8 1821709
3614 6 1817564
3615 5 1824840
3616 6 1819091
3617 4 1819324
3618 3 1819833
3619 10 1826306
3620 7 1823313
3621 6 1825363
3622 2 1829219
3623 4 1826103
3624 3 1823605
3625 9 1823429
3626 1 1828300
3627 8 1822825
3628 8 1824592
3629 7 1829319
3630 9 1829478
3631 3 1827304
3632 8 1832969
3633 5 1828522
3634 6 1830225
3635 4 1830189
3636 10 1832277
3637 3 1831914
3638 1 1833794
3639 5 1835783
3640 2 1835474
3641 7 1830662
3642 9 1837594
3643 4 1831702
3644 6 1830491
3645 6 1839320
3646 7 1834659
3647 4 1832523
3648 3 1838572
3649 10 1835986
3650 4 1832866
3651 4 1835220
3652 8 1839474
3653 1 1835345
3654 7 1844196
3655 4 1839776
3656 1 1837816
3657 2 1840851
3658 5 1839557
3659 10 1838606
3660 9 1846665
3661 1 1846354
3662 3 1838950
3663 10 1842624
3664 3 1840670
3665 6 1844889
3666 8 1847526
3667 5 1845168
3668 4 1846723
3669 3 1847667
3670 2 1850624
3671 10 1844493
3672 7 1849975
3673 10 1851162
3674 6 1847530
3675 5 1849796
3676 1 1852878
3677 9 1848300
3678 4 1852916
3679 8 1856892
3680 6 1849822
3681 3 1857441
3682 9 1857512
3683 5 1857447
3684 6 1857227
3685 7 1856396
3686 2 1858127
3687 10 1851728
3688 10 1856236
3689 1 1856871
3690 4 1861850
3691 10 1860640
3692 7 1866362
3693 1 1866357
3694 8 1857870
3695 6 1865563
3696 3 1861536
3697 5 1865050
3698 9 1859730
3699 8 1864105
3700 2 1868111
3701 9 1862471
3702 10 1861211
3703 10 1870872
3704 3 1871111
3705 4 1863317
3706 9 1870496
3707 4 1867028
3708 8 1868995
3709 5 1871222
3710 6 1875261
3711 1 1869618
3712 7 1875451
3713 4 1867588
3714 4 1870005
3715 2 1876250
3716 8 1876017
3717 1 1876285
3718 4 1875595
3719 9 1877248
3720 10 1872146
3721 3 1880045
3722 5 1875301
3723 10 1877214
3724 6 1879226
3725 5 1879915
3726 7 1878021
3727 4 1877875
3728 8 1879363
3729 2 1881437
3730 1 1877386
3731 10 1882756
3732 9 1885418
3733 1 1880960
3734 4 1887549
3735 7 1884859
3736 6 1883294
3737 8 1888950
3738 5 1884955
3739 3 1885929
3740 1 1881555
3741 2 1881632
3742 1 1885687
3743 2 1887951
3744 10 1889883
3745 6 1891096
3746 7 1886284
3747 5 1891664
3748 9 1885660
3749 9 1887037
3750 1 1887108
3751 3 1895276
3752 7 1895916
3753 9 1890162
3754 1 1891477
3755 4 1896955
3756 2 1894973
3757 8 1890188
3758 10 1893301
3759 9 1897624
3760 8 1892182
3761 6 1894254
3762 1 1896724
3763 5 1895624
3764 8 1895274
3765 10 1898841
3766 6 1898521
3767 2 1899331
3768 8 1898997
3769 3 1900258
3770 5 1900276
3771 7 1896516
3772 7 1896980
3773 1 1897247
3774 4 1905000
3775 7 1904486
3776 1 1903775
3777 9 1903264
3778 6 1900020
3779 10 1899810
3780 8 1906024
3781 2 1900060
3782 10 1903802
3783 6 1902943
3784 2 1905266
3785 3 1905617
3786 5 1904742
3787 6 1904575
3788 9 1904241
3789 1 1910633
3790 10 1905816
3791 9 1908137
3792 7 1909329
3793 6 1908463
3794 5 1913771
3795 4 1909182
3796 2 1912250
3797 3 1909529
3798 10 1906080
3799 8 1907766
3800 10 1914491
3801 8 1915166
3802 9 1916358
3803 6 1911274
3804 4 1918725
3805 7 1912956
3806 3 1918760
3807 1 1914693
3808 6 1911802
3809 6 1915047
3810 2 1920502
3811 7 1914436
3812 5 1921326
3813 7 1923642
3814 10 1914538
3815 10 1922109
3816 1 1918754
3817 6 1921359
3818 8 1923832
3819 9 1922832
3820 4 1919921
3821 1 1922663
3822 3 1928093
3823 4 1927041
3824 2 1923831
3825 5 1924830
3826 6 1925270
3827 10 1930291
3828 1 1927046
3829 9 1929550
3830 7 1925661
3831 2 1926295
3832 8 1927177
3833 5 1928885
3834 6 1934602
3835 7 1934361
3836 2 1935646
3837 4 1928962
3838 1 1928365
3839 8 1931087
3840 3 1937198
3841 1 1931436
3842 5 1937432
3843 4 1930118
3844 9 1938341
3845 4 1932604
3846 10 1940043
3847 8 1940739
3848 1 1934128
3849 4 1934824
3850 1 1936802
3851 7 1936332
3852 6 1939853
3853 4 1937002
3854 2 1935711
3855 2 1940112
3856 7 1943100
3857 1 1936937
3858 1 1938188
3859 4 1939936
3860 3 1945983
3861 5 1939759
3862 1 1938264
3863 1 1942500
3864 9 1948132
3865 5 1946268
3866 6 1942288
3867 4 1942244
3868 10 1942913
3869 2 1948730
3870 8 1945823
3871 4 1946280
3872 6 1948376
3873 1 1950936
3874 10 1948285
3875 7 1946359
3876 8 1945976
3877 8 1955545
3878 3 1946381
3879 5 1950779
3880 4 1950282
3881 7 1951256
3882 3 1954581
3883 9 1955661
3884 10 1953768
3885 6 1950013
3886 2 1949725
3887 2 1955585
3888 6 1950909
3889 4 1956990
3890 5 1955900
3891 6 1960586
3892 1 1958205
3893 7 1959562
3894 10 1954596
3895 3 1956562
3896 10 1960856
3897 8 1960315
3898 2 1960754
3899 9 1956269
3900 5 1959028
3901 9 1960520
3902 3 1965313
3903 4 1961378
3904 1 1960088
3905 5 1963547
3906 7 1960035
3907 7 1966214
3908 1 1968113
3909 8 1961817
3910 9 1965823
3911 6 1969647
3912 2 1960880
3913 10 1962920
3914 2 1964547
3915 4 1970844
3916 8 1968331
3917 10 1971366
3918 5 1968883
3919 2 1965657
3920 3 1966248
3921 2 1970431
3922 9 1971832
3923 7 1975158
3924 3 1969017
3925 1 1977730
3926 8 1977491
3927 5 1975727
3928 3 1975826
3929 6 1970395
3930 6 1974301
3931 2 1973312
3932 4 1971699
3933 10 1980659
3934 4 1981644
3935 9 1978829
3936 2 1981689
3937 6 1975767
3938 7 1976339
3939 5 1982524
3940 6 1977137
3941 3 1984816
3942 7 1982854
3943 6 1977224
3944 6 1979995
3945 8 1981697
3946 1 1980587
3947 9 1984883
3948 6 1989278
3949 1 1984858
3950 10 1984613
3951 4 1989378
3952 2 1991302
3953 8 1981791
3954 8 1987394
3955 5 1985936
3956 7 1988250
3957 10 1992115
3958 3 1993183
3959 1 1991130
3960 9 1987198
3961 5 1993200
3962 9 1992518
3963 8 1996695
3964 7 1998250
3965 6 1997092
3966 4 1996599
3967 1 1997949
3968 2 2000745
3969 10 1993171
3970 9 2001258
3971 10 1998341
3972 3 1997641
3973 5 2002057
3974 4 2002556
3975 8 2001665
3976 6 2004153
3977 3 1998743
3978 1 1999681
3979 7 2003582
3980 10 2001585
3981 3 1999142
3982 3 2003414
3983 1 1999765
3984 1 2006099
3985 2 2010447
3986 9 2001337
3987 9 2005206
3988 10 2011204
3989 8 2009312
3990 5 2010125
3991 4 2008833
3992 3 2012947
3993 7 2011804
3994 6 2005406
3995 9 2012950
3996 6 2011697
3997 1 2010075
3998 4 2016408
3999 8 2018377
4000 1 2016639
4001 5 2010562
4002 2 2016314
4003 5 2015444
4004 10 2011794
4005 6 2014343
4006 10 2020004
4007 7 2012362
4008 7 2015263
4009 3 2015455
4010 9 2014610
4011 6 2016741
4012 9 2020443
4013 7 2023851
4014 5 2020792
4015 3 2018075
4016 2 2018160
4017 4 2024166
4018 1 2025626
4019 6 2021821
4020 3 2023656
4021 2 2020401
4022 8 2019309
4023 8 2028239
4024 10 2021385
4025 2 2024281
4026 9 2030150
4027 5 2023242
4028 10 2026118
4029 6 2028657
4030 5 2031062
4031 3 2032860
4032 7 2024388
4033 4 2025477
4034 2 2030077
4035 7 2025835
4036 4 2029746
4037 1 2030193
4038 7 2033772
4039 10 2033930
4040 8 2031102
4041 6 2033486
4042 4 2037323
4043 2 2030849
4044 9 2031583
4045 1 2036444
4046 2 2037554
4047 5 2033032
4048 8 2038001
4049 9 2040123
4050 3 2037145
4051 5 2039260
4052 6 2035412
4053 7 2039526
4054 10 2037640
4055 6 2035589
4056 6 2040482
4057 1 2036552
4058 1 2040555
4059 3 2041307
4060 4 2043278
4061 2 2039104
4062 10 2041327
4063 8 2042610
4064 2 2040694
4065 5 2044331
4066 7 2045229
4067 9 2047990
4068 6 2041426
4069 1 2047628
4070 2 2048804
4071 3 2044290
4072 10 2051227
4073 6 2046422
4074 8 2045420
4075 4 2051326
4076 3 2047525
4077 5 2052784
4078 7 2054684
4079 8 2050005
4080 6 2053673
4081 3 2055518
4082 1 2056001
4083 9 2048995
4084 2 2050459
4085 9 2058980
4086 8 2056299
4087 2 2059381
4088 10 2060916
4089 4 2059569
4090 5 2054265
4091 6 2062181
4092 5 2064139
4093 7 2058141
4094 3 2060665
4095 1 2060009
4096 8 2059507
4097 7 2062692
4098 9 2061550
4099 2 2067702
4100 8 2060358
4101 4 2062602
4102 1 2060033
4103 1 2061019
4104 8 2069021
4105 3 2069675
4106 10 2061979
4107 1 2065301
4108 9 2066794
4109 10 2062645
4110 6 2071240
4111 4 2065993
4112 10 2070640
4113 7 2067759
4114 5 2066867
4115 1 2065700
4116 1 2069396
4117 4 2070069
4118 9 2075281
4119 5 2070528
4120 2 2071966
4121 7 2071688
4122 8 2071555
4123 1 2077590
4124 3 2072992
4125 4 2079124
4126 5 2075671
4127 10 2071487
4128 6 2078496
4129 10 2074787
4130 8 2074185
4131 7 2075666
4132 2 2078458
4133 3 2076340
4134 8 2075120
4135 10 2075934
4136 8 2077121
4137 9 2080829
4138 7 2085270
4139 5 2077504
4140 10 2078465
4141 3 2083865
4142 8 2077744
4143 5 2077529
4144 5 2079559
4145 1 2085604
4146 8 2079029
4147 2 2088094
4148 10 2080656
4149 6 2081331
4150 8 2087537
4151 4 2083723
4152 5 2086917
4153 10 2085743
4154 9 2083834
4155 6 2087799
4156 4 2090376
4157 9 2084759
4158 3 2084080
4159 3 2087197
4160 9 2088514
4161 7 2092210
4162 1 2094002
4163 10 2087736
4164 5 2096335
4165 3 2093904
4166 8 2092267
4167 10 2088725
4168 6 2091704
4169 2 2090201
4170 9 2094494
4171 10 2090625
4172 2 2098896
4173 4 2091466
4174 10 2093389
4175 4 2094396
4176 6 2100300
4177 7 2099230
4178 8 2097107
4179 10 2098650
4180 3 2101153
4181 1 2099506
4182 4 2102522
4183 9 2098230
4184 5 2100002
4185 8 2097443
4186 8 2105282
4187 9 2098930
4188 10 2099570
4189 2 2108029
4190 9 2104562
4191 7 2099410
4192 7 2108010
4193 1 2104616
4194 10 2100248
4195 5 2100685
4196 10 2106916
4197 6 2101680
4198 5 2106288
4199 3 2105524
4200 6 2105134
4201 4 2109865
4202 9 2114099
4203 1 2104730
4204 1 2107162
4205 6 2112335
4206 8 2111039
4207 3 2107851
4208 5 2116158
4209 10 2110772
4210 1 2116620
4211 3 2109239
4212 7 2112222
4213 2 2109505
4214 3 2117853
4215 2 2118684
4216 4 2116730
4217 10 2111197
4218 8 2117401
4219 10 2116451
4220 7 2115271
4221 6 2121038
4222 9 2117411
4223 7 2117686
4224 5 2125204
4225 10 2117155
4226 1 2125070
4227 4 2122004
4228 10 2121778
4229 8 2120699
4230 9 2125379
4231 7 2125231
4232 3 2119496
4233 2 2122083
4234 3 2125864
4235 8 2127010
4236 6 2127974
4237 10 2122863
4238 4 2126652
4239 2 2131906
4240 10 2123351
4241 10 2130667
4242 1 2128188
4243 5 2125444
4244 7 2129009
4245 9 2126454
4246 5 2127838
4247 3 2130952
4248 9 2134484
4249 4 2135390
4250 8 2132400
4251 5 2132321
4252 6 2130331
4253 1 2132522
4254 7 2135775
4255 6 2131662
4256 10 2140596
4257 3 2135849
4258 6 2141382
4259 2 2140735
4260 5 2138575
4261 8 2137238
4262 1 2141061
4263 9 2141579
4264 4 2143271
4265 7 2138230
4266 3 2139004
4267 8 2137345
4268 8 2138107
4269 8 2142446
4270 7 2143381
4271 5 2140528
4272 3 2141474
4273 5 2147705
4274 10 2145199
4275 2 2142404
4276 1 2146340
4277 6 2141609
4278 3 2149701
4279 9 2143196
4280 6 2149915
4281 2 2150964
4282 8 2143888
4283 9 2144737
4284 4 2146565
4285 7 2152506
4286 8 2148672
4287 9 2149827
4288 10 2153009
4289 1 2154809
4290 4 2155254
4291 5 2151422
4292 8 2156202
4293 3 2151870
4294 9 2156778
4295 6 2152393
4296 2 2156139
4297 5 2160549
4298 3 2152178
4299 3 2153922
4300 6 2159791
4301 7 2157801
4302 10 2154296
4303 3 2161298
4304 10 2157791
4305 1 2156417
4306 4 2164010
4307 2 2165554
4308 8 2162318
4309 1 2160714
4310 9 2161661
4311 10 2163668
4312 7 2166576
4313 6 2164705
4314 5 2165931
4315 1 2168710
4316 3 2161437
4317 3 2170725
4318 9 2165983
4319 8 2168145
4320 10 2169804
4321 4 2167501
4322 6 2171243
4323 2 2168770
4324 5 2170312
4325 9 2170557
4326 7 2169948
4327 4 2175559
4328 8 2176875
4329 1 2176244
4330 2 2171531
4331 10 2178732
4332 7 2175717
4333 5 2179517
4334 9 2172030
4335 3 2172659
4336 6 2175576
4337 2 2179612
4338 9 2173069
4339 3 2176413
4340 9 2176414
4341 4 2179714
4342 6 2183543
4343 7 2181483
4344 1 2180310
4345 3 2184834
4346 9 2178118
4347 8 2185695
4348 9 2186914
4349 10 2185279
4350 5 2188841
4351 2 2181321
4352 4 2185691
4353 1 2188937
4354 2 2184554
4355 7 2188819
4356 6 2190619
4357 2 2194516
4358 3 2189463
4359 10 2185544
4360 10 2190095
4361 4 2195118
4362 8 2191631
4363 9 2194830
4364 7 2198419
4365 5 2194962
4366 1 2198249
4367 3 2194951
4368 10 2192524
4369 6 2193681
4370 8 2195799
4371 10 2196940
4372 6 2195832
4373 2 2200942
4374 9 2201936
4375 3 2199658
4376 5 2200769
4377 4 2196363
4378 8 2205586
4379 6 2199074
4380 4 2197430
4381 10 2197398
4382 10 2206765
4383 4 2198368
4384 1 2205246
4385 4 2206571
4386 7 2201323
4387 6 2200465
4388 3 2204128
4389 6 2209582
4390 5 2204706
4391 2 2208556
4392 7 2210497
4393 9 2204505
4394 3 2206768
4395 9 2210679
4396 5 2213878
4397 1 2206310
4398 8 2215139
4399 1 2215670
4400 4 2209398
4401 10 2216440
4402 3 2207099
4403 3 2212973
4404 2 2214416
4405 4 2209666
4406 6 2217960
4407 4 2216329
4408 7 2213908
4409 9 2220153
4410 3 2217922
4411 5 2218028
4412 7 2220153
4413 2 2224120
4414 8 2221579
4415 1 2216565
4416 4 2223280
4417 10 2220997
4418 1 2221750
4419 3 2220653
4420 6 2225746
4421 5 2226884
4422 7 2226194
4423 9 2230140
4424 3 2220950
4425 3 2222868
4426 10 2227092
4427 8 2227033
4428 1 2227226
4429 3 2226569
4430 4 2231880
4431 2 2232594
4432 6 2226309
4433 7 2233258
4434 6 2232790
4435 3 2229975
4436 5 2235005
4437 8 2233474
4438 10 2230941
4439 1 2231893
4440 3 2230475
4441 9 2236540
4442 3 2233845
4443 10 2233474
4444 4 2239778
4445 1 2232821
4446 2 2237449
4447 6 2235602
4448 1 2234451
4449 7 2243197
4450 8 2242919
4451 10 2236361
4452 3 2239045
4453 1 2240626
4454 5 2242954
4455 6 2238301
4456 10 2243880
4457 9 2245971
4458 2 2239287
4459 6 2241223
4460 3 2241528
4461 2 2241006
4462 4 2245825
4463 1 2240657
4464 1 2246433
4465 2 2248533
4466 6 2246820
4467 3 2246200
4468 8 2249173
4469 5 2249416
4470 7 2250244
4471 10 2250008
4472 4 2253902
4473 9 2246274
4474 3 2249651
4475 9 2252857
4476 1 2256287
4477 6 2252034
4478 2 2248743
4479 2 2258636
4480 8 2253677
4481 5 2258212
4482 3 2252285
4483 10 2253877
4484 7 2251788
4485 7 2252260
4486 6 2252799
4487 7 2257262
4488 3 2261274
4489 6 2261025
4490 9 2259661
4491 8 2254167
4492 10 2254251
4493 4 2256323
4494 8 2257413
4495 10 2259658
4496 1 2260326
4497 4 2262355
4498 7 2260966
4499 8 2265249
4500 5 2259124
4501 2 2266299
4502 5 2261357
4503 10 2265104
4504 9 2264043
4505 1 2269793
4506 7 2266824
4507 6 2268478
4508 3 2266003
4509 5 2266287
4510 4 2264212
4511 9 2266614
4512 4 2269090
4513 10 2269290
4514 8 2265851
4515 8 2272969
4516 3 2268884
4517 5 2272353
4518 2 2270432
4519 9 2268373
4520 7 2273568
4521 9 2277300
4522 6 2277764
4523 3 2276845
4524 4 2272313
4525 10 2269705
4526 10 2278214
4527 1 2271418
4528 2 2275756
4529 1 2272697
4530 4 2279866
4531 5 2273087
4532 1 2280401
4533 8 2281783
4534 5 2275479
4535 7 2273762
4536 7 2274294
4537 7 2280370
4538 5 2275681
4539 5 2279709
4540 2 2285356
4541 3 2278032
4542 9 2284040
4543 6 2284233
4544 3 2279073
4545 10 2283151
4546 3 2280356
4547 5 2286434
4548 4 2287596
4549 3 2289428
4550 7 2288669
4551 1 2285028
4552 8 2286128
4553 10 2285137
4554 9 2290972
4555 6 2291347
4556 1 2290994
4557 10 2290402
4558 2 2292632
4559 8 2293603
4560 5 2294278
4561 4 2289529
4562 7 2290146
4563 3 2296089
4564 4 2294644
4565 7 2295418
4566 10 2292077
4567 9 2295995
4568 1 2299152
4569 6 2300338
4570 10 2299545
4571 2 2299761
4572 8 2301435
4573 5 2299839
4574 4 2300079
4575 7 2298753
4576 9 2305655
4577 3 2304296
4578 7 2305806
4579 1 2305129
4580 10 2301417
4581 2 2300666
4582 5 2309785
4583 4 2308072
4584 6 2306155
4585 2 2301818
4586 10 2307192
4587 8 2302125
4588 2 2311169
4589 8 2310395
4590 3 2304756
4591 3 2308063
4592 1 2311178
4593 9 2313372
4594 7 2313746
4595 6 2312206
4596 10 2316175
4597 3 2317225
4598 4 2313603
4599 5 2311117
4600 8 2315271
4601 5 2316620
4602 2 2311373
4603 1 2319425
4604 2 2320625
4605 6 2321275
4606 9 2321557
4607 4 2314625
4608 7 2322037
4609 4 2321771
4610 8 2318018
4611 10 2325153
4612 5 2319903
4613 3 2318223
4614 8 2327692
4615 3 2324618
4616 1 2323607
4617 5 2323888
4618 2 2324310
4619 6 2327058
4620 9 2324839
4621 4 2325263
4622 7 2330151
4623 1 2332900
4624 5 2325293
4625 2 2330755
4626 3 2329301
4627 9 2327261
4628 10 2329262
4629 4 2334335
4630 5 2335008
4631 6 2327400
4632 9 2335161
4633 6 2327497
4634 6 2330983
4635 8 2330736
4636 10 2334483
4637 3 2334501
4638 7 2334867
4639 8 2334279
4640 2 2339124
4641 6 2337639
4642 1 2339454
4643 8 2335134
4644 4 2339412
4645 10 2335469
4646 3 2341316
4647 7 2341941
4648 5 2338487
4649 8 2338895
4650 9 2341983
4651 10 2344650
4652 6 2343279
4653 5 2346037
4654 8 2345218
4655 2 2347933
4656 4 2347847
4657 1 2349136
4658 3 2345437
4659 7 2344868
4660 9 2343520
4661 6 2344297
4662 9 2345759
4663 6 2350530
4664 10 2345224
4665 7 2346246
4666 8 2345909
4667 10 2346020
4668 3 2346367
4669 9 2352153
4670 8 2355197
4671 10 2353732
4672 5 2349445
4673 7 2347629
4674 3 2350036
4675 7 2352406
4676 4 2355732
4677 2 2348966
4678 2 2350424
4679 1 2354188
4680 5 2352002
4681 3 2358389
4682 2 2354193
4683 6 2354863
4684 5 2356588
4685 9 2361730
4686 7 2360430
4687 10 2355242
4688 1 2360995
4689 2 2355678
4690 6 2364333
4691 8 2362111
4692 10 2357827
4693 2 2362229
4694 4 2363321
4695 5 2362104
4696 10 2364965
4697 3 2367685
4698 7 2360487
4699 7 2370095
4700 1 2370278
4701 9 2366399
4702 5 2371913
4703 8 2367894
4704 2 2364083
4705 4 2368292
4706 2 2368591
4707 6 2364759
4708 6 2369956
4709 10 2367975
4710 9 2369906
4711 3 2377593
4712 8 2372535
4713 10 2373149
4714 4 2373257
4715 2 2370254
4716 9 2375342
4717 6 2378989
4718 7 2378485
4719 2 2372795
4720 1 2374017
4721 5 2374398
4722 8 2373766
4723 2 2379483
4724 10 2376098
4725 4 2379417
4726 8 2380844
4727 1 2382296
4728 5 2383920
4729 9 2384765
4730 10 2380787
4731 3 2385486
4732 7 2387081
4733 6 2381984
4734 4 2380223
4735 2 2383605
4736 4 2385193
4737 10 2386605
4738 8 2384172
4739 6 2389149
4740 1 2384731
4741 2 2391192
4742 5 2385561
4743 8 2388035
4744 1 2393606
4745 9 2391606
4746 4 2387893
4747 3 2386152
4748 5 2390140
4749 3 2386499
4750 3 2394003
4751 10 2387103
4752 7 2388366
4753 10 2391667
4754 4 2393632
4755 8 2393578
4756 7 2389226
4757 6 2392225
4758 7 2398182
4759 5 2396568
4760 2 2398195
4761 9 2400765
4762 10 2399978
4763 6 2402200
4764 8 2394533
4765 1 2394785
4766 4 2397160
4767 3 2400405
4768 8 2396769
4769 1 2399027
4770 5 2400040
4771 8 2402780
4772 4 2401010
4773 7 2405709
4774 2 2403487
4775 1 2399680
4776 1 2405208
4777 10 2405694
4778 5 2403785
4779 3 2401151
4780 9 2406692
4781 4 2407651
4782 3 2407498
4783 6 2407397
4784 8 2412058
4785 2 2413190
4786 5 2410157
4787 1 2410775
4788 10 2407470
4789 7 2411688
4790 9 2413289
4791 6 2416506
4792 10 2414354
4793 3 2410678
4794 4 2413106
4795 5 2411014
4796 3 2419392
4797 1 2418856
4798 5 2411835
4799 7 2420945
4800 5 2416725
4801 8 2418830
4802 4 2415851
4803 2 2419150
4804 9 2422400
4805 10 2419325
4806 4 2418582
4807 6 2424525
4808 5 2420226
4809 4 2422283
4810 8 2420127
4811 1 2420911
4812 2 2425133
4813 10 2421839
4814 3 2419955
4815 3 2424639
4816 8 2425247
4817 5 2422371
4818 1 2430328
4819 7 2429337
4820 10 2424038
4821 4 2424536
4822 5 2425499
4823 9 2429098
4824 10 2430720
4825 6 2433027
4826 4 2433772
4827 3 2425927
4828 2 2434213
4829 8 2427422
4830 5 2426604
4831 3 2432103
4832 5 2434585
4833 8 2431576
4834 9 2435798
4835 7 2432489
4836 1 2433517
4837 10 2439387
4838 8 2438835
4839 3 2436455
4840 7 2437832
4841 6 2439678
4842 1 2440802
4843 4 2434294
4844 2 2441392
4845 4 2440555
4846 5 2443494
4847 9 2436702
4848 3 2445963
4849 9 2438425
4850 7 2442335
4851 9 2445659
4852 8 2444423
4853 10 2447711
4854 6 2446848
4855 4 2444435
4856 1 2447068
4857 2 2447534
4858 7 2445931
4859 5 2451330
4860 8 2448363
4861 4 2448206
4862 9 2453786
4863 7 2448178
4864 3 2446258
4865 3 2454643
4866 6 2450983
4867 1 2455728
4868 2 2449537
4869 10 2449584
4870 7 2456975
4871 4 2451896
4872 8 2457660
4873 2 2457758
4874 10 2454306
4875 6 2457688
4876 5 2454311
4877 4 2455822
4878 9 2462476
4879 10 2463316
4880 5 2460374
4881 3 2455529
4882 3 2457205
4883 1 2463957
4884 4 2463075
4885 7 2465387
4886 3 2466172
4887 8 2466677
4888 6 2466388
4889 2 2463305
4890 5 2463017
4891 9 2467928
4892 5 2463298
4893 4 2469083
4894 5 2468346
4895 2 2464438
4896 10 2469590
4897 1 2472308
4898 2 2472631
4899 7 2467755
4900 3 2473516
4901 6 2474417
4902 8 2467285
4903 8 2472969
4904 7 2474326
4905 9 2468042
4906 9 2476072
4907 5 2473507
4908 4 2478525
4909 10 2478519
4910 1 2474514
4911 2 2478706
4912 8 2481894
4913 5 2480778
4914 3 2482496
4915 7 2477443
4916 6 2481303
4917 1 2479328
4918 9 2484167
4919 7 2478118
4920 7 2480584
4921 10 2482675
4922 4 2484774
4923 2 2486365
4924 1 2488938
4925 7 2488555
4926 5 2485079
4927 6 2486282
4928 8 2482438
4929 8 2485592
4930 3 2483656
4931 10 2484322
4932 3 2485714
4933 9 2493441
4934 10 2490131
4935 4 2492594
4936 5 2488168
4937 8 2488058
4938 3 2494426
4939 6 2490203
4940 2 2494912
4941 8 2490915
4942 5 2497500
4943 7 2491828
4944 1 2492432
4945 10 2490169
4946 10 2494818
4947 6 2492343
4948 8 2492349
4949 7 2499045
4950 6 2500745
4951 8 2495560
4952 1 2498883
4953 4 2501081
4954 9 2496619
4955 3 2501121
4956 10 2503438
4957 2 2498041
4958 8 2502510
4959 9 2499021
4960 5 2498294
4961 2 2504308
4962 5 2498490
4963 5 2504379
4964 1 2506974
4965 9 2504616
4966 7 2499722
4967 7 2501385
4968 6 2509550
4969 4 2506007
4970 3 2503815
4971 7 2510344
4972 8 2508473
4973 10 2510250
4974 3 2510108
4975 2 2508764
4976 5 2505204
4977 9 2510763
4978 5 2509424
4979 4 2508634
4980 1 2510441
4981 8 2514476
4982 4 2513879
4983 2 2509141
4984 2 2510359
4985 5 2516509
4986 6 2516928
4987 3 2515743
4988 10 2518609
4989 7 2513776
4990 2 2519200
4991 1 2519628
4992 9 2515541
4993 7 2523265
4994 4 2521262
4995 8 2522751
4996 9 2516327
4997 3 2522069
4998 9 2520336
4999 5 2522931
5000 6 2518439
