1 1 333
2 2 116
3 3 220
4 4 169
5 5 317
6 6 504
7 7 144
8 8 414
9 9 52
10 10 277
11 9 70
12 9 473
13 2 309
14 7 521
15 4 576
16 3 397
17 10 415
18 2 668
19 5 372
20 1 718
21 5 694
22 3 640
23 8 628
24 10 688
25 9 776
26 6 866
27 7 994
28 4 830
29 8 939
30 3 873
31 2 1090
32 10 772
33 5 951
34 1 1129
35 10 1210
36 9 877
37 4 963
38 6 878
39 3 1060
40 9 1232
41 6 1329
42 8 1190
43 5 998
44 4 1164
45 7 1078
46 5 1212
47 3 1397
48 7 1446
49 2 1245
50 1 1137
51 1 1452
52 4 1334
53 8 1321
54 10 1637
55 5 1368
56 9 1513
57 2 1340
58 8 1655
59 6 1795
60 4 1607
61 2 1683
62 5 1712
63 3 1476
64 7 1789
65 1 1547
66 3 1505
67 3 1648
68 9 1734
69 1 1659
70 4 1672
71 10 2065
72 3 1688
73 8 1976
74 1 2149
75 4 2059
76 2 2100
77 3 1702
78 3 1732
79 5 1949
80 3 1941
81 9 2176
82 7 1843
83 6 2058
84 7 2250
85 3 2090
86 5 2421
87 8 2191
88 6 2526
89 4 2244
90 10 2116
91 3 2115
92 2 2464
93 3 2217
94 10 2312
95 1 2178
96 9 2540
97 1 2404
98 8 2686
99 3 2679
100 4 2649
101 7 2404
102 10 2751
103 1 2842
104 7 2733
105 5 2804
106 2 2794
107 6 2725
108 9 2736
109 4 2772
110 3 3104
111 8 2969
112 6 3123
113 7 2749
114 9 2739
115 9 3235
116 7 2914
117 10 3249
118 4 2976
119 2 2998
120 5 2807
121 5 2971
122 1 3131
123 7 3261
124 8 3367
125 5 3256
126 4 3143
127 2 3393
128 3 3187
129 6 3546
130 1 3320
131 4 3258
132 3 3578
133 9 3274
134 10 3468
135 5 3617
136 4 3337
137 7 3333
138 9 3769
139 1 3473
140 7 3497
141 4 3728
142 8 3769
143 2 3434
144 2 3743
145 10 3871
146 1 3812
147 7 3756
148 6 3829
149 3 3901
150 5 3894
151 4 3859
152 2 3937
153 7 3759
154 7 4030
155 8 3871
156 9 3960
157 1 3954
158 6 4070
159 4 3916
160 8 3943
161 10 4036
162 5 3949
163 3 4223
164 4 4228
165 2 4057
166 8 4196
167 5 4002
168 1 4368
169 9 4258
170 5 4122
171 7 4089
172 10 4503
173 2 4266
174 6 4432
175 7 4204
176 5 4341
177 8 4611
178 7 4474
179 3 4581
180 4 4697
181 9 4581
182 2 4317
183 2 4516
184 5 4589
185 1 4737
186 6 4503
187 7 4632
188 6 4853
189 10 4532
190 2 4806
191 10 4753
192 3 4809
193 9 4733
194 5 4964
195 8 4982
196 7 4862
197 4 5187
198 9 5016
199 1 5020
200 10 5136
201 2 4894
202 3 5155
203 6 4994
204 7 4916
205 2 5014
206 7 5231
207 5 5380
208 8 5218
209 6 5127
210 2 5170
211 9 5053
212 1 5402
213 9 5552
214 6 5308
215 10 5565
216 3 5217
217 2 5581
218 4 5400
219 3 5334
220 8 5259
221 7 5285
222 8 5510
223 7 5558
224 6 5613
225 3 5747
226 5 5716
227 4 5561
228 1 5436
229 1 5805
230 8 5716
231 9 5783
232 7 5949
233 4 5934
234 10 6057
235 2 5725
236 6 6040
237 5 5840
238 8 6215
239 2 5754
240 3 5773
241 2 5892
242 3 6265
243 9 6137
244 1 6253
245 5 6049
246 2 6022
247 4 6212
248 7 6066
249 2 6144
250 6 6335
251 5 6254
252 10 6531
253 7 6362
254 9 6535
255 2 6415
256 4 6458
257 8 6584
258 1 6679
259 5 6587
260 3 6658
261 6 6340
262 6 6761
263 7 6792
264 2 6608
265 4 6467
266 4 6607
267 10 6789
268 9 6735
269 8 6803
270 5 7036
271 4 6851
272 2 6936
273 3 6696
274 1 7135
275 3 6813
276 9 6870
277 6 7156
278 10 6876
279 7 7260
280 8 7204
281 3 7188
282 4 6972
283 9 6919
284 10 7307
285 9 7345
286 2 6939
287 2 7416
288 4 7156
289 5 7367
290 1 7167
291 4 7397
292 6 7650
293 1 7367
294 3 7194
295 3 7330
296 8 7638
297 7 7674
298 10 7505
299 3 7723
300 9 7369
301 1 7708
302 5 7419
303 9 7605
304 4 7838
305 2 7693
306 5 7863
307 10 8004
308 9 7910
309 8 7898
310 6 7929
311 7 8087
312 2 7784
313 1 7733
314 3 8093
315 1 7951
316 2 7915
317 4 8152
318 5 7977
319 8 8235
320 9 8221
321 2 8141
322 6 8242
323 1 8064
324 5 8174
325 10 8306
326 1 8182
327 7 8227
328 3 8488
329 2 8349
330 4 8604
331 5 8253
332 1 8673
333 9 8700
334 7 8601
335 8 8607
336 6 8656
337 5 8379
338 10 8774
339 2 8639
340 5 8476
341 5 8647
342 3 8518
343 3 8869
344 7 8679
345 4 8628
346 8 8698
347 4 8872
348 2 8982
349 5 8822
350 6 8784
351 1 8903
352 7 8763
353 8 8839
354 9 8827
355 7 9229
356 10 9138
357 6 8810
358 6 8934
359 5 8837
360 9 8886
361 5 9288
362 8 9050
363 3 8932
364 4 9087
365 9 9353
366 1 9328
367 3 9307
368 6 9362
369 2 9027
370 2 9491
371 8 9375
372 4 9327
373 10 9453
374 7 9581
375 5 9741
376 3 9733
377 4 9444
378 1 9695
379 9 9511
380 6 9409
381 8 9444
382 6 9610
383 4 9507
384 8 9500
385 10 9626
386 2 9781
387 8 9756
388 4 9773
389 9 9917
390 7 9763
391 6 9921
392 10 9737
393 1 9841
394 3 9799
395 10 9996
396 5 10022
397 8 9950
398 7 10071
399 4 10164
400 2 9942
401 3 10170
402 1 10125
403 9 10084
404 6 10272
405 2 10000
406 8 10193
407 10 10101
408 2 10024
409 5 10211
410 2 10186
411 7 10406
412 9 10484
413 10 10309
414 1 10168
415 4 10574
416 1 10535
417 3 10648
418 2 10481
419 8 10439
420 5 10535
421 6 10683
422 10 10566
423 7 10639
424 8 10617
425 2 10501
426 9 10889
427 2 10521
428 2 10856
429 1 10551
430 5 10823
431 1 10611
432 10 10654
433 4 10875
434 1 10736
435 8 10685
436 7 10982
437 3 11117
438 10 10672
439 10 10731
440 6 11166
441 8 10853
442 10 10832
443 1 11211
444 5 11181
445 10 10852
446 10 11113
447 8 10895
448 2 11047
449 4 11254
450 9 11047
451 8 11003
452 7 11187
453 8 11366
454 2 11441
455 9 11075
456 9 11510
457 10 11442
458 3 11582
459 6 11230
460 5 11474
461 7 11679
462 1 11404
463 6 11463
464 4 11744
465 8 11852
466 1 11805
467 2 11680
468 10 11670
469 6 11732
470 5 11580
471 9 11839
472 5 11769
473 3 11618
474 3 12013
475 10 11716
476 7 12093
477 2 11896
478 10 11889
479 6 11853
480 4 12189
481 5 12156
482 1 12070
483 9 11890
484 8 12210
485 6 12269
486 10 12261
487 9 12052
488 2 12328
489 3 12141
490 9 12073
491 1 12517
492 9 12407
493 7 12446
494 3 12200
495 5 12427
496 4 12245
497 3 12269
498 8 12400
499 4 12611
500 10 12595
501 3 12507
502 6 12552
503 2 12632
504 8 12872
505 9 12460
506 5 12825
507 7 12825
508 9 12932
509 3 12863
510 1 12593
511 6 12637
512 1 12725
513 10 12995
514 4 12684
515 2 12863
516 6 13106
517 4 13149
518 1 13217
519 5 12921
520 7 13226
521 2 12984
522 3 12998
523 8 13118
524 5 12968
525 9 13227
526 5 13220
527 2 13049
528 10 13362
529 3 13355
530 2 13154
531 6 13516
532 8 13417
533 4 13423
534 2 13494
535 1 13657
536 5 13635
537 7 13313
538 9 13564
539 7 13661
540 3 13366
541 10 13402
542 3 13753
543 10 13893
544 8 13670
545 4 13543
546 2 13671
547 6 13986
548 4 13962
549 9 14006
550 5 13955
551 1 13966
552 7 13842
553 8 14050
554 2 14049
555 3 14042
556 7 14326
557 10 14127
558 5 13961
559 5 14055
560 4 14164
561 1 14087
562 6 14155
563 9 14421
564 3 14122
565 2 14104
566 8 14393
567 5 14391
568 1 14431
569 2 14193
570 3 14307
571 10 14407
572 6 14214
573 4 14523
574 2 14206
575 2 14370
576 6 14559
577 3 14513
578 7 14331
579 7 14395
580 2 14403
581 5 14691
582 8 14433
583 7 14471
584 2 14603
585 10 14454
586 9 14594
587 1 14698
588 8 14474
589 10 14721
590 7 14686
591 8 14540
592 3 14857
593 4 14836
594 8 15013
595 6 14657
596 9 14970
597 2 14788
598 6 14810
599 7 14875
600 5 15142
601 1 14918
602 10 15016
603 2 15102
604 6 14988
605 4 15108
606 3 15132
607 7 15176
608 1 14989
609 9 15029
610 6 15214
611 1 15447
612 8 15243
613 10 15191
614 9 15076
615 9 15080
616 9 15207
617 2 15498
618 4 15583
619 3 15594
620 5 15171
621 5 15283
622 7 15421
623 10 15295
624 9 15443
625 6 15592
626 8 15253
627 8 15380
628 5 15383
629 10 15680
630 8 15602
631 5 15433
632 7 15660
633 5 15827
634 9 15727
635 1 15561
636 2 15736
637 1 15723
638 4 16026
639 6 15641
640 3 15663
641 8 16010
642 6 15850
643 7 15998
644 3 16127
645 10 15967
646 1 15742
647 9 15922
648 2 15885
649 1 15931
650 5 16083
651 6 15905
652 2 16162
653 6 16345
654 9 16044
655 1 16150
656 10 16128
657 7 16260
658 8 16227
659 4 16250
660 9 16535
661 5 16135
662 3 16347
663 10 16534
664 5 16351
665 1 16557
666 2 16178
667 2 16263
668 8 16292
669 4 16718
670 7 16751
671 2 16280
672 2 16383
673 8 16630
674 6 16346
675 6 16533
676 3 16766
677 5 16564
678 2 16826
679 6 16607
680 10 16996
681 9 16930
682 1 16782
683 5 16907
684 6 16631
685 8 16688
686 6 17121
687 8 16878
688 4 16765
689 7 17002
690 4 16906
691 3 17088
692 1 17084
693 2 17195
694 8 17206
695 4 17315
696 5 17216
697 9 17069
698 10 17426
699 7 17441
700 9 17240
701 1 17463
702 3 17204
703 6 17309
704 2 17294
705 3 17288
706 8 17621
707 5 17489
708 9 17256
709 9 17436
710 3 17753
711 2 17373
712 6 17711
713 4 17487
714 2 17673
715 10 17858
716 9 17726
717 7 17634
718 1 17899
719 4 17527
720 5 17772
721 4 17651
722 8 17860
723 7 17806
724 4 17992
725 2 17936
726 6 17884
727 9 18028
728 3 18021
729 5 18152
730 7 17994
731 10 18315
732 8 18152
733 6 18301
734 1 18239
735 2 18024
736 4 18292
737 7 18094
738 3 18219
739 2 18518
740 9 18397
741 7 18545
742 5 18573
743 8 18252
744 3 18344
745 1 18294
746 8 18606
747 4 18500
748 1 18664
749 6 18668
750 10 18320
751 10 18573
752 3 18676
753 9 18883
754 4 18653
755 2 18528
756 2 19001
757 7 18880
758 5 18579
759 10 18673
760 5 18945
761 8 18656
762 4 19076
763 8 18964
764 1 18976
765 6 19041
766 10 18674
767 10 18806
768 3 19132
769 10 19110
770 7 19071
771 9 19016
772 5 19092
773 8 19150
774 1 19192
775 2 19211
776 9 19300
777 6 19060
778 6 19133
779 7 19351
780 4 19266
781 5 19422
782 10 19519
783 3 19293
784 6 19615
785 8 19291
786 1 19246
787 2 19260
788 1 19309
789 2 19310
790 4 19318
791 8 19790
792 3 19501
793 9 19673
794 1 19648
795 2 19530
796 4 19728
797 7 19357
798 7 19378
799 7 19471
800 5 19686
801 7 19795
802 3 19881
803 10 19805
804 2 19814
805 6 19858
806 1 19672
807 1 19762
808 9 20082
809 5 19841
810 4 19966
811 1 20242
812 8 20267
813 7 19920
814 10 20100
815 2 19946
816 5 20270
817 6 20095
818 3 20305
819 7 20366
820 2 19966
821 2 20385
822 4 20078
823 4 20358
824 9 20147
825 6 20371
826 10 20424
827 9 20424
828 1 20375
829 8 20510
830 5 20660
831 3 20785
832 4 20829
833 7 20573
834 6 20440
835 1 20788
836 2 20715
837 9 20723
838 10 20692
839 6 20918
840 8 20822
841 7 20743
842 5 20779
843 10 20959
844 2 20850
845 9 20965
846 7 20778
847 7 20804
848 5 20794
849 3 20822
850 1 20815
851 5 20909
852 7 21035
853 1 20956
854 3 21133
855 8 20853
856 4 20946
857 2 21093
858 8 21351
859 5 21344
860 6 21089
861 4 21414
862 1 21427
863 10 21456
864 9 21051
865 7 21140
866 9 21523
867 6 21206
868 2 21167
869 3 21342
870 7 21524
871 2 21297
872 6 21539
873 2 21690
874 3 21758
875 5 21398
876 8 21802
877 5 21644
878 4 21467
879 1 21681
880 10 21503
881 4 21699
882 10 21999
883 9 21531
884 7 21820
885 9 21714
886 6 21991
887 5 22144
888 1 22145
889 2 21745
890 4 21956
891 9 22062
892 2 21924
893 3 21759
894 3 21925
895 8 21935
896 7 22154
897 2 22024
898 3 22421
899 8 22218
900 4 22434
901 6 22118
902 10 22247
903 2 22324
904 9 22364
905 6 22568
906 5 22282
907 1 22420
908 7 22499
909 8 22343
910 10 22273
911 10 22567
912 5 22575
913 2 22777
914 8 22798
915 9 22533
916 1 22790
917 3 22881
918 4 22843
919 7 22874
920 9 22707
921 10 22901
922 6 22661
923 5 22883
924 6 23067
925 9 23091
926 2 23149
927 1 22994
928 8 22995
929 4 23111
930 7 23352
931 3 23293
932 5 23105
933 10 23312
934 1 23285
935 8 23444
936 6 23247
937 9 23096
938 9 23559
939 5 23221
940 4 23178
941 2 23596
942 4 23342
943 5 23560
944 6 23576
945 1 23428
946 3 23638
947 10 23419
948 4 23473
949 7 23503
950 10 23848
951 1 23878
952 8 23545
953 4 23499
954 4 23562
955 7 23587
956 8 23751
957 9 23894
958 5 23859
959 4 23842
960 6 24040
961 7 23722
962 2 23728
963 3 23946
964 7 23889
965 2 23916
966 8 24242
967 4 23905
968 10 24003
969 5 24035
970 1 23915
971 7 24213
972 9 24089
973 4 24197
974 1 24304
975 2 24203
976 3 23947
977 3 24297
978 10 24184
979 5 24079
980 6 24519
981 5 24415
982 9 24290
983 10 24607
984 4 24622
985 2 24418
986 7 24273
987 8 24439
988 7 24443
989 9 24630
990 3 24467
991 1 24500
992 5 24467
993 2 24521
994 8 24493
995 7 24533
996 3 24702
997 5 24891
998 8 24937
999 1 24662
1000 6 24979
