1 1 833
2 1 6246
3 1 6602
4 1 11718
5 1 12900
6 1 32990
7 1 47111
8 1 52748
9 1 55761
10 1 57280
11 1 63337
12 1 65464
13 1 67777
14 1 70595
15 1 73679
16 1 74748
17 1 80000
18 1 93828
19 1 94611
20 1 95795
21 1 104219
22 1 105438
23 1 107147
24 1 107554
25 1 111004
26 1 112390
27 1 125422
28 1 125993
29 1 135256
30 1 147354
31 1 167445
32 1 176018
33 1 180338
34 1 182178
35 1 187083
36 1 189158
37 1 193983
38 1 195416
39 1 200134
40 1 200576
41 1 210796
42 1 221906
43 1 226705
44 1 234675
45 1 241172
46 1 247700
47 1 248836
48 1 249726
49 1 255552
50 1 258784
51 1 260775
52 1 268574
53 1 271806
54 1 272399
55 1 273563
56 1 276193
57 1 281716
58 1 283607
59 1 286232
60 1 299456
61 1 302538
62 1 303363
63 1 310880
64 1 313901
65 1 318985
66 1 323241
67 1 327014
68 1 328408
69 1 349768
70 1 351568
71 1 359580
72 1 361318
73 1 377785
74 1 380798
75 1 380873
76 1 384395
77 1 386905
78 1 401712
79 1 401919
80 1 406975
81 1 411358
82 1 414178
83 1 418168
84 1 420312
85 1 431376
86 1 439162
87 1 441396
88 1 444810
89 1 445806
90 1 450694
91 1 451488
92 1 453892
93 1 455060
94 1 456746
95 1 473431
96 1 475555
97 1 488043
98 1 488164
99 1 492634
100 1 498562
