hdtinsqnhp qblqslakif dqmtwjvgyn fgzeejznje tudyjxnpdl jnvezbdbqv jdmhyiepvh xnomptqkxn vowtolwmav uzibcfcbyg
station fnzsfyulwy has been built
station qkcazfylyo has been built
jnvezbdbqv tudyjxnpdl
8
jdmhyiepvh fnzsfyulwy jnvezbdbqv tudyjxnpdl fgzeejznje
17
station djyggcbzxp has been built
station cwtnwgnevc has been built
0
5
xnomptqkxn
dqmtwjvgyn fgzeejznje tudyjxnpdl
17
8
hdtinsqnhp qblqslakif qkcazfylyo dqmtwjvgyn fgzeejznje
17
17
station jdqkcheqpe has been built
uzibcfcbyg hdtinsqnhp qblqslakif qkcazfylyo dqmtwjvgyn fgzeejznje
fgzeejznje dqmtwjvgyn qkcazfylyo qblqslakif hdtinsqnhp
20
2
8
0
14
station uktzuabhjr has been built
vowtolwmav uzibcfcbyg hdtinsqnhp
17
5
20
station pbyumswyfw has been built
uzibcfcbyg hdtinsqnhp qblqslakif uktzuabhjr qkcazfylyo dqmtwjvgyn
jnvezbdbqv jdqkcheqpe fnzsfyulwy jdmhyiepvh
14
23
0
fgzeejznje
5
xnomptqkxn vowtolwmav pbyumswyfw uzibcfcbyg hdtinsqnhp qblqslakif uktzuabhjr qkcazfylyo dqmtwjvgyn fgzeejznje tudyjxnpdl jnvezbdbqv jdqkcheqpe fnzsfyulwy jdmhyiepvh cwtnwgnevc djyggcbzxp
station txbgcjvokm has been built
11
26
jnvezbdbqv jdqkcheqpe fnzsfyulwy jdmhyiepvh cwtnwgnevc djyggcbzxp xnomptqkxn vowtolwmav
26
23
14
uzibcfcbyg hdtinsqnhp qblqslakif uktzuabhjr qkcazfylyo dqmtwjvgyn fgzeejznje txbgcjvokm tudyjxnpdl jnvezbdbqv jdqkcheqpe fnzsfyulwy jdmhyiepvh cwtnwgnevc djyggcbzxp xnomptqkxn vowtolwmav pbyumswyfw
hdtinsqnhp qblqslakif uktzuabhjr qkcazfylyo dqmtwjvgyn fgzeejznje
0
uzibcfcbyg pbyumswyfw vowtolwmav xnomptqkxn djyggcbzxp cwtnwgnevc jdmhyiepvh
8
qblqslakif hdtinsqnhp uzibcfcbyg pbyumswyfw vowtolwmav
5
23
8
station olpvzbgcfm has been built
vowtolwmav xnomptqkxn djyggcbzxp cwtnwgnevc jdmhyiepvh fnzsfyulwy jdqkcheqpe jnvezbdbqv
20
hdtinsqnhp olpvzbgcfm uzibcfcbyg pbyumswyfw vowtolwmav xnomptqkxn djyggcbzxp cwtnwgnevc jdmhyiepvh
qblqslakif uktzuabhjr qkcazfylyo dqmtwjvgyn fgzeejznje txbgcjvokm tudyjxnpdl jnvezbdbqv jdqkcheqpe fnzsfyulwy jdmhyiepvh cwtnwgnevc djyggcbzxp xnomptqkxn vowtolwmav pbyumswyfw uzibcfcbyg olpvzbgcfm hdtinsqnhp
17
dqmtwjvgyn qkcazfylyo uktzuabhjr qblqslakif hdtinsqnhp olpvzbgcfm uzibcfcbyg
hdtinsqnhp qblqslakif uktzuabhjr qkcazfylyo dqmtwjvgyn fgzeejznje txbgcjvokm tudyjxnpdl
23
fgzeejznje txbgcjvokm tudyjxnpdl jnvezbdbqv jdqkcheqpe fnzsfyulwy jdmhyiepvh cwtnwgnevc djyggcbzxp xnomptqkxn vowtolwmav pbyumswyfw uzibcfcbyg olpvzbgcfm hdtinsqnhp qblqslakif uktzuabhjr qkcazfylyo dqmtwjvgyn
0
station ewlczenico has been built
tudyjxnpdl jnvezbdbqv jdqkcheqpe fnzsfyulwy jdmhyiepvh cwtnwgnevc djyggcbzxp xnomptqkxn vowtolwmav pbyumswyfw uzibcfcbyg olpvzbgcfm hdtinsqnhp qblqslakif uktzuabhjr qkcazfylyo dqmtwjvgyn fgzeejznje ewlczenico txbgcjvokm
hdtinsqnhp qblqslakif uktzuabhjr qkcazfylyo dqmtwjvgyn fgzeejznje ewlczenico txbgcjvokm tudyjxnpdl jnvezbdbqv jdqkcheqpe fnzsfyulwy jdmhyiepvh cwtnwgnevc djyggcbzxp xnomptqkxn vowtolwmav pbyumswyfw uzibcfcbyg olpvzbgcfm
fgzeejznje dqmtwjvgyn
8
dqmtwjvgyn fgzeejznje ewlczenico txbgcjvokm tudyjxnpdl jnvezbdbqv
tudyjxnpdl txbgcjvokm ewlczenico fgzeejznje dqmtwjvgyn qkcazfylyo uktzuabhjr qblqslakif
hdtinsqnhp qblqslakif uktzuabhjr qkcazfylyo dqmtwjvgyn fgzeejznje
14
dqmtwjvgyn fgzeejznje
26
11
11
14
8
uzibcfcbyg pbyumswyfw vowtolwmav xnomptqkxn djyggcbzxp cwtnwgnevc jdmhyiepvh
vowtolwmav pbyumswyfw uzibcfcbyg olpvzbgcfm hdtinsqnhp qblqslakif uktzuabhjr qkcazfylyo dqmtwjvgyn fgzeejznje
0
tudyjxnpdl jnvezbdbqv jdqkcheqpe fnzsfyulwy jdmhyiepvh cwtnwgnevc djyggcbzxp xnomptqkxn
20
8
station ymknvpaolo has been built
station jpsunenlsg has been built
20
11
26
11
0
2
8
fgzeejznje ewlczenico txbgcjvokm tudyjxnpdl jnvezbdbqv jdqkcheqpe fnzsfyulwy jdmhyiepvh cwtnwgnevc djyggcbzxp xnomptqkxn
station hqynfoiyuc has been built
20
