lqpuvbdhxl kshcowcgin lhvtyqwrzz aprshqvbpf diholkjbwh fbumrzvxbp zcbjhooxug nsxdakyaqe zcofpyckjz xxxcibreac zlzugwlptq vamgbcxsxy odprtnkmyz xteyenzdcn jwcznkxkke yvzayilmya rjeodljgfb
2
68
lpzqhokpuk polfesyvnu mpgqekfuvo vubnrfmikf laldbphcsq lqpuvbdhxl kshcowcgin lhvtyqwrzz aprshqvbpf diholkjbwh fbumrzvxbp zcbjhooxug nsxdakyaqe zcofpyckjz xxxcibreac
26
0
11
station wbmmbueyqc has been built
zcbjhooxug nsxdakyaqe zcofpyckjz
8
68
5
5
polfesyvnu mpgqekfuvo vubnrfmikf laldbphcsq lqpuvbdhxl
lqpuvbdhxl kshcowcgin lhvtyqwrzz aprshqvbpf diholkjbwh fbumrzvxbp zcbjhooxug nsxdakyaqe
vubnrfmikf laldbphcsq lqpuvbdhxl kshcowcgin lhvtyqwrzz aprshqvbpf diholkjbwh fbumrzvxbp zcbjhooxug nsxdakyaqe zcofpyckjz xxxcibreac zlzugwlptq vamgbcxsxy odprtnkmyz xteyenzdcn jwcznkxkke yvzayilmya rjeodljgfb aynujhmdqx miwhpnftns xoigbfcugu siyypplzer zmahyftbkq wbmmbueyqc urtnsvqhst okrmmslfhk rpdemmlont yjtxbnkbnp grvuekvjxd dozxllgrck pqdfougesf edhdhumkxd wifoiisdnc lbphrujqfr eehmjhwpoz dkpowlygon nvpzivrbeh jlfkzyjysm okpfdoshxa crijxycbro rvfmlncdub mxoyqgysis xvadlqeypo yfndbvnowg ogeuuinbaa dbqaeeqxdc avhvomcdth lpzqhokpuk polfesyvnu mpgqekfuvo
dbqaeeqxdc avhvomcdth lpzqhokpuk polfesyvnu mpgqekfuvo vubnrfmikf laldbphcsq lqpuvbdhxl kshcowcgin lhvtyqwrzz aprshqvbpf diholkjbwh fbumrzvxbp zcbjhooxug nsxdakyaqe zcofpyckjz xxxcibreac zlzugwlptq vamgbcxsxy odprtnkmyz xteyenzdcn jwcznkxkke
38
dbqaeeqxdc avhvomcdth lpzqhokpuk polfesyvnu mpgqekfuvo vubnrfmikf laldbphcsq lqpuvbdhxl kshcowcgin lhvtyqwrzz aprshqvbpf diholkjbwh
nsxdakyaqe zcofpyckjz xxxcibreac zlzugwlptq vamgbcxsxy odprtnkmyz xteyenzdcn jwcznkxkke yvzayilmya rjeodljgfb aynujhmdqx miwhpnftns xoigbfcugu siyypplzer zmahyftbkq wbmmbueyqc urtnsvqhst okrmmslfhk rpdemmlont yjtxbnkbnp grvuekvjxd dozxllgrck pqdfougesf edhdhumkxd wifoiisdnc lbphrujqfr eehmjhwpoz dkpowlygon nvpzivrbeh jlfkzyjysm okpfdoshxa crijxycbro rvfmlncdub mxoyqgysis xvadlqeypo yfndbvnowg ogeuuinbaa dbqaeeqxdc avhvomcdth lpzqhokpuk polfesyvnu mpgqekfuvo vubnrfmikf laldbphcsq lqpuvbdhxl kshcowcgin lhvtyqwrzz aprshqvbpf diholkjbwh fbumrzvxbp zcbjhooxug
14
station jxrzxpdjkw has been built
14
dkpowlygon nvpzivrbeh jlfkzyjysm okpfdoshxa crijxycbro rvfmlncdub mxoyqgysis xvadlqeypo yfndbvnowg ogeuuinbaa dbqaeeqxdc avhvomcdth lpzqhokpuk polfesyvnu mpgqekfuvo vubnrfmikf laldbphcsq lqpuvbdhxl kshcowcgin lhvtyqwrzz aprshqvbpf diholkjbwh fbumrzvxbp zcbjhooxug nsxdakyaqe jxrzxpdjkw zcofpyckjz xxxcibreac zlzugwlptq vamgbcxsxy odprtnkmyz xteyenzdcn jwcznkxkke yvzayilmya rjeodljgfb aynujhmdqx miwhpnftns xoigbfcugu siyypplzer zmahyftbkq wbmmbueyqc urtnsvqhst okrmmslfhk rpdemmlont yjtxbnkbnp grvuekvjxd dozxllgrck pqdfougesf edhdhumkxd wifoiisdnc lbphrujqfr eehmjhwpoz
8
station agwzrkyjdl has been built
53
station iqdwzqqxro has been built
yjtxbnkbnp rpdemmlont agwzrkyjdl okrmmslfhk urtnsvqhst wbmmbueyqc zmahyftbkq siyypplzer xoigbfcugu miwhpnftns aynujhmdqx rjeodljgfb yvzayilmya jwcznkxkke xteyenzdcn
station qxdnueqzrg has been built
mpgqekfuvo polfesyvnu
44
29
station vvbtrnsgip has been built
lqpuvbdhxl kshcowcgin lhvtyqwrzz aprshqvbpf diholkjbwh iqdwzqqxro fbumrzvxbp zcbjhooxug nsxdakyaqe jxrzxpdjkw zcofpyckjz xxxcibreac zlzugwlptq vamgbcxsxy odprtnkmyz xteyenzdcn jwcznkxkke yvzayilmya rjeodljgfb aynujhmdqx miwhpnftns xoigbfcugu siyypplzer vvbtrnsgip zmahyftbkq wbmmbueyqc urtnsvqhst
41
station cbmkrmvbzr has been built
2
station padjnlihdg has been built
65
32
miwhpnftns aynujhmdqx rjeodljgfb yvzayilmya jwcznkxkke xteyenzdcn odprtnkmyz vamgbcxsxy
yjtxbnkbnp grvuekvjxd dozxllgrck cbmkrmvbzr pqdfougesf edhdhumkxd wifoiisdnc lbphrujqfr eehmjhwpoz dkpowlygon nvpzivrbeh jlfkzyjysm
nvpzivrbeh jlfkzyjysm okpfdoshxa crijxycbro rvfmlncdub mxoyqgysis xvadlqeypo yfndbvnowg ogeuuinbaa dbqaeeqxdc avhvomcdth qxdnueqzrg lpzqhokpuk polfesyvnu mpgqekfuvo vubnrfmikf laldbphcsq lqpuvbdhxl kshcowcgin lhvtyqwrzz aprshqvbpf diholkjbwh iqdwzqqxro fbumrzvxbp zcbjhooxug nsxdakyaqe jxrzxpdjkw zcofpyckjz xxxcibreac zlzugwlptq vamgbcxsxy odprtnkmyz xteyenzdcn jwcznkxkke yvzayilmya rjeodljgfb aynujhmdqx miwhpnftns xoigbfcugu siyypplzer vvbtrnsgip zmahyftbkq wbmmbueyqc urtnsvqhst okrmmslfhk agwzrkyjdl rpdemmlont padjnlihdg yjtxbnkbnp grvuekvjxd dozxllgrck cbmkrmvbzr pqdfougesf edhdhumkxd wifoiisdnc lbphrujqfr eehmjhwpoz dkpowlygon
14
aynujhmdqx miwhpnftns xoigbfcugu siyypplzer vvbtrnsgip zmahyftbkq wbmmbueyqc urtnsvqhst okrmmslfhk agwzrkyjdl rpdemmlont padjnlihdg yjtxbnkbnp grvuekvjxd dozxllgrck cbmkrmvbzr pqdfougesf edhdhumkxd wifoiisdnc lbphrujqfr eehmjhwpoz dkpowlygon nvpzivrbeh jlfkzyjysm okpfdoshxa crijxycbro rvfmlncdub mxoyqgysis xvadlqeypo
station kgtdhzxwyn has been built
kshcowcgin lhvtyqwrzz aprshqvbpf diholkjbwh iqdwzqqxro fbumrzvxbp zcbjhooxug nsxdakyaqe jxrzxpdjkw zcofpyckjz xxxcibreac zlzugwlptq vamgbcxsxy odprtnkmyz xteyenzdcn jwcznkxkke yvzayilmya rjeodljgfb aynujhmdqx miwhpnftns xoigbfcugu siyypplzer vvbtrnsgip zmahyftbkq wbmmbueyqc urtnsvqhst okrmmslfhk agwzrkyjdl rpdemmlont padjnlihdg yjtxbnkbnp grvuekvjxd dozxllgrck cbmkrmvbzr pqdfougesf edhdhumkxd wifoiisdnc lbphrujqfr eehmjhwpoz dkpowlygon nvpzivrbeh jlfkzyjysm okpfdoshxa crijxycbro rvfmlncdub mxoyqgysis xvadlqeypo yfndbvnowg ogeuuinbaa dbqaeeqxdc avhvomcdth qxdnueqzrg lpzqhokpuk polfesyvnu mpgqekfuvo kgtdhzxwyn vubnrfmikf laldbphcsq lqpuvbdhxl
38
mxoyqgysis rvfmlncdub crijxycbro okpfdoshxa jlfkzyjysm nvpzivrbeh dkpowlygon eehmjhwpoz lbphrujqfr wifoiisdnc edhdhumkxd pqdfougesf cbmkrmvbzr dozxllgrck grvuekvjxd yjtxbnkbnp padjnlihdg rpdemmlont agwzrkyjdl okrmmslfhk urtnsvqhst wbmmbueyqc zmahyftbkq vvbtrnsgip siyypplzer xoigbfcugu miwhpnftns
44
47
47
station amzatxzjju has been built
5
2
station vvowhfusze has been built
29
83
station vltsziopef has been built
vubnrfmikf laldbphcsq lqpuvbdhxl kshcowcgin lhvtyqwrzz aprshqvbpf diholkjbwh iqdwzqqxro fbumrzvxbp zcbjhooxug nsxdakyaqe jxrzxpdjkw zcofpyckjz xxxcibreac zlzugwlptq vamgbcxsxy odprtnkmyz xteyenzdcn jwcznkxkke yvzayilmya rjeodljgfb aynujhmdqx miwhpnftns xoigbfcugu siyypplzer vvbtrnsgip zmahyftbkq wbmmbueyqc urtnsvqhst okrmmslfhk agwzrkyjdl rpdemmlont padjnlihdg yjtxbnkbnp vltsziopef grvuekvjxd dozxllgrck cbmkrmvbzr pqdfougesf amzatxzjju edhdhumkxd wifoiisdnc lbphrujqfr eehmjhwpoz dkpowlygon nvpzivrbeh jlfkzyjysm okpfdoshxa crijxycbro rvfmlncdub mxoyqgysis xvadlqeypo vvowhfusze yfndbvnowg ogeuuinbaa dbqaeeqxdc avhvomcdth qxdnueqzrg lpzqhokpuk polfesyvnu mpgqekfuvo kgtdhzxwyn
lpzqhokpuk polfesyvnu mpgqekfuvo kgtdhzxwyn vubnrfmikf laldbphcsq lqpuvbdhxl kshcowcgin lhvtyqwrzz
dbqaeeqxdc avhvomcdth qxdnueqzrg lpzqhokpuk polfesyvnu mpgqekfuvo kgtdhzxwyn vubnrfmikf laldbphcsq lqpuvbdhxl kshcowcgin lhvtyqwrzz aprshqvbpf diholkjbwh iqdwzqqxro fbumrzvxbp zcbjhooxug nsxdakyaqe jxrzxpdjkw zcofpyckjz xxxcibreac zlzugwlptq vamgbcxsxy odprtnkmyz xteyenzdcn jwcznkxkke yvzayilmya rjeodljgfb aynujhmdqx miwhpnftns
wifoiisdnc lbphrujqfr eehmjhwpoz
14
vubnrfmikf laldbphcsq lqpuvbdhxl kshcowcgin lhvtyqwrzz aprshqvbpf diholkjbwh iqdwzqqxro fbumrzvxbp zcbjhooxug nsxdakyaqe jxrzxpdjkw zcofpyckjz xxxcibreac zlzugwlptq vamgbcxsxy odprtnkmyz xteyenzdcn jwcznkxkke yvzayilmya rjeodljgfb aynujhmdqx miwhpnftns xoigbfcugu siyypplzer vvbtrnsgip zmahyftbkq wbmmbueyqc urtnsvqhst
65
station cfxaxobfrf has been built
laldbphcsq vubnrfmikf kgtdhzxwyn mpgqekfuvo polfesyvnu lpzqhokpuk qxdnueqzrg avhvomcdth dbqaeeqxdc ogeuuinbaa yfndbvnowg vvowhfusze xvadlqeypo mxoyqgysis rvfmlncdub crijxycbro okpfdoshxa jlfkzyjysm nvpzivrbeh dkpowlygon eehmjhwpoz lbphrujqfr
station zstyphrcrz has been built
0
lhvtyqwrzz aprshqvbpf diholkjbwh iqdwzqqxro fbumrzvxbp zcbjhooxug nsxdakyaqe cfxaxobfrf jxrzxpdjkw zcofpyckjz xxxcibreac zlzugwlptq vamgbcxsxy odprtnkmyz xteyenzdcn jwcznkxkke yvzayilmya rjeodljgfb aynujhmdqx miwhpnftns zstyphrcrz xoigbfcugu siyypplzer vvbtrnsgip zmahyftbkq wbmmbueyqc urtnsvqhst okrmmslfhk agwzrkyjdl rpdemmlont padjnlihdg yjtxbnkbnp vltsziopef grvuekvjxd dozxllgrck cbmkrmvbzr pqdfougesf amzatxzjju edhdhumkxd wifoiisdnc lbphrujqfr eehmjhwpoz dkpowlygon nvpzivrbeh jlfkzyjysm okpfdoshxa crijxycbro rvfmlncdub mxoyqgysis xvadlqeypo vvowhfusze yfndbvnowg ogeuuinbaa dbqaeeqxdc avhvomcdth qxdnueqzrg lpzqhokpuk polfesyvnu mpgqekfuvo kgtdhzxwyn vubnrfmikf laldbphcsq lqpuvbdhxl kshcowcgin
74
89
station iibouuldji has been built
vamgbcxsxy zlzugwlptq xxxcibreac zcofpyckjz jxrzxpdjkw cfxaxobfrf nsxdakyaqe zcbjhooxug fbumrzvxbp iqdwzqqxro diholkjbwh aprshqvbpf lhvtyqwrzz kshcowcgin lqpuvbdhxl
station qswmtdibvl has been built
station rvhxaqjlof has been built
rpdemmlont padjnlihdg yjtxbnkbnp vltsziopef grvuekvjxd dozxllgrck cbmkrmvbzr pqdfougesf rvhxaqjlof amzatxzjju edhdhumkxd wifoiisdnc lbphrujqfr eehmjhwpoz dkpowlygon nvpzivrbeh jlfkzyjysm okpfdoshxa crijxycbro rvfmlncdub
station ragxfrkhck has been built
83
53
89
station nuamtwqefb has been built
lpzqhokpuk polfesyvnu mpgqekfuvo iibouuldji kgtdhzxwyn vubnrfmikf laldbphcsq lqpuvbdhxl kshcowcgin lhvtyqwrzz aprshqvbpf ragxfrkhck diholkjbwh iqdwzqqxro fbumrzvxbp zcbjhooxug nsxdakyaqe cfxaxobfrf jxrzxpdjkw zcofpyckjz xxxcibreac zlzugwlptq vamgbcxsxy odprtnkmyz xteyenzdcn jwcznkxkke yvzayilmya rjeodljgfb aynujhmdqx miwhpnftns zstyphrcrz xoigbfcugu siyypplzer vvbtrnsgip zmahyftbkq qswmtdibvl wbmmbueyqc urtnsvqhst okrmmslfhk agwzrkyjdl rpdemmlont padjnlihdg yjtxbnkbnp nuamtwqefb vltsziopef grvuekvjxd dozxllgrck cbmkrmvbzr pqdfougesf rvhxaqjlof amzatxzjju edhdhumkxd wifoiisdnc lbphrujqfr eehmjhwpoz dkpowlygon nvpzivrbeh jlfkzyjysm okpfdoshxa crijxycbro rvfmlncdub mxoyqgysis xvadlqeypo vvowhfusze yfndbvnowg ogeuuinbaa dbqaeeqxdc avhvomcdth qxdnueqzrg
41
53
jlfkzyjysm okpfdoshxa crijxycbro rvfmlncdub mxoyqgysis xvadlqeypo vvowhfusze yfndbvnowg ogeuuinbaa dbqaeeqxdc avhvomcdth qxdnueqzrg lpzqhokpuk polfesyvnu mpgqekfuvo iibouuldji kgtdhzxwyn vubnrfmikf laldbphcsq lqpuvbdhxl kshcowcgin lhvtyqwrzz aprshqvbpf ragxfrkhck diholkjbwh iqdwzqqxro fbumrzvxbp zcbjhooxug nsxdakyaqe cfxaxobfrf jxrzxpdjkw zcofpyckjz xxxcibreac zlzugwlptq vamgbcxsxy odprtnkmyz xteyenzdcn jwcznkxkke yvzayilmya rjeodljgfb aynujhmdqx miwhpnftns zstyphrcrz xoigbfcugu siyypplzer vvbtrnsgip zmahyftbkq qswmtdibvl wbmmbueyqc urtnsvqhst okrmmslfhk agwzrkyjdl rpdemmlont padjnlihdg yjtxbnkbnp nuamtwqefb vltsziopef grvuekvjxd dozxllgrck cbmkrmvbzr pqdfougesf rvhxaqjlof amzatxzjju edhdhumkxd wifoiisdnc lbphrujqfr eehmjhwpoz dkpowlygon nvpzivrbeh
station ukuulwiphk has been built
23
jlfkzyjysm okpfdoshxa crijxycbro rvfmlncdub mxoyqgysis xvadlqeypo vvowhfusze yfndbvnowg ogeuuinbaa dbqaeeqxdc avhvomcdth qxdnueqzrg lpzqhokpuk polfesyvnu
station rxiqoprwav has been built
station dsbaezdsen has been built
xoigbfcugu zstyphrcrz miwhpnftns aynujhmdqx rjeodljgfb yvzayilmya jwcznkxkke xteyenzdcn odprtnkmyz ukuulwiphk vamgbcxsxy zlzugwlptq xxxcibreac zcofpyckjz jxrzxpdjkw cfxaxobfrf nsxdakyaqe zcbjhooxug fbumrzvxbp iqdwzqqxro diholkjbwh ragxfrkhck aprshqvbpf lhvtyqwrzz kshcowcgin lqpuvbdhxl laldbphcsq
89
wifoiisdnc lbphrujqfr eehmjhwpoz dkpowlygon nvpzivrbeh jlfkzyjysm okpfdoshxa crijxycbro rvfmlncdub mxoyqgysis xvadlqeypo vvowhfusze yfndbvnowg ogeuuinbaa dbqaeeqxdc avhvomcdth qxdnueqzrg lpzqhokpuk polfesyvnu mpgqekfuvo iibouuldji kgtdhzxwyn vubnrfmikf laldbphcsq lqpuvbdhxl kshcowcgin lhvtyqwrzz aprshqvbpf ragxfrkhck diholkjbwh iqdwzqqxro fbumrzvxbp zcbjhooxug nsxdakyaqe cfxaxobfrf jxrzxpdjkw zcofpyckjz xxxcibreac zlzugwlptq vamgbcxsxy ukuulwiphk odprtnkmyz xteyenzdcn jwcznkxkke yvzayilmya rjeodljgfb aynujhmdqx miwhpnftns zstyphrcrz xoigbfcugu siyypplzer vvbtrnsgip zmahyftbkq qswmtdibvl wbmmbueyqc urtnsvqhst okrmmslfhk agwzrkyjdl rpdemmlont padjnlihdg yjtxbnkbnp nuamtwqefb vltsziopef grvuekvjxd dozxllgrck dsbaezdsen rxiqoprwav cbmkrmvbzr pqdfougesf rvhxaqjlof amzatxzjju edhdhumkxd
crijxycbro okpfdoshxa jlfkzyjysm nvpzivrbeh dkpowlygon eehmjhwpoz lbphrujqfr wifoiisdnc edhdhumkxd amzatxzjju rvhxaqjlof pqdfougesf cbmkrmvbzr rxiqoprwav dsbaezdsen dozxllgrck grvuekvjxd vltsziopef nuamtwqefb yjtxbnkbnp padjnlihdg rpdemmlont agwzrkyjdl okrmmslfhk urtnsvqhst
fbumrzvxbp zcbjhooxug nsxdakyaqe cfxaxobfrf jxrzxpdjkw zcofpyckjz xxxcibreac zlzugwlptq vamgbcxsxy ukuulwiphk odprtnkmyz xteyenzdcn jwcznkxkke yvzayilmya rjeodljgfb aynujhmdqx miwhpnftns zstyphrcrz xoigbfcugu siyypplzer vvbtrnsgip zmahyftbkq qswmtdibvl wbmmbueyqc urtnsvqhst okrmmslfhk agwzrkyjdl rpdemmlont padjnlihdg yjtxbnkbnp nuamtwqefb vltsziopef grvuekvjxd dozxllgrck dsbaezdsen rxiqoprwav cbmkrmvbzr pqdfougesf rvhxaqjlof amzatxzjju edhdhumkxd wifoiisdnc lbphrujqfr eehmjhwpoz dkpowlygon nvpzivrbeh jlfkzyjysm okpfdoshxa crijxycbro rvfmlncdub mxoyqgysis xvadlqeypo vvowhfusze yfndbvnowg ogeuuinbaa dbqaeeqxdc avhvomcdth qxdnueqzrg lpzqhokpuk polfesyvnu mpgqekfuvo iibouuldji kgtdhzxwyn vubnrfmikf laldbphcsq lqpuvbdhxl kshcowcgin lhvtyqwrzz aprshqvbpf ragxfrkhck diholkjbwh iqdwzqqxro
104
laldbphcsq lqpuvbdhxl kshcowcgin lhvtyqwrzz aprshqvbpf ragxfrkhck diholkjbwh iqdwzqqxro fbumrzvxbp zcbjhooxug nsxdakyaqe cfxaxobfrf jxrzxpdjkw zcofpyckjz xxxcibreac zlzugwlptq vamgbcxsxy ukuulwiphk odprtnkmyz xteyenzdcn jwcznkxkke
89
jlfkzyjysm okpfdoshxa crijxycbro rvfmlncdub mxoyqgysis xvadlqeypo vvowhfusze yfndbvnowg ogeuuinbaa dbqaeeqxdc avhvomcdth qxdnueqzrg lpzqhokpuk polfesyvnu mpgqekfuvo iibouuldji kgtdhzxwyn vubnrfmikf laldbphcsq lqpuvbdhxl kshcowcgin lhvtyqwrzz aprshqvbpf ragxfrkhck diholkjbwh iqdwzqqxro fbumrzvxbp zcbjhooxug nsxdakyaqe cfxaxobfrf jxrzxpdjkw zcofpyckjz xxxcibreac zlzugwlptq vamgbcxsxy ukuulwiphk odprtnkmyz xteyenzdcn jwcznkxkke yvzayilmya rjeodljgfb aynujhmdqx miwhpnftns zstyphrcrz xoigbfcugu siyypplzer vvbtrnsgip zmahyftbkq qswmtdibvl wbmmbueyqc urtnsvqhst okrmmslfhk agwzrkyjdl rpdemmlont padjnlihdg yjtxbnkbnp nuamtwqefb vltsziopef grvuekvjxd dozxllgrck dsbaezdsen rxiqoprwav cbmkrmvbzr pqdfougesf rvhxaqjlof amzatxzjju edhdhumkxd wifoiisdnc lbphrujqfr eehmjhwpoz dkpowlygon nvpzivrbeh
station swuhnamnun has been built
okrmmslfhk agwzrkyjdl rpdemmlont padjnlihdg yjtxbnkbnp nuamtwqefb vltsziopef grvuekvjxd dozxllgrck dsbaezdsen rxiqoprwav cbmkrmvbzr pqdfougesf rvhxaqjlof amzatxzjju edhdhumkxd wifoiisdnc lbphrujqfr eehmjhwpoz dkpowlygon nvpzivrbeh jlfkzyjysm okpfdoshxa crijxycbro rvfmlncdub mxoyqgysis xvadlqeypo swuhnamnun vvowhfusze yfndbvnowg ogeuuinbaa dbqaeeqxdc avhvomcdth qxdnueqzrg lpzqhokpuk polfesyvnu mpgqekfuvo iibouuldji kgtdhzxwyn vubnrfmikf laldbphcsq lqpuvbdhxl kshcowcgin lhvtyqwrzz aprshqvbpf ragxfrkhck diholkjbwh iqdwzqqxro fbumrzvxbp zcbjhooxug nsxdakyaqe cfxaxobfrf jxrzxpdjkw zcofpyckjz xxxcibreac zlzugwlptq vamgbcxsxy ukuulwiphk odprtnkmyz xteyenzdcn jwcznkxkke yvzayilmya rjeodljgfb aynujhmdqx miwhpnftns zstyphrcrz xoigbfcugu siyypplzer vvbtrnsgip zmahyftbkq qswmtdibvl wbmmbueyqc urtnsvqhst
59
zmahyftbkq qswmtdibvl wbmmbueyqc urtnsvqhst okrmmslfhk agwzrkyjdl rpdemmlont padjnlihdg yjtxbnkbnp nuamtwqefb vltsziopef grvuekvjxd dozxllgrck dsbaezdsen rxiqoprwav cbmkrmvbzr pqdfougesf rvhxaqjlof amzatxzjju edhdhumkxd wifoiisdnc lbphrujqfr eehmjhwpoz dkpowlygon nvpzivrbeh jlfkzyjysm
17
station cfqkljozyd has been built
station nxmhqupdvm has been built
44
11
jwcznkxkke yvzayilmya rjeodljgfb aynujhmdqx miwhpnftns zstyphrcrz xoigbfcugu cfqkljozyd siyypplzer vvbtrnsgip zmahyftbkq qswmtdibvl wbmmbueyqc urtnsvqhst okrmmslfhk agwzrkyjdl rpdemmlont padjnlihdg yjtxbnkbnp nuamtwqefb vltsziopef grvuekvjxd dozxllgrck dsbaezdsen rxiqoprwav cbmkrmvbzr pqdfougesf rvhxaqjlof amzatxzjju edhdhumkxd wifoiisdnc lbphrujqfr eehmjhwpoz dkpowlygon nvpzivrbeh nxmhqupdvm jlfkzyjysm okpfdoshxa crijxycbro rvfmlncdub mxoyqgysis xvadlqeypo swuhnamnun vvowhfusze yfndbvnowg ogeuuinbaa dbqaeeqxdc avhvomcdth qxdnueqzrg lpzqhokpuk polfesyvnu mpgqekfuvo iibouuldji kgtdhzxwyn vubnrfmikf laldbphcsq lqpuvbdhxl kshcowcgin lhvtyqwrzz aprshqvbpf ragxfrkhck diholkjbwh iqdwzqqxro fbumrzvxbp zcbjhooxug nsxdakyaqe cfxaxobfrf jxrzxpdjkw zcofpyckjz xxxcibreac zlzugwlptq vamgbcxsxy ukuulwiphk odprtnkmyz xteyenzdcn
89
59
rjeodljgfb aynujhmdqx miwhpnftns zstyphrcrz xoigbfcugu cfqkljozyd siyypplzer vvbtrnsgip zmahyftbkq qswmtdibvl wbmmbueyqc urtnsvqhst okrmmslfhk agwzrkyjdl rpdemmlont padjnlihdg yjtxbnkbnp nuamtwqefb vltsziopef grvuekvjxd dozxllgrck dsbaezdsen rxiqoprwav cbmkrmvbzr pqdfougesf rvhxaqjlof amzatxzjju edhdhumkxd wifoiisdnc lbphrujqfr
83
5
50
110
95
41
siyypplzer cfqkljozyd xoigbfcugu zstyphrcrz miwhpnftns aynujhmdqx rjeodljgfb yvzayilmya jwcznkxkke xteyenzdcn odprtnkmyz ukuulwiphk vamgbcxsxy zlzugwlptq xxxcibreac zcofpyckjz jxrzxpdjkw cfxaxobfrf nsxdakyaqe zcbjhooxug fbumrzvxbp iqdwzqqxro diholkjbwh ragxfrkhck aprshqvbpf lhvtyqwrzz kshcowcgin lqpuvbdhxl laldbphcsq vubnrfmikf
59
rpdemmlont padjnlihdg yjtxbnkbnp nuamtwqefb vltsziopef grvuekvjxd dozxllgrck dsbaezdsen rxiqoprwav cbmkrmvbzr pqdfougesf rvhxaqjlof amzatxzjju edhdhumkxd wifoiisdnc lbphrujqfr eehmjhwpoz dkpowlygon nvpzivrbeh nxmhqupdvm jlfkzyjysm okpfdoshxa crijxycbro rvfmlncdub mxoyqgysis xvadlqeypo swuhnamnun vvowhfusze yfndbvnowg ogeuuinbaa dbqaeeqxdc avhvomcdth qxdnueqzrg lpzqhokpuk polfesyvnu mpgqekfuvo iibouuldji kgtdhzxwyn vubnrfmikf laldbphcsq lqpuvbdhxl kshcowcgin lhvtyqwrzz aprshqvbpf ragxfrkhck diholkjbwh iqdwzqqxro fbumrzvxbp zcbjhooxug nsxdakyaqe cfxaxobfrf jxrzxpdjkw zcofpyckjz xxxcibreac zlzugwlptq vamgbcxsxy ukuulwiphk odprtnkmyz xteyenzdcn jwcznkxkke yvzayilmya rjeodljgfb aynujhmdqx miwhpnftns zstyphrcrz xoigbfcugu cfqkljozyd siyypplzer vvbtrnsgip zmahyftbkq qswmtdibvl wbmmbueyqc urtnsvqhst okrmmslfhk agwzrkyjdl
miwhpnftns zstyphrcrz xoigbfcugu
odprtnkmyz xteyenzdcn jwcznkxkke yvzayilmya rjeodljgfb aynujhmdqx miwhpnftns zstyphrcrz xoigbfcugu cfqkljozyd siyypplzer vvbtrnsgip zmahyftbkq qswmtdibvl wbmmbueyqc urtnsvqhst okrmmslfhk agwzrkyjdl rpdemmlont padjnlihdg yjtxbnkbnp nuamtwqefb vltsziopef grvuekvjxd dozxllgrck dsbaezdsen rxiqoprwav cbmkrmvbzr pqdfougesf rvhxaqjlof amzatxzjju edhdhumkxd wifoiisdnc lbphrujqfr eehmjhwpoz dkpowlygon nvpzivrbeh nxmhqupdvm jlfkzyjysm okpfdoshxa crijxycbro rvfmlncdub mxoyqgysis xvadlqeypo swuhnamnun vvowhfusze yfndbvnowg ogeuuinbaa dbqaeeqxdc avhvomcdth qxdnueqzrg lpzqhokpuk polfesyvnu mpgqekfuvo iibouuldji kgtdhzxwyn vubnrfmikf laldbphcsq lqpuvbdhxl kshcowcgin lhvtyqwrzz aprshqvbpf ragxfrkhck diholkjbwh iqdwzqqxro fbumrzvxbp zcbjhooxug nsxdakyaqe cfxaxobfrf jxrzxpdjkw zcofpyckjz xxxcibreac zlzugwlptq vamgbcxsxy ukuulwiphk
ogeuuinbaa yfndbvnowg vvowhfusze swuhnamnun xvadlqeypo mxoyqgysis rvfmlncdub crijxycbro okpfdoshxa jlfkzyjysm
aynujhmdqx miwhpnftns zstyphrcrz xoigbfcugu cfqkljozyd siyypplzer vvbtrnsgip zmahyftbkq qswmtdibvl wbmmbueyqc urtnsvqhst okrmmslfhk agwzrkyjdl rpdemmlont padjnlihdg yjtxbnkbnp nuamtwqefb vltsziopef grvuekvjxd dozxllgrck dsbaezdsen rxiqoprwav cbmkrmvbzr pqdfougesf rvhxaqjlof amzatxzjju edhdhumkxd wifoiisdnc lbphrujqfr
50
station riywfrhaqv has been built
odprtnkmyz xteyenzdcn jwcznkxkke yvzayilmya rjeodljgfb aynujhmdqx miwhpnftns zstyphrcrz xoigbfcugu cfqkljozyd siyypplzer vvbtrnsgip zmahyftbkq qswmtdibvl wbmmbueyqc urtnsvqhst okrmmslfhk agwzrkyjdl rpdemmlont padjnlihdg yjtxbnkbnp nuamtwqefb vltsziopef grvuekvjxd dozxllgrck dsbaezdsen rxiqoprwav cbmkrmvbzr pqdfougesf rvhxaqjlof amzatxzjju edhdhumkxd wifoiisdnc lbphrujqfr eehmjhwpoz dkpowlygon nvpzivrbeh nxmhqupdvm jlfkzyjysm okpfdoshxa crijxycbro rvfmlncdub mxoyqgysis xvadlqeypo swuhnamnun vvowhfusze yfndbvnowg ogeuuinbaa dbqaeeqxdc avhvomcdth qxdnueqzrg lpzqhokpuk polfesyvnu mpgqekfuvo iibouuldji kgtdhzxwyn vubnrfmikf laldbphcsq lqpuvbdhxl kshcowcgin lhvtyqwrzz aprshqvbpf ragxfrkhck diholkjbwh iqdwzqqxro fbumrzvxbp zcbjhooxug nsxdakyaqe riywfrhaqv cfxaxobfrf jxrzxpdjkw zcofpyckjz xxxcibreac zlzugwlptq vamgbcxsxy ukuulwiphk
14
95
station hltggdycwf has been built
siyypplzer cfqkljozyd xoigbfcugu zstyphrcrz miwhpnftns aynujhmdqx rjeodljgfb yvzayilmya jwcznkxkke xteyenzdcn odprtnkmyz
80
station jqhkfpctkq has been built
89
95
xxxcibreac zcofpyckjz jxrzxpdjkw cfxaxobfrf riywfrhaqv nsxdakyaqe zcbjhooxug fbumrzvxbp iqdwzqqxro diholkjbwh ragxfrkhck aprshqvbpf
lbphrujqfr eehmjhwpoz dkpowlygon jqhkfpctkq nvpzivrbeh nxmhqupdvm jlfkzyjysm okpfdoshxa crijxycbro rvfmlncdub mxoyqgysis xvadlqeypo swuhnamnun vvowhfusze yfndbvnowg ogeuuinbaa
56
77
74
23
104
26
74
65
65
104
odprtnkmyz xteyenzdcn jwcznkxkke yvzayilmya rjeodljgfb aynujhmdqx miwhpnftns zstyphrcrz xoigbfcugu cfqkljozyd siyypplzer vvbtrnsgip zmahyftbkq qswmtdibvl wbmmbueyqc urtnsvqhst okrmmslfhk agwzrkyjdl rpdemmlont padjnlihdg yjtxbnkbnp nuamtwqefb vltsziopef grvuekvjxd dozxllgrck dsbaezdsen rxiqoprwav cbmkrmvbzr pqdfougesf rvhxaqjlof amzatxzjju edhdhumkxd hltggdycwf wifoiisdnc lbphrujqfr eehmjhwpoz dkpowlygon
edhdhumkxd amzatxzjju rvhxaqjlof pqdfougesf cbmkrmvbzr rxiqoprwav dsbaezdsen dozxllgrck grvuekvjxd vltsziopef nuamtwqefb yjtxbnkbnp padjnlihdg rpdemmlont agwzrkyjdl okrmmslfhk urtnsvqhst wbmmbueyqc qswmtdibvl zmahyftbkq vvbtrnsgip siyypplzer cfqkljozyd xoigbfcugu zstyphrcrz miwhpnftns aynujhmdqx rjeodljgfb yvzayilmya
station jcxmgklxfg has been built
rpdemmlont padjnlihdg yjtxbnkbnp nuamtwqefb vltsziopef grvuekvjxd dozxllgrck dsbaezdsen rxiqoprwav cbmkrmvbzr pqdfougesf rvhxaqjlof amzatxzjju edhdhumkxd hltggdycwf wifoiisdnc lbphrujqfr eehmjhwpoz dkpowlygon jcxmgklxfg jqhkfpctkq nvpzivrbeh nxmhqupdvm jlfkzyjysm okpfdoshxa crijxycbro rvfmlncdub mxoyqgysis xvadlqeypo swuhnamnun vvowhfusze yfndbvnowg
jlfkzyjysm okpfdoshxa crijxycbro rvfmlncdub mxoyqgysis xvadlqeypo swuhnamnun vvowhfusze yfndbvnowg ogeuuinbaa dbqaeeqxdc avhvomcdth qxdnueqzrg lpzqhokpuk polfesyvnu mpgqekfuvo iibouuldji kgtdhzxwyn vubnrfmikf laldbphcsq lqpuvbdhxl kshcowcgin lhvtyqwrzz aprshqvbpf ragxfrkhck diholkjbwh iqdwzqqxro fbumrzvxbp zcbjhooxug nsxdakyaqe riywfrhaqv cfxaxobfrf jxrzxpdjkw zcofpyckjz xxxcibreac zlzugwlptq vamgbcxsxy ukuulwiphk odprtnkmyz xteyenzdcn jwcznkxkke yvzayilmya rjeodljgfb aynujhmdqx miwhpnftns zstyphrcrz xoigbfcugu cfqkljozyd siyypplzer vvbtrnsgip zmahyftbkq qswmtdibvl wbmmbueyqc urtnsvqhst okrmmslfhk agwzrkyjdl rpdemmlont padjnlihdg yjtxbnkbnp nuamtwqefb vltsziopef grvuekvjxd dozxllgrck dsbaezdsen rxiqoprwav cbmkrmvbzr pqdfougesf rvhxaqjlof amzatxzjju edhdhumkxd hltggdycwf wifoiisdnc lbphrujqfr eehmjhwpoz dkpowlygon jcxmgklxfg jqhkfpctkq nvpzivrbeh nxmhqupdvm
rjeodljgfb yvzayilmya jwcznkxkke xteyenzdcn odprtnkmyz ukuulwiphk vamgbcxsxy zlzugwlptq xxxcibreac zcofpyckjz jxrzxpdjkw cfxaxobfrf riywfrhaqv nsxdakyaqe zcbjhooxug fbumrzvxbp iqdwzqqxro diholkjbwh ragxfrkhck aprshqvbpf lhvtyqwrzz kshcowcgin lqpuvbdhxl laldbphcsq vubnrfmikf
dozxllgrck dsbaezdsen rxiqoprwav cbmkrmvbzr pqdfougesf rvhxaqjlof amzatxzjju edhdhumkxd hltggdycwf wifoiisdnc lbphrujqfr eehmjhwpoz dkpowlygon jcxmgklxfg jqhkfpctkq nvpzivrbeh nxmhqupdvm jlfkzyjysm okpfdoshxa crijxycbro rvfmlncdub mxoyqgysis xvadlqeypo swuhnamnun vvowhfusze yfndbvnowg ogeuuinbaa dbqaeeqxdc avhvomcdth qxdnueqzrg lpzqhokpuk polfesyvnu mpgqekfuvo iibouuldji kgtdhzxwyn vubnrfmikf laldbphcsq lqpuvbdhxl kshcowcgin lhvtyqwrzz aprshqvbpf ragxfrkhck diholkjbwh iqdwzqqxro fbumrzvxbp zcbjhooxug nsxdakyaqe riywfrhaqv cfxaxobfrf jxrzxpdjkw zcofpyckjz xxxcibreac zlzugwlptq vamgbcxsxy ukuulwiphk odprtnkmyz xteyenzdcn jwcznkxkke yvzayilmya rjeodljgfb aynujhmdqx miwhpnftns zstyphrcrz xoigbfcugu cfqkljozyd siyypplzer vvbtrnsgip zmahyftbkq qswmtdibvl wbmmbueyqc urtnsvqhst okrmmslfhk agwzrkyjdl rpdemmlont padjnlihdg yjtxbnkbnp nuamtwqefb vltsziopef grvuekvjxd
113
station ojcocjpjth has been built
53
station rjccmudgzf has been built
74
station rxvneyilsv has been built
26
station vhqsodwoex has been built
pqdfougesf rvhxaqjlof amzatxzjju edhdhumkxd hltggdycwf wifoiisdnc lbphrujqfr eehmjhwpoz dkpowlygon jcxmgklxfg jqhkfpctkq nvpzivrbeh nxmhqupdvm jlfkzyjysm okpfdoshxa rjccmudgzf crijxycbro rvfmlncdub mxoyqgysis xvadlqeypo swuhnamnun vvowhfusze yfndbvnowg ogeuuinbaa dbqaeeqxdc avhvomcdth qxdnueqzrg lpzqhokpuk polfesyvnu mpgqekfuvo iibouuldji kgtdhzxwyn vubnrfmikf laldbphcsq lqpuvbdhxl kshcowcgin lhvtyqwrzz aprshqvbpf ragxfrkhck diholkjbwh iqdwzqqxro fbumrzvxbp zcbjhooxug nsxdakyaqe riywfrhaqv cfxaxobfrf jxrzxpdjkw zcofpyckjz xxxcibreac zlzugwlptq vamgbcxsxy ukuulwiphk odprtnkmyz xteyenzdcn jwcznkxkke ojcocjpjth yvzayilmya rjeodljgfb rxvneyilsv aynujhmdqx miwhpnftns vhqsodwoex zstyphrcrz xoigbfcugu cfqkljozyd siyypplzer vvbtrnsgip zmahyftbkq qswmtdibvl wbmmbueyqc urtnsvqhst okrmmslfhk agwzrkyjdl rpdemmlont padjnlihdg yjtxbnkbnp nuamtwqefb vltsziopef grvuekvjxd dozxllgrck dsbaezdsen rxiqoprwav cbmkrmvbzr
aprshqvbpf ragxfrkhck diholkjbwh iqdwzqqxro fbumrzvxbp zcbjhooxug
47
44
lpzqhokpuk qxdnueqzrg avhvomcdth dbqaeeqxdc ogeuuinbaa yfndbvnowg vvowhfusze swuhnamnun xvadlqeypo mxoyqgysis rvfmlncdub crijxycbro rjccmudgzf okpfdoshxa jlfkzyjysm nxmhqupdvm nvpzivrbeh
29
23
20
station wnuzzafoak has been built
20
okrmmslfhk agwzrkyjdl rpdemmlont padjnlihdg yjtxbnkbnp nuamtwqefb vltsziopef grvuekvjxd dozxllgrck dsbaezdsen rxiqoprwav cbmkrmvbzr pqdfougesf rvhxaqjlof amzatxzjju edhdhumkxd
38
aynujhmdqx miwhpnftns vhqsodwoex zstyphrcrz xoigbfcugu cfqkljozyd siyypplzer vvbtrnsgip zmahyftbkq qswmtdibvl wbmmbueyqc urtnsvqhst okrmmslfhk agwzrkyjdl rpdemmlont padjnlihdg yjtxbnkbnp nuamtwqefb vltsziopef grvuekvjxd dozxllgrck dsbaezdsen rxiqoprwav cbmkrmvbzr pqdfougesf rvhxaqjlof amzatxzjju edhdhumkxd hltggdycwf wifoiisdnc lbphrujqfr eehmjhwpoz dkpowlygon jcxmgklxfg jqhkfpctkq nvpzivrbeh nxmhqupdvm jlfkzyjysm okpfdoshxa rjccmudgzf crijxycbro rvfmlncdub mxoyqgysis xvadlqeypo swuhnamnun vvowhfusze yfndbvnowg ogeuuinbaa dbqaeeqxdc avhvomcdth qxdnueqzrg lpzqhokpuk polfesyvnu mpgqekfuvo iibouuldji kgtdhzxwyn vubnrfmikf laldbphcsq lqpuvbdhxl kshcowcgin lhvtyqwrzz aprshqvbpf ragxfrkhck diholkjbwh iqdwzqqxro fbumrzvxbp zcbjhooxug nsxdakyaqe wnuzzafoak riywfrhaqv cfxaxobfrf jxrzxpdjkw zcofpyckjz xxxcibreac zlzugwlptq vamgbcxsxy ukuulwiphk odprtnkmyz xteyenzdcn jwcznkxkke ojcocjpjth yvzayilmya rjeodljgfb rxvneyilsv
98
95
station krtdcpcmaz has been built
station hytcvoreiu has been built
44
29
95
83
station xcvwiqmmda has been built
station rbjzvzhkjw has been built
jwcznkxkke xteyenzdcn odprtnkmyz ukuulwiphk vamgbcxsxy zlzugwlptq xxxcibreac zcofpyckjz jxrzxpdjkw cfxaxobfrf riywfrhaqv wnuzzafoak nsxdakyaqe zcbjhooxug krtdcpcmaz fbumrzvxbp iqdwzqqxro diholkjbwh ragxfrkhck aprshqvbpf lhvtyqwrzz kshcowcgin lqpuvbdhxl laldbphcsq vubnrfmikf kgtdhzxwyn iibouuldji mpgqekfuvo polfesyvnu rbjzvzhkjw lpzqhokpuk qxdnueqzrg avhvomcdth
56
station zfkvzxvbpb has been built
125
station ceothobjfs has been built
14
station rhfwgbjfki has been built
29
polfesyvnu rbjzvzhkjw lpzqhokpuk qxdnueqzrg avhvomcdth
lhvtyqwrzz kshcowcgin lqpuvbdhxl laldbphcsq vubnrfmikf kgtdhzxwyn iibouuldji mpgqekfuvo polfesyvnu rbjzvzhkjw lpzqhokpuk qxdnueqzrg avhvomcdth
station kkauklwmim has been built
125
8
lhvtyqwrzz aprshqvbpf ragxfrkhck diholkjbwh iqdwzqqxro fbumrzvxbp krtdcpcmaz zcbjhooxug nsxdakyaqe rhfwgbjfki wnuzzafoak riywfrhaqv cfxaxobfrf jxrzxpdjkw zcofpyckjz xxxcibreac zlzugwlptq vamgbcxsxy ukuulwiphk odprtnkmyz xteyenzdcn jwcznkxkke ojcocjpjth yvzayilmya rjeodljgfb rxvneyilsv aynujhmdqx zfkvzxvbpb miwhpnftns vhqsodwoex zstyphrcrz xoigbfcugu cfqkljozyd siyypplzer vvbtrnsgip zmahyftbkq qswmtdibvl wbmmbueyqc urtnsvqhst
80
53
yjtxbnkbnp nuamtwqefb vltsziopef grvuekvjxd dozxllgrck dsbaezdsen rxiqoprwav cbmkrmvbzr pqdfougesf rvhxaqjlof amzatxzjju edhdhumkxd kkauklwmim hltggdycwf wifoiisdnc lbphrujqfr eehmjhwpoz dkpowlygon ceothobjfs jcxmgklxfg jqhkfpctkq nvpzivrbeh nxmhqupdvm jlfkzyjysm okpfdoshxa xcvwiqmmda rjccmudgzf crijxycbro rvfmlncdub mxoyqgysis xvadlqeypo swuhnamnun vvowhfusze yfndbvnowg ogeuuinbaa hytcvoreiu dbqaeeqxdc avhvomcdth qxdnueqzrg lpzqhokpuk rbjzvzhkjw polfesyvnu mpgqekfuvo iibouuldji kgtdhzxwyn vubnrfmikf laldbphcsq lqpuvbdhxl kshcowcgin lhvtyqwrzz aprshqvbpf ragxfrkhck diholkjbwh iqdwzqqxro fbumrzvxbp krtdcpcmaz zcbjhooxug nsxdakyaqe rhfwgbjfki wnuzzafoak riywfrhaqv cfxaxobfrf jxrzxpdjkw zcofpyckjz xxxcibreac zlzugwlptq vamgbcxsxy ukuulwiphk odprtnkmyz xteyenzdcn jwcznkxkke ojcocjpjth yvzayilmya rjeodljgfb rxvneyilsv aynujhmdqx zfkvzxvbpb miwhpnftns vhqsodwoex zstyphrcrz xoigbfcugu cfqkljozyd siyypplzer vvbtrnsgip zmahyftbkq qswmtdibvl wbmmbueyqc urtnsvqhst okrmmslfhk agwzrkyjdl rpdemmlont padjnlihdg
62
80
diholkjbwh iqdwzqqxro fbumrzvxbp krtdcpcmaz zcbjhooxug nsxdakyaqe rhfwgbjfki wnuzzafoak riywfrhaqv cfxaxobfrf jxrzxpdjkw zcofpyckjz
125
station lhayrtnjna has been built
zlzugwlptq vamgbcxsxy ukuulwiphk odprtnkmyz xteyenzdcn jwcznkxkke ojcocjpjth yvzayilmya rjeodljgfb rxvneyilsv aynujhmdqx zfkvzxvbpb miwhpnftns vhqsodwoex zstyphrcrz xoigbfcugu cfqkljozyd siyypplzer vvbtrnsgip zmahyftbkq qswmtdibvl wbmmbueyqc urtnsvqhst okrmmslfhk agwzrkyjdl rpdemmlont padjnlihdg yjtxbnkbnp nuamtwqefb vltsziopef grvuekvjxd dozxllgrck dsbaezdsen rxiqoprwav cbmkrmvbzr pqdfougesf rvhxaqjlof amzatxzjju edhdhumkxd kkauklwmim hltggdycwf wifoiisdnc lbphrujqfr eehmjhwpoz dkpowlygon ceothobjfs jcxmgklxfg jqhkfpctkq nvpzivrbeh nxmhqupdvm jlfkzyjysm okpfdoshxa xcvwiqmmda rjccmudgzf crijxycbro rvfmlncdub mxoyqgysis xvadlqeypo swuhnamnun vvowhfusze yfndbvnowg ogeuuinbaa hytcvoreiu dbqaeeqxdc avhvomcdth qxdnueqzrg lpzqhokpuk rbjzvzhkjw polfesyvnu mpgqekfuvo iibouuldji kgtdhzxwyn vubnrfmikf laldbphcsq lqpuvbdhxl kshcowcgin lhayrtnjna lhvtyqwrzz aprshqvbpf ragxfrkhck diholkjbwh iqdwzqqxro fbumrzvxbp krtdcpcmaz zcbjhooxug nsxdakyaqe rhfwgbjfki wnuzzafoak riywfrhaqv cfxaxobfrf jxrzxpdjkw zcofpyckjz xxxcibreac
station ofacjejtlb has been built
26
dbqaeeqxdc avhvomcdth qxdnueqzrg lpzqhokpuk ofacjejtlb rbjzvzhkjw polfesyvnu mpgqekfuvo iibouuldji kgtdhzxwyn vubnrfmikf laldbphcsq lqpuvbdhxl kshcowcgin lhayrtnjna lhvtyqwrzz aprshqvbpf ragxfrkhck diholkjbwh iqdwzqqxro fbumrzvxbp krtdcpcmaz zcbjhooxug nsxdakyaqe rhfwgbjfki wnuzzafoak riywfrhaqv cfxaxobfrf jxrzxpdjkw zcofpyckjz xxxcibreac zlzugwlptq vamgbcxsxy ukuulwiphk odprtnkmyz xteyenzdcn jwcznkxkke ojcocjpjth yvzayilmya rjeodljgfb rxvneyilsv aynujhmdqx zfkvzxvbpb miwhpnftns vhqsodwoex zstyphrcrz xoigbfcugu cfqkljozyd siyypplzer vvbtrnsgip zmahyftbkq qswmtdibvl wbmmbueyqc urtnsvqhst okrmmslfhk agwzrkyjdl rpdemmlont padjnlihdg yjtxbnkbnp nuamtwqefb vltsziopef grvuekvjxd dozxllgrck dsbaezdsen rxiqoprwav cbmkrmvbzr pqdfougesf rvhxaqjlof amzatxzjju edhdhumkxd kkauklwmim hltggdycwf wifoiisdnc lbphrujqfr eehmjhwpoz dkpowlygon ceothobjfs jcxmgklxfg jqhkfpctkq nvpzivrbeh nxmhqupdvm jlfkzyjysm okpfdoshxa xcvwiqmmda rjccmudgzf crijxycbro rvfmlncdub mxoyqgysis xvadlqeypo swuhnamnun vvowhfusze yfndbvnowg ogeuuinbaa hytcvoreiu
station eoscavnrmy has been built
41
8
station furufeyahq has been built
83
113
143
122
station jbizudyste has been built
nvpzivrbeh nxmhqupdvm jlfkzyjysm okpfdoshxa xcvwiqmmda rjccmudgzf crijxycbro rvfmlncdub mxoyqgysis xvadlqeypo swuhnamnun vvowhfusze yfndbvnowg ogeuuinbaa hytcvoreiu dbqaeeqxdc avhvomcdth qxdnueqzrg lpzqhokpuk ofacjejtlb rbjzvzhkjw polfesyvnu mpgqekfuvo iibouuldji kgtdhzxwyn vubnrfmikf laldbphcsq lqpuvbdhxl kshcowcgin lhayrtnjna lhvtyqwrzz aprshqvbpf ragxfrkhck diholkjbwh eoscavnrmy iqdwzqqxro fbumrzvxbp krtdcpcmaz zcbjhooxug
station nludmhvjpr has been built
80
53
dkpowlygon ceothobjfs jcxmgklxfg jqhkfpctkq nvpzivrbeh nxmhqupdvm jlfkzyjysm okpfdoshxa xcvwiqmmda rjccmudgzf crijxycbro
101
station xmjehfcwib has been built
113
mxoyqgysis rvfmlncdub crijxycbro rjccmudgzf xcvwiqmmda okpfdoshxa jlfkzyjysm nxmhqupdvm nvpzivrbeh jqhkfpctkq jcxmgklxfg ceothobjfs dkpowlygon
134
edhdhumkxd jbizudyste kkauklwmim hltggdycwf wifoiisdnc lbphrujqfr eehmjhwpoz dkpowlygon ceothobjfs jcxmgklxfg jqhkfpctkq nvpzivrbeh nxmhqupdvm jlfkzyjysm okpfdoshxa xcvwiqmmda rjccmudgzf crijxycbro rvfmlncdub mxoyqgysis xvadlqeypo swuhnamnun vvowhfusze yfndbvnowg ogeuuinbaa hytcvoreiu dbqaeeqxdc avhvomcdth qxdnueqzrg lpzqhokpuk ofacjejtlb rbjzvzhkjw polfesyvnu mpgqekfuvo iibouuldji kgtdhzxwyn vubnrfmikf laldbphcsq lqpuvbdhxl kshcowcgin lhayrtnjna lhvtyqwrzz aprshqvbpf ragxfrkhck diholkjbwh eoscavnrmy iqdwzqqxro fbumrzvxbp krtdcpcmaz zcbjhooxug nsxdakyaqe rhfwgbjfki wnuzzafoak riywfrhaqv cfxaxobfrf jxrzxpdjkw zcofpyckjz xxxcibreac zlzugwlptq vamgbcxsxy ukuulwiphk odprtnkmyz xteyenzdcn jwcznkxkke ojcocjpjth yvzayilmya rjeodljgfb rxvneyilsv aynujhmdqx zfkvzxvbpb miwhpnftns vhqsodwoex zstyphrcrz xoigbfcugu cfqkljozyd siyypplzer xmjehfcwib vvbtrnsgip zmahyftbkq qswmtdibvl wbmmbueyqc urtnsvqhst nludmhvjpr okrmmslfhk agwzrkyjdl rpdemmlont padjnlihdg yjtxbnkbnp nuamtwqefb vltsziopef grvuekvjxd dozxllgrck furufeyahq dsbaezdsen rxiqoprwav cbmkrmvbzr pqdfougesf rvhxaqjlof amzatxzjju
edhdhumkxd amzatxzjju rvhxaqjlof pqdfougesf cbmkrmvbzr rxiqoprwav dsbaezdsen furufeyahq dozxllgrck grvuekvjxd vltsziopef nuamtwqefb yjtxbnkbnp padjnlihdg rpdemmlont agwzrkyjdl okrmmslfhk
station jwyjlzhend has been built
44
station aqwujaqkfb has been built
104
77
44
vamgbcxsxy zlzugwlptq xxxcibreac zcofpyckjz jxrzxpdjkw cfxaxobfrf riywfrhaqv wnuzzafoak rhfwgbjfki nsxdakyaqe zcbjhooxug krtdcpcmaz fbumrzvxbp iqdwzqqxro eoscavnrmy diholkjbwh ragxfrkhck aprshqvbpf lhvtyqwrzz lhayrtnjna kshcowcgin
station vzawtfhadp has been built
siyypplzer xmjehfcwib vvbtrnsgip zmahyftbkq qswmtdibvl wbmmbueyqc urtnsvqhst nludmhvjpr okrmmslfhk agwzrkyjdl rpdemmlont padjnlihdg yjtxbnkbnp nuamtwqefb vltsziopef grvuekvjxd dozxllgrck furufeyahq dsbaezdsen rxiqoprwav cbmkrmvbzr pqdfougesf rvhxaqjlof amzatxzjju edhdhumkxd jbizudyste kkauklwmim hltggdycwf wifoiisdnc lbphrujqfr eehmjhwpoz
140
92
95
lqpuvbdhxl kshcowcgin lhayrtnjna lhvtyqwrzz aprshqvbpf ragxfrkhck diholkjbwh eoscavnrmy iqdwzqqxro fbumrzvxbp krtdcpcmaz zcbjhooxug nsxdakyaqe rhfwgbjfki wnuzzafoak riywfrhaqv cfxaxobfrf jxrzxpdjkw zcofpyckjz xxxcibreac zlzugwlptq vamgbcxsxy vzawtfhadp jwyjlzhend ukuulwiphk odprtnkmyz xteyenzdcn jwcznkxkke ojcocjpjth yvzayilmya rjeodljgfb rxvneyilsv aynujhmdqx aqwujaqkfb zfkvzxvbpb miwhpnftns vhqsodwoex zstyphrcrz xoigbfcugu cfqkljozyd siyypplzer xmjehfcwib vvbtrnsgip zmahyftbkq
station dynshsoxtk has been built
