5
14
8
2
2
ybwbzruwjp gdspldpemc
5
station csfbifkkar has been built
8
5
14
station lvptsnqkxp has been built
0
14
11
scwpwybzqf
gdspldpemc csfbifkkar cqaqmzefqi
cqaqmzefqi xkjjpfshwc zuzznxrycs scwpwybzqf ipghzzkfii
5
11
station dhqfautkfy has been built
ybwbzruwjp gdspldpemc csfbifkkar cqaqmzefqi xkjjpfshwc dhqfautkfy zuzznxrycs scwpwybzqf ipghzzkfii nnegkwjsho lvptsnqkxp oxkxtjokcg htdtldkxap
14
11
station clgupdyrde has been built
14
0
station oezdjvvkwe has been built
ybwbzruwjp
5
ybwbzruwjp
8
station rfvwpcjgqi has been built
17
station wwbquwvhmq has been built
17
oxkxtjokcg lvptsnqkxp clgupdyrde nnegkwjsho wwbquwvhmq ipghzzkfii scwpwybzqf
20
14
station cvquwqleim has been built
0
11
20
station ecgzgscgyc has been built
station koyihwdiuj has been built
8
nnegkwjsho clgupdyrde lvptsnqkxp oxkxtjokcg htdtldkxap ybwbzruwjp koyihwdiuj gdspldpemc csfbifkkar cqaqmzefqi rfvwpcjgqi oezdjvvkwe xkjjpfshwc dhqfautkfy zuzznxrycs scwpwybzqf ecgzgscgyc cvquwqleim ipghzzkfii wwbquwvhmq
xkjjpfshwc dhqfautkfy zuzznxrycs scwpwybzqf ecgzgscgyc cvquwqleim ipghzzkfii wwbquwvhmq nnegkwjsho clgupdyrde lvptsnqkxp oxkxtjokcg htdtldkxap ybwbzruwjp koyihwdiuj gdspldpemc csfbifkkar cqaqmzefqi rfvwpcjgqi oezdjvvkwe
11
cqaqmzefqi rfvwpcjgqi oezdjvvkwe xkjjpfshwc dhqfautkfy zuzznxrycs scwpwybzqf
ipghzzkfii wwbquwvhmq nnegkwjsho
station kywfawsirm has been built
14
cqaqmzefqi rfvwpcjgqi oezdjvvkwe xkjjpfshwc dhqfautkfy zuzznxrycs
zuzznxrycs scwpwybzqf ecgzgscgyc cvquwqleim ipghzzkfii
17
oxkxtjokcg lvptsnqkxp clgupdyrde nnegkwjsho wwbquwvhmq ipghzzkfii
29
14
ybwbzruwjp kywfawsirm htdtldkxap oxkxtjokcg
23
8
5
0
station qcnmitsein has been built
cqaqmzefqi rfvwpcjgqi oezdjvvkwe xkjjpfshwc dhqfautkfy zuzznxrycs scwpwybzqf ecgzgscgyc cvquwqleim ipghzzkfii wwbquwvhmq nnegkwjsho
nnegkwjsho qcnmitsein clgupdyrde lvptsnqkxp oxkxtjokcg htdtldkxap kywfawsirm ybwbzruwjp
14
11
zuzznxrycs scwpwybzqf ecgzgscgyc cvquwqleim ipghzzkfii wwbquwvhmq nnegkwjsho qcnmitsein clgupdyrde lvptsnqkxp oxkxtjokcg
0
11
zuzznxrycs scwpwybzqf ecgzgscgyc cvquwqleim ipghzzkfii wwbquwvhmq nnegkwjsho qcnmitsein clgupdyrde lvptsnqkxp oxkxtjokcg htdtldkxap kywfawsirm ybwbzruwjp koyihwdiuj gdspldpemc csfbifkkar cqaqmzefqi rfvwpcjgqi oezdjvvkwe xkjjpfshwc dhqfautkfy
ybwbzruwjp koyihwdiuj gdspldpemc csfbifkkar cqaqmzefqi rfvwpcjgqi oezdjvvkwe xkjjpfshwc
0
station ufzqwouedw has been built
5
station tbigiqotzw has been built
station fzydxarfly has been built
htdtldkxap tbigiqotzw kywfawsirm ybwbzruwjp koyihwdiuj gdspldpemc
htdtldkxap tbigiqotzw kywfawsirm ybwbzruwjp koyihwdiuj gdspldpemc csfbifkkar cqaqmzefqi rfvwpcjgqi oezdjvvkwe xkjjpfshwc dhqfautkfy zuzznxrycs ufzqwouedw scwpwybzqf fzydxarfly ecgzgscgyc cvquwqleim ipghzzkfii wwbquwvhmq nnegkwjsho qcnmitsein clgupdyrde lvptsnqkxp oxkxtjokcg
scwpwybzqf ufzqwouedw zuzznxrycs dhqfautkfy xkjjpfshwc oezdjvvkwe rfvwpcjgqi cqaqmzefqi csfbifkkar gdspldpemc koyihwdiuj ybwbzruwjp
2
23
station qfbtnbwajl has been built
ybwbzruwjp koyihwdiuj gdspldpemc csfbifkkar cqaqmzefqi rfvwpcjgqi oezdjvvkwe xkjjpfshwc dhqfautkfy zuzznxrycs ufzqwouedw scwpwybzqf fzydxarfly ecgzgscgyc cvquwqleim ipghzzkfii wwbquwvhmq nnegkwjsho qcnmitsein clgupdyrde lvptsnqkxp oxkxtjokcg htdtldkxap qfbtnbwajl tbigiqotzw kywfawsirm
38
5
cqaqmzefqi rfvwpcjgqi oezdjvvkwe xkjjpfshwc dhqfautkfy zuzznxrycs ufzqwouedw scwpwybzqf fzydxarfly ecgzgscgyc cvquwqleim ipghzzkfii wwbquwvhmq nnegkwjsho qcnmitsein clgupdyrde lvptsnqkxp oxkxtjokcg htdtldkxap qfbtnbwajl tbigiqotzw kywfawsirm ybwbzruwjp koyihwdiuj gdspldpemc csfbifkkar
20
station wzzirxmzho has been built
14
station kxzwtemzvy has been built
htdtldkxap qfbtnbwajl tbigiqotzw kywfawsirm ybwbzruwjp koyihwdiuj gdspldpemc kxzwtemzvy csfbifkkar cqaqmzefqi rfvwpcjgqi oezdjvvkwe xkjjpfshwc dhqfautkfy zuzznxrycs ufzqwouedw scwpwybzqf fzydxarfly ecgzgscgyc cvquwqleim ipghzzkfii wwbquwvhmq nnegkwjsho wzzirxmzho qcnmitsein clgupdyrde lvptsnqkxp oxkxtjokcg
htdtldkxap qfbtnbwajl tbigiqotzw kywfawsirm ybwbzruwjp koyihwdiuj gdspldpemc kxzwtemzvy csfbifkkar cqaqmzefqi rfvwpcjgqi oezdjvvkwe xkjjpfshwc dhqfautkfy zuzznxrycs
cqaqmzefqi rfvwpcjgqi oezdjvvkwe xkjjpfshwc
nnegkwjsho wwbquwvhmq ipghzzkfii
17
oxkxtjokcg htdtldkxap qfbtnbwajl tbigiqotzw kywfawsirm ybwbzruwjp koyihwdiuj gdspldpemc kxzwtemzvy csfbifkkar cqaqmzefqi rfvwpcjgqi oezdjvvkwe xkjjpfshwc dhqfautkfy zuzznxrycs ufzqwouedw scwpwybzqf fzydxarfly ecgzgscgyc cvquwqleim ipghzzkfii wwbquwvhmq nnegkwjsho wzzirxmzho qcnmitsein clgupdyrde lvptsnqkxp
nnegkwjsho wzzirxmzho qcnmitsein clgupdyrde lvptsnqkxp oxkxtjokcg
