62
station ynujwirhtf has been built
lvlztylzks yivyuxsyea jcfpzfodmd zqxnwaigoy epbytmmogd brjlzrrhor xceuscbqhi hmpmhqxrbc ujnouywhgx ecijtgaqme twqswgwmbu qjqxpyctwp bicsbymlop hfxgrruoio xwsijsntyj
brjlzrrhor xceuscbqhi hmpmhqxrbc ujnouywhgx ecijtgaqme twqswgwmbu qjqxpyctwp bicsbymlop hfxgrruoio xwsijsntyj epqmperhpb wfrdaulzvn vjmmlwzqyx aipguhkxfy uvqfalcejp hzafhangzi zqpmovqimv jgmqkgrdqa lmyrikxitc rtljpjnkki hqsvjhkyev crofiuseex bvthdkwkxo uforgfwfhx uorrjjuhfd aqozvzedoz pahklsccvu krropeamwz eogfeqtszq luxqeqfnkp phbfepujbr tqmdzdcpjn zdbyvdtzra ymmloigcvc mfidoirfkm ynujwirhtf usgoweprtw khfvufnbkw kztsbwcauu uojcxozljj hwvmofbuuw brmeskjqtd mgehsecrkn ltnjzllooo hwiygghowk vkkvyrpmax lvlztylzks yivyuxsyea jcfpzfodmd zqxnwaigoy epbytmmogd
vkkvyrpmax lvlztylzks yivyuxsyea jcfpzfodmd zqxnwaigoy epbytmmogd brjlzrrhor xceuscbqhi hmpmhqxrbc ujnouywhgx ecijtgaqme twqswgwmbu qjqxpyctwp bicsbymlop hfxgrruoio xwsijsntyj epqmperhpb wfrdaulzvn vjmmlwzqyx aipguhkxfy uvqfalcejp hzafhangzi zqpmovqimv jgmqkgrdqa lmyrikxitc rtljpjnkki hqsvjhkyev crofiuseex bvthdkwkxo uforgfwfhx uorrjjuhfd aqozvzedoz pahklsccvu krropeamwz eogfeqtszq luxqeqfnkp phbfepujbr tqmdzdcpjn zdbyvdtzra ymmloigcvc mfidoirfkm ynujwirhtf usgoweprtw khfvufnbkw kztsbwcauu uojcxozljj hwvmofbuuw brmeskjqtd mgehsecrkn ltnjzllooo hwiygghowk
xwsijsntyj hfxgrruoio bicsbymlop qjqxpyctwp twqswgwmbu ecijtgaqme ujnouywhgx hmpmhqxrbc xceuscbqhi brjlzrrhor epbytmmogd zqxnwaigoy jcfpzfodmd yivyuxsyea lvlztylzks
station cqvoqwbfgf has been built
station inxyjfqxuo has been built
uojcxozljj hwvmofbuuw brmeskjqtd mgehsecrkn ltnjzllooo hwiygghowk vkkvyrpmax lvlztylzks yivyuxsyea jcfpzfodmd zqxnwaigoy epbytmmogd brjlzrrhor xceuscbqhi hmpmhqxrbc ujnouywhgx ecijtgaqme twqswgwmbu qjqxpyctwp bicsbymlop hfxgrruoio xwsijsntyj epqmperhpb cqvoqwbfgf wfrdaulzvn vjmmlwzqyx aipguhkxfy uvqfalcejp hzafhangzi zqpmovqimv jgmqkgrdqa lmyrikxitc rtljpjnkki hqsvjhkyev crofiuseex bvthdkwkxo uforgfwfhx uorrjjuhfd aqozvzedoz pahklsccvu krropeamwz eogfeqtszq luxqeqfnkp phbfepujbr tqmdzdcpjn inxyjfqxuo zdbyvdtzra ymmloigcvc mfidoirfkm ynujwirhtf usgoweprtw khfvufnbkw kztsbwcauu
47
aqozvzedoz uorrjjuhfd uforgfwfhx bvthdkwkxo crofiuseex hqsvjhkyev
65
lvlztylzks vkkvyrpmax hwiygghowk ltnjzllooo mgehsecrkn brmeskjqtd hwvmofbuuw uojcxozljj kztsbwcauu khfvufnbkw usgoweprtw
twqswgwmbu
station izadzvyuui has been built
65
68
kztsbwcauu uojcxozljj hwvmofbuuw brmeskjqtd mgehsecrkn ltnjzllooo hwiygghowk vkkvyrpmax lvlztylzks yivyuxsyea jcfpzfodmd zqxnwaigoy epbytmmogd brjlzrrhor xceuscbqhi hmpmhqxrbc ujnouywhgx ecijtgaqme izadzvyuui twqswgwmbu qjqxpyctwp bicsbymlop hfxgrruoio xwsijsntyj epqmperhpb cqvoqwbfgf wfrdaulzvn vjmmlwzqyx aipguhkxfy uvqfalcejp hzafhangzi zqpmovqimv jgmqkgrdqa lmyrikxitc rtljpjnkki hqsvjhkyev crofiuseex bvthdkwkxo uforgfwfhx uorrjjuhfd aqozvzedoz pahklsccvu krropeamwz eogfeqtszq luxqeqfnkp phbfepujbr tqmdzdcpjn inxyjfqxuo zdbyvdtzra ymmloigcvc mfidoirfkm ynujwirhtf usgoweprtw khfvufnbkw
80
station sghocujhks has been built
32
pahklsccvu krropeamwz eogfeqtszq luxqeqfnkp phbfepujbr tqmdzdcpjn inxyjfqxuo zdbyvdtzra ymmloigcvc mfidoirfkm sghocujhks ynujwirhtf usgoweprtw khfvufnbkw kztsbwcauu uojcxozljj hwvmofbuuw brmeskjqtd mgehsecrkn ltnjzllooo hwiygghowk vkkvyrpmax lvlztylzks yivyuxsyea jcfpzfodmd zqxnwaigoy epbytmmogd brjlzrrhor xceuscbqhi hmpmhqxrbc ujnouywhgx ecijtgaqme izadzvyuui twqswgwmbu qjqxpyctwp bicsbymlop hfxgrruoio xwsijsntyj epqmperhpb cqvoqwbfgf wfrdaulzvn vjmmlwzqyx aipguhkxfy uvqfalcejp hzafhangzi zqpmovqimv jgmqkgrdqa lmyrikxitc rtljpjnkki hqsvjhkyev crofiuseex bvthdkwkxo uforgfwfhx uorrjjuhfd aqozvzedoz
56
71
station ysamipguts has been built
47
41
74
11
station dopvvafnqp has been built
station ddfzdenrbp has been built
86
0
mgehsecrkn brmeskjqtd hwvmofbuuw uojcxozljj kztsbwcauu khfvufnbkw usgoweprtw ynujwirhtf sghocujhks mfidoirfkm ymmloigcvc zdbyvdtzra inxyjfqxuo tqmdzdcpjn phbfepujbr luxqeqfnkp eogfeqtszq krropeamwz
station jdoolnenfu has been built
ltnjzllooo hwiygghowk vkkvyrpmax jdoolnenfu lvlztylzks yivyuxsyea jcfpzfodmd zqxnwaigoy epbytmmogd brjlzrrhor xceuscbqhi hmpmhqxrbc ujnouywhgx ecijtgaqme izadzvyuui twqswgwmbu qjqxpyctwp bicsbymlop hfxgrruoio xwsijsntyj ddfzdenrbp epqmperhpb cqvoqwbfgf wfrdaulzvn vjmmlwzqyx aipguhkxfy uvqfalcejp hzafhangzi
20
station lebervguel has been built
station nfzjdfhaal has been built
vjmmlwzqyx aipguhkxfy uvqfalcejp hzafhangzi ysamipguts zqpmovqimv jgmqkgrdqa lmyrikxitc rtljpjnkki hqsvjhkyev crofiuseex bvthdkwkxo dopvvafnqp uforgfwfhx uorrjjuhfd aqozvzedoz pahklsccvu krropeamwz eogfeqtszq luxqeqfnkp phbfepujbr tqmdzdcpjn inxyjfqxuo zdbyvdtzra lebervguel ymmloigcvc mfidoirfkm sghocujhks ynujwirhtf usgoweprtw khfvufnbkw kztsbwcauu uojcxozljj hwvmofbuuw brmeskjqtd mgehsecrkn ltnjzllooo hwiygghowk vkkvyrpmax jdoolnenfu lvlztylzks yivyuxsyea jcfpzfodmd zqxnwaigoy epbytmmogd brjlzrrhor xceuscbqhi nfzjdfhaal hmpmhqxrbc ujnouywhgx ecijtgaqme izadzvyuui twqswgwmbu qjqxpyctwp bicsbymlop hfxgrruoio xwsijsntyj ddfzdenrbp epqmperhpb cqvoqwbfgf wfrdaulzvn
53
11
aqozvzedoz pahklsccvu krropeamwz eogfeqtszq luxqeqfnkp phbfepujbr tqmdzdcpjn inxyjfqxuo zdbyvdtzra lebervguel ymmloigcvc mfidoirfkm sghocujhks ynujwirhtf usgoweprtw khfvufnbkw kztsbwcauu uojcxozljj hwvmofbuuw brmeskjqtd mgehsecrkn ltnjzllooo hwiygghowk vkkvyrpmax jdoolnenfu lvlztylzks yivyuxsyea jcfpzfodmd zqxnwaigoy epbytmmogd brjlzrrhor xceuscbqhi nfzjdfhaal hmpmhqxrbc ujnouywhgx ecijtgaqme izadzvyuui twqswgwmbu qjqxpyctwp bicsbymlop hfxgrruoio xwsijsntyj ddfzdenrbp epqmperhpb cqvoqwbfgf wfrdaulzvn vjmmlwzqyx aipguhkxfy uvqfalcejp hzafhangzi ysamipguts zqpmovqimv jgmqkgrdqa lmyrikxitc rtljpjnkki hqsvjhkyev crofiuseex bvthdkwkxo dopvvafnqp uforgfwfhx uorrjjuhfd
station gjkjlymbux has been built
32
station fgftcxyuzh has been built
jgmqkgrdqa zqpmovqimv ysamipguts hzafhangzi uvqfalcejp aipguhkxfy vjmmlwzqyx wfrdaulzvn cqvoqwbfgf epqmperhpb
8
47
92
station klniwhfguu has been built
23
vjmmlwzqyx aipguhkxfy uvqfalcejp hzafhangzi ysamipguts zqpmovqimv jgmqkgrdqa lmyrikxitc rtljpjnkki hqsvjhkyev crofiuseex bvthdkwkxo dopvvafnqp uforgfwfhx uorrjjuhfd aqozvzedoz pahklsccvu
station hcyiwyjora has been built
bicsbymlop hfxgrruoio fgftcxyuzh xwsijsntyj ddfzdenrbp epqmperhpb cqvoqwbfgf wfrdaulzvn vjmmlwzqyx aipguhkxfy uvqfalcejp hzafhangzi ysamipguts zqpmovqimv jgmqkgrdqa lmyrikxitc rtljpjnkki hqsvjhkyev crofiuseex bvthdkwkxo hcyiwyjora dopvvafnqp uforgfwfhx uorrjjuhfd aqozvzedoz pahklsccvu krropeamwz eogfeqtszq luxqeqfnkp phbfepujbr tqmdzdcpjn inxyjfqxuo zdbyvdtzra lebervguel ymmloigcvc mfidoirfkm sghocujhks ynujwirhtf usgoweprtw khfvufnbkw klniwhfguu kztsbwcauu uojcxozljj hwvmofbuuw brmeskjqtd mgehsecrkn ltnjzllooo hwiygghowk vkkvyrpmax jdoolnenfu lvlztylzks yivyuxsyea jcfpzfodmd zqxnwaigoy epbytmmogd gjkjlymbux brjlzrrhor xceuscbqhi nfzjdfhaal hmpmhqxrbc ujnouywhgx ecijtgaqme izadzvyuui twqswgwmbu qjqxpyctwp
41
62
62
74
mgehsecrkn brmeskjqtd hwvmofbuuw uojcxozljj
xwsijsntyj ddfzdenrbp epqmperhpb cqvoqwbfgf wfrdaulzvn vjmmlwzqyx aipguhkxfy uvqfalcejp hzafhangzi ysamipguts zqpmovqimv jgmqkgrdqa lmyrikxitc
mgehsecrkn ltnjzllooo hwiygghowk vkkvyrpmax jdoolnenfu lvlztylzks yivyuxsyea
14
bicsbymlop hfxgrruoio fgftcxyuzh xwsijsntyj ddfzdenrbp epqmperhpb cqvoqwbfgf wfrdaulzvn vjmmlwzqyx aipguhkxfy uvqfalcejp hzafhangzi ysamipguts zqpmovqimv jgmqkgrdqa lmyrikxitc rtljpjnkki hqsvjhkyev crofiuseex bvthdkwkxo hcyiwyjora dopvvafnqp uforgfwfhx uorrjjuhfd aqozvzedoz
8
68
station slljmzztdt has been built
station sbpdqsmowf has been built
aipguhkxfy uvqfalcejp hzafhangzi ysamipguts zqpmovqimv jgmqkgrdqa slljmzztdt lmyrikxitc rtljpjnkki hqsvjhkyev
station itcboagbea has been built
65
station olepntumcu has been built
92
uorrjjuhfd aqozvzedoz
38
65
station jwbvrumrus has been built
aipguhkxfy uvqfalcejp hzafhangzi ysamipguts zqpmovqimv jgmqkgrdqa slljmzztdt lmyrikxitc rtljpjnkki hqsvjhkyev crofiuseex bvthdkwkxo hcyiwyjora dopvvafnqp uforgfwfhx uorrjjuhfd aqozvzedoz pahklsccvu krropeamwz eogfeqtszq luxqeqfnkp phbfepujbr jwbvrumrus tqmdzdcpjn inxyjfqxuo zdbyvdtzra lebervguel ymmloigcvc mfidoirfkm olepntumcu sghocujhks ynujwirhtf usgoweprtw khfvufnbkw sbpdqsmowf klniwhfguu kztsbwcauu uojcxozljj hwvmofbuuw brmeskjqtd mgehsecrkn ltnjzllooo hwiygghowk vkkvyrpmax jdoolnenfu lvlztylzks yivyuxsyea jcfpzfodmd zqxnwaigoy epbytmmogd gjkjlymbux brjlzrrhor xceuscbqhi nfzjdfhaal hmpmhqxrbc ujnouywhgx ecijtgaqme izadzvyuui twqswgwmbu qjqxpyctwp bicsbymlop hfxgrruoio fgftcxyuzh xwsijsntyj itcboagbea ddfzdenrbp epqmperhpb cqvoqwbfgf wfrdaulzvn vjmmlwzqyx
62
5
11
ymmloigcvc mfidoirfkm olepntumcu sghocujhks ynujwirhtf usgoweprtw khfvufnbkw sbpdqsmowf klniwhfguu kztsbwcauu uojcxozljj hwvmofbuuw brmeskjqtd mgehsecrkn ltnjzllooo hwiygghowk vkkvyrpmax jdoolnenfu lvlztylzks yivyuxsyea jcfpzfodmd zqxnwaigoy epbytmmogd gjkjlymbux brjlzrrhor xceuscbqhi nfzjdfhaal hmpmhqxrbc ujnouywhgx ecijtgaqme izadzvyuui twqswgwmbu qjqxpyctwp bicsbymlop hfxgrruoio fgftcxyuzh xwsijsntyj itcboagbea ddfzdenrbp epqmperhpb cqvoqwbfgf wfrdaulzvn vjmmlwzqyx aipguhkxfy uvqfalcejp hzafhangzi ysamipguts zqpmovqimv jgmqkgrdqa slljmzztdt lmyrikxitc rtljpjnkki hqsvjhkyev crofiuseex bvthdkwkxo hcyiwyjora dopvvafnqp uforgfwfhx uorrjjuhfd aqozvzedoz pahklsccvu krropeamwz eogfeqtszq luxqeqfnkp phbfepujbr jwbvrumrus tqmdzdcpjn inxyjfqxuo zdbyvdtzra lebervguel
station zpsbsjrcwv has been built
station rwiiooyyen has been built
station ifpeaegdhv has been built
station crlonuwpio has been built
107
jcfpzfodmd zqxnwaigoy crlonuwpio epbytmmogd gjkjlymbux brjlzrrhor xceuscbqhi nfzjdfhaal hmpmhqxrbc rwiiooyyen ujnouywhgx ecijtgaqme izadzvyuui twqswgwmbu qjqxpyctwp bicsbymlop hfxgrruoio fgftcxyuzh xwsijsntyj itcboagbea ddfzdenrbp epqmperhpb cqvoqwbfgf wfrdaulzvn vjmmlwzqyx aipguhkxfy uvqfalcejp hzafhangzi ysamipguts zqpmovqimv jgmqkgrdqa slljmzztdt lmyrikxitc rtljpjnkki hqsvjhkyev crofiuseex bvthdkwkxo hcyiwyjora dopvvafnqp uforgfwfhx uorrjjuhfd zpsbsjrcwv aqozvzedoz pahklsccvu krropeamwz eogfeqtszq luxqeqfnkp phbfepujbr jwbvrumrus tqmdzdcpjn ifpeaegdhv inxyjfqxuo zdbyvdtzra lebervguel ymmloigcvc mfidoirfkm olepntumcu sghocujhks ynujwirhtf usgoweprtw khfvufnbkw sbpdqsmowf klniwhfguu kztsbwcauu uojcxozljj hwvmofbuuw brmeskjqtd mgehsecrkn ltnjzllooo hwiygghowk vkkvyrpmax jdoolnenfu lvlztylzks yivyuxsyea
uorrjjuhfd zpsbsjrcwv aqozvzedoz pahklsccvu krropeamwz eogfeqtszq luxqeqfnkp phbfepujbr jwbvrumrus tqmdzdcpjn ifpeaegdhv inxyjfqxuo zdbyvdtzra lebervguel ymmloigcvc mfidoirfkm olepntumcu sghocujhks ynujwirhtf usgoweprtw khfvufnbkw sbpdqsmowf klniwhfguu kztsbwcauu uojcxozljj hwvmofbuuw brmeskjqtd mgehsecrkn ltnjzllooo hwiygghowk vkkvyrpmax jdoolnenfu lvlztylzks yivyuxsyea jcfpzfodmd zqxnwaigoy crlonuwpio epbytmmogd gjkjlymbux brjlzrrhor xceuscbqhi nfzjdfhaal hmpmhqxrbc rwiiooyyen ujnouywhgx ecijtgaqme izadzvyuui twqswgwmbu qjqxpyctwp bicsbymlop hfxgrruoio fgftcxyuzh xwsijsntyj itcboagbea ddfzdenrbp epqmperhpb cqvoqwbfgf wfrdaulzvn vjmmlwzqyx aipguhkxfy uvqfalcejp hzafhangzi ysamipguts zqpmovqimv jgmqkgrdqa slljmzztdt lmyrikxitc rtljpjnkki hqsvjhkyev crofiuseex bvthdkwkxo hcyiwyjora dopvvafnqp uforgfwfhx
44
23
aqozvzedoz zpsbsjrcwv uorrjjuhfd uforgfwfhx dopvvafnqp hcyiwyjora bvthdkwkxo crofiuseex hqsvjhkyev rtljpjnkki lmyrikxitc slljmzztdt jgmqkgrdqa zqpmovqimv ysamipguts hzafhangzi uvqfalcejp aipguhkxfy vjmmlwzqyx wfrdaulzvn cqvoqwbfgf epqmperhpb ddfzdenrbp itcboagbea xwsijsntyj fgftcxyuzh hfxgrruoio bicsbymlop qjqxpyctwp twqswgwmbu izadzvyuui ecijtgaqme ujnouywhgx rwiiooyyen hmpmhqxrbc nfzjdfhaal xceuscbqhi
station ylkuyojmsj has been built
74
station lwkldlhtxj has been built
47
crofiuseex bvthdkwkxo hcyiwyjora dopvvafnqp uforgfwfhx uorrjjuhfd zpsbsjrcwv aqozvzedoz pahklsccvu krropeamwz eogfeqtszq luxqeqfnkp phbfepujbr jwbvrumrus tqmdzdcpjn ifpeaegdhv inxyjfqxuo zdbyvdtzra lebervguel ymmloigcvc mfidoirfkm olepntumcu sghocujhks ynujwirhtf usgoweprtw khfvufnbkw sbpdqsmowf klniwhfguu kztsbwcauu lwkldlhtxj uojcxozljj hwvmofbuuw brmeskjqtd mgehsecrkn ltnjzllooo hwiygghowk vkkvyrpmax jdoolnenfu lvlztylzks yivyuxsyea jcfpzfodmd ylkuyojmsj zqxnwaigoy crlonuwpio epbytmmogd gjkjlymbux brjlzrrhor xceuscbqhi nfzjdfhaal hmpmhqxrbc rwiiooyyen ujnouywhgx ecijtgaqme izadzvyuui twqswgwmbu qjqxpyctwp bicsbymlop hfxgrruoio fgftcxyuzh xwsijsntyj itcboagbea ddfzdenrbp epqmperhpb cqvoqwbfgf wfrdaulzvn vjmmlwzqyx aipguhkxfy uvqfalcejp hzafhangzi ysamipguts zqpmovqimv jgmqkgrdqa slljmzztdt lmyrikxitc rtljpjnkki hqsvjhkyev
8
98
68
station weufpzkvah has been built
14
station evftmljocc has been built
station cohtrdmvzm has been built
yivyuxsyea jcfpzfodmd ylkuyojmsj zqxnwaigoy crlonuwpio epbytmmogd gjkjlymbux brjlzrrhor xceuscbqhi nfzjdfhaal hmpmhqxrbc cohtrdmvzm rwiiooyyen ujnouywhgx ecijtgaqme izadzvyuui twqswgwmbu qjqxpyctwp bicsbymlop hfxgrruoio fgftcxyuzh xwsijsntyj itcboagbea ddfzdenrbp epqmperhpb cqvoqwbfgf wfrdaulzvn vjmmlwzqyx aipguhkxfy uvqfalcejp hzafhangzi ysamipguts zqpmovqimv jgmqkgrdqa slljmzztdt lmyrikxitc rtljpjnkki hqsvjhkyev crofiuseex bvthdkwkxo hcyiwyjora dopvvafnqp uforgfwfhx uorrjjuhfd zpsbsjrcwv aqozvzedoz pahklsccvu krropeamwz weufpzkvah eogfeqtszq luxqeqfnkp phbfepujbr jwbvrumrus tqmdzdcpjn ifpeaegdhv inxyjfqxuo zdbyvdtzra lebervguel ymmloigcvc evftmljocc mfidoirfkm olepntumcu sghocujhks ynujwirhtf usgoweprtw khfvufnbkw sbpdqsmowf klniwhfguu kztsbwcauu lwkldlhtxj uojcxozljj hwvmofbuuw brmeskjqtd mgehsecrkn ltnjzllooo hwiygghowk vkkvyrpmax jdoolnenfu lvlztylzks
104
epbytmmogd crlonuwpio zqxnwaigoy ylkuyojmsj jcfpzfodmd yivyuxsyea lvlztylzks jdoolnenfu vkkvyrpmax hwiygghowk ltnjzllooo mgehsecrkn brmeskjqtd hwvmofbuuw uojcxozljj lwkldlhtxj kztsbwcauu klniwhfguu sbpdqsmowf khfvufnbkw usgoweprtw ynujwirhtf sghocujhks olepntumcu mfidoirfkm evftmljocc ymmloigcvc
17
47
26
77
station eqknoqfynx has been built
hmpmhqxrbc cohtrdmvzm rwiiooyyen ujnouywhgx ecijtgaqme izadzvyuui twqswgwmbu qjqxpyctwp bicsbymlop hfxgrruoio fgftcxyuzh xwsijsntyj itcboagbea ddfzdenrbp epqmperhpb cqvoqwbfgf wfrdaulzvn vjmmlwzqyx aipguhkxfy uvqfalcejp hzafhangzi ysamipguts zqpmovqimv jgmqkgrdqa slljmzztdt lmyrikxitc rtljpjnkki hqsvjhkyev crofiuseex bvthdkwkxo hcyiwyjora dopvvafnqp uforgfwfhx uorrjjuhfd zpsbsjrcwv aqozvzedoz pahklsccvu krropeamwz weufpzkvah eogfeqtszq luxqeqfnkp phbfepujbr jwbvrumrus tqmdzdcpjn ifpeaegdhv inxyjfqxuo zdbyvdtzra lebervguel ymmloigcvc evftmljocc mfidoirfkm olepntumcu sghocujhks ynujwirhtf usgoweprtw khfvufnbkw sbpdqsmowf klniwhfguu kztsbwcauu lwkldlhtxj uojcxozljj hwvmofbuuw brmeskjqtd mgehsecrkn eqknoqfynx ltnjzllooo hwiygghowk vkkvyrpmax jdoolnenfu lvlztylzks yivyuxsyea jcfpzfodmd ylkuyojmsj zqxnwaigoy crlonuwpio epbytmmogd gjkjlymbux brjlzrrhor xceuscbqhi nfzjdfhaal
station ghrxtspgxu has been built
38
hfxgrruoio bicsbymlop qjqxpyctwp twqswgwmbu izadzvyuui ecijtgaqme ujnouywhgx rwiiooyyen cohtrdmvzm hmpmhqxrbc nfzjdfhaal xceuscbqhi brjlzrrhor gjkjlymbux epbytmmogd crlonuwpio zqxnwaigoy ylkuyojmsj jcfpzfodmd yivyuxsyea lvlztylzks jdoolnenfu vkkvyrpmax hwiygghowk ltnjzllooo eqknoqfynx mgehsecrkn brmeskjqtd hwvmofbuuw
wfrdaulzvn vjmmlwzqyx aipguhkxfy uvqfalcejp hzafhangzi ysamipguts zqpmovqimv jgmqkgrdqa slljmzztdt lmyrikxitc rtljpjnkki hqsvjhkyev crofiuseex bvthdkwkxo hcyiwyjora dopvvafnqp uforgfwfhx uorrjjuhfd zpsbsjrcwv aqozvzedoz pahklsccvu krropeamwz weufpzkvah eogfeqtszq luxqeqfnkp phbfepujbr
station axhvdfuxzx has been built
5
17
station qysegrmukc has been built
11
station puweywaudu has been built
station cjdoedwstm has been built
station mumsluvwql has been built
47
62
41
77
119
bvthdkwkxo hcyiwyjora dopvvafnqp uforgfwfhx uorrjjuhfd zpsbsjrcwv aqozvzedoz pahklsccvu krropeamwz weufpzkvah eogfeqtszq luxqeqfnkp phbfepujbr ghrxtspgxu jwbvrumrus tqmdzdcpjn ifpeaegdhv inxyjfqxuo zdbyvdtzra lebervguel ymmloigcvc evftmljocc mfidoirfkm olepntumcu sghocujhks ynujwirhtf usgoweprtw khfvufnbkw sbpdqsmowf klniwhfguu kztsbwcauu puweywaudu lwkldlhtxj uojcxozljj hwvmofbuuw brmeskjqtd mgehsecrkn eqknoqfynx ltnjzllooo hwiygghowk vkkvyrpmax jdoolnenfu lvlztylzks yivyuxsyea jcfpzfodmd ylkuyojmsj zqxnwaigoy crlonuwpio epbytmmogd gjkjlymbux brjlzrrhor xceuscbqhi nfzjdfhaal hmpmhqxrbc cohtrdmvzm rwiiooyyen ujnouywhgx cjdoedwstm ecijtgaqme izadzvyuui twqswgwmbu qjqxpyctwp qysegrmukc bicsbymlop hfxgrruoio fgftcxyuzh xwsijsntyj itcboagbea ddfzdenrbp epqmperhpb cqvoqwbfgf wfrdaulzvn vjmmlwzqyx aipguhkxfy uvqfalcejp hzafhangzi ysamipguts zqpmovqimv mumsluvwql jgmqkgrdqa slljmzztdt lmyrikxitc rtljpjnkki axhvdfuxzx hqsvjhkyev crofiuseex
station tqcyjbcpzv has been built
41
station ogslyzgrai has been built
2
80
80
usgoweprtw khfvufnbkw
92
0
29
brjlzrrhor xceuscbqhi nfzjdfhaal hmpmhqxrbc ogslyzgrai cohtrdmvzm rwiiooyyen ujnouywhgx cjdoedwstm ecijtgaqme izadzvyuui twqswgwmbu qjqxpyctwp qysegrmukc bicsbymlop hfxgrruoio fgftcxyuzh xwsijsntyj itcboagbea ddfzdenrbp epqmperhpb cqvoqwbfgf wfrdaulzvn vjmmlwzqyx aipguhkxfy uvqfalcejp hzafhangzi ysamipguts zqpmovqimv mumsluvwql jgmqkgrdqa slljmzztdt lmyrikxitc rtljpjnkki axhvdfuxzx hqsvjhkyev crofiuseex bvthdkwkxo hcyiwyjora dopvvafnqp uforgfwfhx uorrjjuhfd
station opphluckdv has been built
50
station hbxfjsvdvc has been built
95
41
77
mfidoirfkm olepntumcu sghocujhks ynujwirhtf usgoweprtw khfvufnbkw sbpdqsmowf klniwhfguu kztsbwcauu puweywaudu lwkldlhtxj uojcxozljj hwvmofbuuw brmeskjqtd mgehsecrkn eqknoqfynx ltnjzllooo hwiygghowk vkkvyrpmax jdoolnenfu lvlztylzks yivyuxsyea jcfpzfodmd tqcyjbcpzv ylkuyojmsj zqxnwaigoy crlonuwpio epbytmmogd gjkjlymbux brjlzrrhor xceuscbqhi nfzjdfhaal hmpmhqxrbc ogslyzgrai cohtrdmvzm rwiiooyyen ujnouywhgx cjdoedwstm ecijtgaqme izadzvyuui twqswgwmbu qjqxpyctwp qysegrmukc bicsbymlop hfxgrruoio fgftcxyuzh xwsijsntyj itcboagbea ddfzdenrbp epqmperhpb cqvoqwbfgf wfrdaulzvn vjmmlwzqyx aipguhkxfy opphluckdv uvqfalcejp hzafhangzi ysamipguts zqpmovqimv mumsluvwql jgmqkgrdqa slljmzztdt lmyrikxitc rtljpjnkki axhvdfuxzx hqsvjhkyev crofiuseex bvthdkwkxo hcyiwyjora dopvvafnqp uforgfwfhx uorrjjuhfd zpsbsjrcwv aqozvzedoz pahklsccvu krropeamwz weufpzkvah eogfeqtszq hbxfjsvdvc luxqeqfnkp phbfepujbr ghrxtspgxu jwbvrumrus tqmdzdcpjn ifpeaegdhv inxyjfqxuo zdbyvdtzra lebervguel ymmloigcvc evftmljocc
128
station ynsjeebwla has been built
jcfpzfodmd yivyuxsyea lvlztylzks jdoolnenfu vkkvyrpmax hwiygghowk ltnjzllooo eqknoqfynx mgehsecrkn brmeskjqtd hwvmofbuuw uojcxozljj lwkldlhtxj puweywaudu kztsbwcauu klniwhfguu sbpdqsmowf khfvufnbkw usgoweprtw ynujwirhtf sghocujhks olepntumcu mfidoirfkm evftmljocc ymmloigcvc lebervguel zdbyvdtzra inxyjfqxuo ifpeaegdhv tqmdzdcpjn jwbvrumrus ghrxtspgxu phbfepujbr luxqeqfnkp hbxfjsvdvc eogfeqtszq weufpzkvah krropeamwz pahklsccvu aqozvzedoz zpsbsjrcwv uorrjjuhfd uforgfwfhx dopvvafnqp hcyiwyjora bvthdkwkxo
29
35
32
50
8
119
44
20
134
59
pahklsccvu krropeamwz weufpzkvah eogfeqtszq hbxfjsvdvc luxqeqfnkp phbfepujbr ghrxtspgxu jwbvrumrus tqmdzdcpjn ifpeaegdhv inxyjfqxuo zdbyvdtzra lebervguel ymmloigcvc evftmljocc mfidoirfkm olepntumcu sghocujhks ynujwirhtf usgoweprtw khfvufnbkw sbpdqsmowf klniwhfguu kztsbwcauu puweywaudu lwkldlhtxj uojcxozljj hwvmofbuuw brmeskjqtd mgehsecrkn eqknoqfynx ltnjzllooo hwiygghowk vkkvyrpmax jdoolnenfu lvlztylzks yivyuxsyea jcfpzfodmd tqcyjbcpzv ylkuyojmsj zqxnwaigoy crlonuwpio epbytmmogd gjkjlymbux brjlzrrhor xceuscbqhi nfzjdfhaal hmpmhqxrbc ogslyzgrai cohtrdmvzm rwiiooyyen ujnouywhgx cjdoedwstm ecijtgaqme izadzvyuui twqswgwmbu qjqxpyctwp qysegrmukc bicsbymlop hfxgrruoio fgftcxyuzh xwsijsntyj itcboagbea ddfzdenrbp epqmperhpb cqvoqwbfgf wfrdaulzvn vjmmlwzqyx aipguhkxfy opphluckdv uvqfalcejp hzafhangzi ysamipguts zqpmovqimv mumsluvwql jgmqkgrdqa slljmzztdt lmyrikxitc rtljpjnkki ynsjeebwla axhvdfuxzx hqsvjhkyev crofiuseex bvthdkwkxo hcyiwyjora dopvvafnqp uforgfwfhx uorrjjuhfd zpsbsjrcwv aqozvzedoz
50
hfxgrruoio fgftcxyuzh xwsijsntyj itcboagbea ddfzdenrbp epqmperhpb cqvoqwbfgf wfrdaulzvn vjmmlwzqyx aipguhkxfy opphluckdv uvqfalcejp
xwsijsntyj fgftcxyuzh hfxgrruoio bicsbymlop qysegrmukc qjqxpyctwp twqswgwmbu izadzvyuui ecijtgaqme cjdoedwstm ujnouywhgx rwiiooyyen cohtrdmvzm ogslyzgrai hmpmhqxrbc nfzjdfhaal xceuscbqhi brjlzrrhor gjkjlymbux epbytmmogd crlonuwpio zqxnwaigoy ylkuyojmsj tqcyjbcpzv jcfpzfodmd yivyuxsyea lvlztylzks jdoolnenfu vkkvyrpmax hwiygghowk ltnjzllooo
jgmqkgrdqa slljmzztdt lmyrikxitc rtljpjnkki ynsjeebwla axhvdfuxzx hqsvjhkyev crofiuseex bvthdkwkxo hcyiwyjora dopvvafnqp uforgfwfhx uorrjjuhfd zpsbsjrcwv aqozvzedoz pahklsccvu krropeamwz weufpzkvah eogfeqtszq hbxfjsvdvc luxqeqfnkp phbfepujbr ghrxtspgxu jwbvrumrus tqmdzdcpjn ifpeaegdhv inxyjfqxuo zdbyvdtzra lebervguel ymmloigcvc evftmljocc mfidoirfkm olepntumcu sghocujhks ynujwirhtf usgoweprtw khfvufnbkw sbpdqsmowf klniwhfguu kztsbwcauu puweywaudu lwkldlhtxj uojcxozljj hwvmofbuuw brmeskjqtd mgehsecrkn eqknoqfynx ltnjzllooo hwiygghowk vkkvyrpmax jdoolnenfu lvlztylzks yivyuxsyea jcfpzfodmd tqcyjbcpzv ylkuyojmsj zqxnwaigoy crlonuwpio epbytmmogd gjkjlymbux brjlzrrhor xceuscbqhi nfzjdfhaal hmpmhqxrbc ogslyzgrai cohtrdmvzm rwiiooyyen ujnouywhgx cjdoedwstm ecijtgaqme izadzvyuui twqswgwmbu qjqxpyctwp qysegrmukc bicsbymlop hfxgrruoio fgftcxyuzh xwsijsntyj itcboagbea ddfzdenrbp epqmperhpb cqvoqwbfgf wfrdaulzvn vjmmlwzqyx aipguhkxfy opphluckdv uvqfalcejp hzafhangzi ysamipguts zqpmovqimv mumsluvwql
station vzedfnqemx has been built
qjqxpyctwp qysegrmukc bicsbymlop hfxgrruoio fgftcxyuzh xwsijsntyj itcboagbea ddfzdenrbp epqmperhpb cqvoqwbfgf wfrdaulzvn vjmmlwzqyx aipguhkxfy opphluckdv uvqfalcejp hzafhangzi ysamipguts zqpmovqimv mumsluvwql jgmqkgrdqa slljmzztdt lmyrikxitc rtljpjnkki ynsjeebwla axhvdfuxzx hqsvjhkyev crofiuseex bvthdkwkxo hcyiwyjora dopvvafnqp uforgfwfhx uorrjjuhfd zpsbsjrcwv aqozvzedoz pahklsccvu krropeamwz vzedfnqemx weufpzkvah eogfeqtszq hbxfjsvdvc luxqeqfnkp phbfepujbr ghrxtspgxu jwbvrumrus tqmdzdcpjn ifpeaegdhv inxyjfqxuo zdbyvdtzra lebervguel ymmloigcvc evftmljocc mfidoirfkm olepntumcu sghocujhks ynujwirhtf usgoweprtw khfvufnbkw sbpdqsmowf klniwhfguu kztsbwcauu puweywaudu lwkldlhtxj uojcxozljj hwvmofbuuw brmeskjqtd mgehsecrkn eqknoqfynx ltnjzllooo hwiygghowk vkkvyrpmax jdoolnenfu lvlztylzks yivyuxsyea jcfpzfodmd tqcyjbcpzv ylkuyojmsj zqxnwaigoy crlonuwpio epbytmmogd gjkjlymbux brjlzrrhor xceuscbqhi nfzjdfhaal hmpmhqxrbc ogslyzgrai cohtrdmvzm rwiiooyyen ujnouywhgx cjdoedwstm ecijtgaqme izadzvyuui twqswgwmbu
station ivjflznyjb has been built
vkkvyrpmax hwiygghowk ltnjzllooo eqknoqfynx mgehsecrkn brmeskjqtd hwvmofbuuw uojcxozljj lwkldlhtxj puweywaudu kztsbwcauu klniwhfguu sbpdqsmowf khfvufnbkw usgoweprtw ynujwirhtf sghocujhks olepntumcu mfidoirfkm evftmljocc ymmloigcvc lebervguel zdbyvdtzra
83
phbfepujbr ghrxtspgxu jwbvrumrus tqmdzdcpjn ifpeaegdhv inxyjfqxuo zdbyvdtzra lebervguel ymmloigcvc evftmljocc mfidoirfkm olepntumcu sghocujhks ynujwirhtf usgoweprtw khfvufnbkw sbpdqsmowf klniwhfguu kztsbwcauu puweywaudu lwkldlhtxj uojcxozljj hwvmofbuuw brmeskjqtd mgehsecrkn
47
uforgfwfhx uorrjjuhfd zpsbsjrcwv aqozvzedoz ivjflznyjb pahklsccvu krropeamwz vzedfnqemx weufpzkvah eogfeqtszq
epqmperhpb cqvoqwbfgf wfrdaulzvn vjmmlwzqyx aipguhkxfy opphluckdv uvqfalcejp hzafhangzi ysamipguts zqpmovqimv mumsluvwql jgmqkgrdqa slljmzztdt lmyrikxitc rtljpjnkki ynsjeebwla axhvdfuxzx hqsvjhkyev crofiuseex bvthdkwkxo hcyiwyjora dopvvafnqp uforgfwfhx uorrjjuhfd zpsbsjrcwv aqozvzedoz ivjflznyjb pahklsccvu krropeamwz vzedfnqemx weufpzkvah eogfeqtszq hbxfjsvdvc luxqeqfnkp
116
137
station lfbqhccsxa has been built
23
92
83
77
86
station cvuqaiiqtr has been built
110
station ahweosdppg has been built
140
110
ujnouywhgx rwiiooyyen cohtrdmvzm ogslyzgrai hmpmhqxrbc nfzjdfhaal xceuscbqhi brjlzrrhor gjkjlymbux epbytmmogd crlonuwpio zqxnwaigoy ylkuyojmsj tqcyjbcpzv lfbqhccsxa jcfpzfodmd yivyuxsyea lvlztylzks jdoolnenfu vkkvyrpmax hwiygghowk ltnjzllooo eqknoqfynx mgehsecrkn brmeskjqtd hwvmofbuuw uojcxozljj lwkldlhtxj puweywaudu kztsbwcauu klniwhfguu sbpdqsmowf khfvufnbkw usgoweprtw ynujwirhtf sghocujhks olepntumcu mfidoirfkm
128
wfrdaulzvn vjmmlwzqyx aipguhkxfy opphluckdv uvqfalcejp hzafhangzi ysamipguts zqpmovqimv mumsluvwql jgmqkgrdqa slljmzztdt lmyrikxitc rtljpjnkki ynsjeebwla axhvdfuxzx hqsvjhkyev crofiuseex cvuqaiiqtr bvthdkwkxo hcyiwyjora dopvvafnqp uforgfwfhx uorrjjuhfd zpsbsjrcwv aqozvzedoz ivjflznyjb pahklsccvu krropeamwz vzedfnqemx weufpzkvah eogfeqtszq ahweosdppg hbxfjsvdvc luxqeqfnkp phbfepujbr ghrxtspgxu jwbvrumrus tqmdzdcpjn
143
hwvmofbuuw brmeskjqtd mgehsecrkn eqknoqfynx ltnjzllooo hwiygghowk vkkvyrpmax jdoolnenfu lvlztylzks
17
station axefppgcib has been built
zqpmovqimv mumsluvwql jgmqkgrdqa slljmzztdt lmyrikxitc rtljpjnkki
92
113
station saxihvyhul has been built
aipguhkxfy opphluckdv uvqfalcejp hzafhangzi ysamipguts zqpmovqimv mumsluvwql jgmqkgrdqa slljmzztdt lmyrikxitc saxihvyhul rtljpjnkki ynsjeebwla axhvdfuxzx hqsvjhkyev crofiuseex cvuqaiiqtr bvthdkwkxo hcyiwyjora dopvvafnqp uforgfwfhx uorrjjuhfd zpsbsjrcwv aqozvzedoz ivjflznyjb pahklsccvu krropeamwz vzedfnqemx weufpzkvah eogfeqtszq ahweosdppg hbxfjsvdvc luxqeqfnkp phbfepujbr ghrxtspgxu jwbvrumrus tqmdzdcpjn ifpeaegdhv inxyjfqxuo zdbyvdtzra lebervguel ymmloigcvc evftmljocc mfidoirfkm olepntumcu sghocujhks ynujwirhtf usgoweprtw khfvufnbkw axefppgcib sbpdqsmowf klniwhfguu kztsbwcauu puweywaudu lwkldlhtxj uojcxozljj hwvmofbuuw brmeskjqtd mgehsecrkn eqknoqfynx ltnjzllooo hwiygghowk vkkvyrpmax jdoolnenfu lvlztylzks yivyuxsyea jcfpzfodmd lfbqhccsxa tqcyjbcpzv ylkuyojmsj zqxnwaigoy crlonuwpio epbytmmogd gjkjlymbux brjlzrrhor xceuscbqhi nfzjdfhaal hmpmhqxrbc ogslyzgrai cohtrdmvzm rwiiooyyen ujnouywhgx cjdoedwstm ecijtgaqme izadzvyuui twqswgwmbu qjqxpyctwp qysegrmukc bicsbymlop hfxgrruoio fgftcxyuzh xwsijsntyj itcboagbea ddfzdenrbp epqmperhpb cqvoqwbfgf wfrdaulzvn vjmmlwzqyx
station zhdzxutpel has been built
station iqunrpyohx has been built
lmyrikxitc slljmzztdt jgmqkgrdqa mumsluvwql zqpmovqimv ysamipguts hzafhangzi
23
jgmqkgrdqa
119
tqmdzdcpjn jwbvrumrus ghrxtspgxu phbfepujbr luxqeqfnkp hbxfjsvdvc ahweosdppg eogfeqtszq weufpzkvah vzedfnqemx krropeamwz pahklsccvu ivjflznyjb aqozvzedoz zpsbsjrcwv uorrjjuhfd uforgfwfhx dopvvafnqp hcyiwyjora bvthdkwkxo cvuqaiiqtr crofiuseex hqsvjhkyev axhvdfuxzx ynsjeebwla rtljpjnkki saxihvyhul lmyrikxitc slljmzztdt jgmqkgrdqa mumsluvwql zqpmovqimv ysamipguts hzafhangzi
station ocwqfvkitz has been built
14
vkkvyrpmax jdoolnenfu lvlztylzks yivyuxsyea jcfpzfodmd lfbqhccsxa tqcyjbcpzv ylkuyojmsj zqxnwaigoy crlonuwpio epbytmmogd gjkjlymbux brjlzrrhor xceuscbqhi nfzjdfhaal hmpmhqxrbc ogslyzgrai cohtrdmvzm rwiiooyyen ujnouywhgx cjdoedwstm ecijtgaqme izadzvyuui twqswgwmbu qjqxpyctwp qysegrmukc bicsbymlop ocwqfvkitz hfxgrruoio fgftcxyuzh xwsijsntyj itcboagbea ddfzdenrbp epqmperhpb cqvoqwbfgf wfrdaulzvn vjmmlwzqyx aipguhkxfy zhdzxutpel opphluckdv uvqfalcejp hzafhangzi ysamipguts zqpmovqimv mumsluvwql jgmqkgrdqa slljmzztdt lmyrikxitc saxihvyhul rtljpjnkki ynsjeebwla axhvdfuxzx hqsvjhkyev crofiuseex cvuqaiiqtr bvthdkwkxo hcyiwyjora dopvvafnqp uforgfwfhx uorrjjuhfd zpsbsjrcwv aqozvzedoz ivjflznyjb pahklsccvu krropeamwz vzedfnqemx weufpzkvah eogfeqtszq ahweosdppg hbxfjsvdvc luxqeqfnkp phbfepujbr ghrxtspgxu jwbvrumrus tqmdzdcpjn ifpeaegdhv inxyjfqxuo zdbyvdtzra lebervguel ymmloigcvc evftmljocc mfidoirfkm olepntumcu sghocujhks ynujwirhtf usgoweprtw khfvufnbkw axefppgcib sbpdqsmowf klniwhfguu kztsbwcauu iqunrpyohx puweywaudu lwkldlhtxj uojcxozljj hwvmofbuuw brmeskjqtd mgehsecrkn eqknoqfynx ltnjzllooo hwiygghowk
53
53
hwvmofbuuw brmeskjqtd mgehsecrkn eqknoqfynx ltnjzllooo hwiygghowk vkkvyrpmax jdoolnenfu lvlztylzks yivyuxsyea jcfpzfodmd lfbqhccsxa tqcyjbcpzv ylkuyojmsj zqxnwaigoy crlonuwpio epbytmmogd gjkjlymbux brjlzrrhor xceuscbqhi nfzjdfhaal hmpmhqxrbc ogslyzgrai cohtrdmvzm rwiiooyyen ujnouywhgx cjdoedwstm ecijtgaqme izadzvyuui twqswgwmbu qjqxpyctwp qysegrmukc bicsbymlop ocwqfvkitz hfxgrruoio fgftcxyuzh xwsijsntyj itcboagbea ddfzdenrbp epqmperhpb cqvoqwbfgf wfrdaulzvn vjmmlwzqyx aipguhkxfy zhdzxutpel opphluckdv uvqfalcejp hzafhangzi ysamipguts zqpmovqimv mumsluvwql jgmqkgrdqa slljmzztdt lmyrikxitc saxihvyhul rtljpjnkki ynsjeebwla axhvdfuxzx hqsvjhkyev crofiuseex cvuqaiiqtr bvthdkwkxo hcyiwyjora dopvvafnqp uforgfwfhx uorrjjuhfd zpsbsjrcwv aqozvzedoz ivjflznyjb pahklsccvu krropeamwz vzedfnqemx weufpzkvah eogfeqtszq ahweosdppg hbxfjsvdvc luxqeqfnkp phbfepujbr ghrxtspgxu jwbvrumrus tqmdzdcpjn ifpeaegdhv inxyjfqxuo zdbyvdtzra lebervguel ymmloigcvc evftmljocc mfidoirfkm olepntumcu sghocujhks ynujwirhtf usgoweprtw khfvufnbkw axefppgcib sbpdqsmowf klniwhfguu kztsbwcauu iqunrpyohx puweywaudu lwkldlhtxj uojcxozljj
113
station vwnnsnfbwb has been built
station bbovdtqnvl has been built
101
station esoywonvkc has been built
station urgvmitrrs has been built
crofiuseex cvuqaiiqtr bvthdkwkxo esoywonvkc hcyiwyjora dopvvafnqp uforgfwfhx uorrjjuhfd zpsbsjrcwv aqozvzedoz ivjflznyjb pahklsccvu krropeamwz vzedfnqemx weufpzkvah eogfeqtszq ahweosdppg hbxfjsvdvc luxqeqfnkp phbfepujbr ghrxtspgxu jwbvrumrus tqmdzdcpjn ifpeaegdhv inxyjfqxuo zdbyvdtzra lebervguel ymmloigcvc vwnnsnfbwb evftmljocc mfidoirfkm olepntumcu sghocujhks ynujwirhtf usgoweprtw khfvufnbkw axefppgcib sbpdqsmowf klniwhfguu kztsbwcauu iqunrpyohx puweywaudu lwkldlhtxj uojcxozljj hwvmofbuuw brmeskjqtd mgehsecrkn eqknoqfynx ltnjzllooo hwiygghowk vkkvyrpmax jdoolnenfu lvlztylzks yivyuxsyea jcfpzfodmd lfbqhccsxa tqcyjbcpzv ylkuyojmsj zqxnwaigoy crlonuwpio epbytmmogd gjkjlymbux brjlzrrhor bbovdtqnvl xceuscbqhi nfzjdfhaal hmpmhqxrbc ogslyzgrai cohtrdmvzm rwiiooyyen ujnouywhgx cjdoedwstm ecijtgaqme izadzvyuui twqswgwmbu qjqxpyctwp qysegrmukc bicsbymlop ocwqfvkitz hfxgrruoio fgftcxyuzh xwsijsntyj itcboagbea ddfzdenrbp epqmperhpb cqvoqwbfgf wfrdaulzvn vjmmlwzqyx aipguhkxfy zhdzxutpel opphluckdv uvqfalcejp hzafhangzi ysamipguts zqpmovqimv urgvmitrrs mumsluvwql jgmqkgrdqa slljmzztdt lmyrikxitc saxihvyhul rtljpjnkki ynsjeebwla axhvdfuxzx hqsvjhkyev
29
hqsvjhkyev crofiuseex cvuqaiiqtr bvthdkwkxo esoywonvkc hcyiwyjora dopvvafnqp uforgfwfhx uorrjjuhfd zpsbsjrcwv aqozvzedoz ivjflznyjb pahklsccvu krropeamwz vzedfnqemx weufpzkvah eogfeqtszq ahweosdppg hbxfjsvdvc luxqeqfnkp phbfepujbr ghrxtspgxu jwbvrumrus tqmdzdcpjn ifpeaegdhv inxyjfqxuo zdbyvdtzra lebervguel ymmloigcvc vwnnsnfbwb evftmljocc mfidoirfkm olepntumcu sghocujhks ynujwirhtf usgoweprtw khfvufnbkw axefppgcib sbpdqsmowf klniwhfguu kztsbwcauu iqunrpyohx puweywaudu lwkldlhtxj uojcxozljj hwvmofbuuw brmeskjqtd mgehsecrkn eqknoqfynx ltnjzllooo hwiygghowk vkkvyrpmax jdoolnenfu lvlztylzks yivyuxsyea jcfpzfodmd lfbqhccsxa tqcyjbcpzv ylkuyojmsj zqxnwaigoy crlonuwpio epbytmmogd gjkjlymbux brjlzrrhor bbovdtqnvl xceuscbqhi nfzjdfhaal hmpmhqxrbc ogslyzgrai cohtrdmvzm rwiiooyyen ujnouywhgx cjdoedwstm ecijtgaqme izadzvyuui twqswgwmbu qjqxpyctwp qysegrmukc bicsbymlop ocwqfvkitz hfxgrruoio fgftcxyuzh xwsijsntyj itcboagbea ddfzdenrbp epqmperhpb cqvoqwbfgf wfrdaulzvn vjmmlwzqyx aipguhkxfy zhdzxutpel opphluckdv uvqfalcejp hzafhangzi ysamipguts zqpmovqimv urgvmitrrs mumsluvwql jgmqkgrdqa slljmzztdt lmyrikxitc saxihvyhul rtljpjnkki ynsjeebwla axhvdfuxzx
station azrnilrhay has been built
hwiygghowk vkkvyrpmax jdoolnenfu lvlztylzks yivyuxsyea jcfpzfodmd lfbqhccsxa tqcyjbcpzv ylkuyojmsj zqxnwaigoy crlonuwpio epbytmmogd gjkjlymbux brjlzrrhor bbovdtqnvl xceuscbqhi nfzjdfhaal hmpmhqxrbc ogslyzgrai cohtrdmvzm rwiiooyyen ujnouywhgx cjdoedwstm ecijtgaqme azrnilrhay izadzvyuui twqswgwmbu qjqxpyctwp qysegrmukc bicsbymlop ocwqfvkitz hfxgrruoio fgftcxyuzh xwsijsntyj itcboagbea ddfzdenrbp epqmperhpb cqvoqwbfgf wfrdaulzvn
station uhalxhxnyr has been built
26
station nxjgyrskvv has been built
89
epbytmmogd gjkjlymbux brjlzrrhor bbovdtqnvl xceuscbqhi nfzjdfhaal hmpmhqxrbc ogslyzgrai cohtrdmvzm rwiiooyyen ujnouywhgx cjdoedwstm ecijtgaqme azrnilrhay izadzvyuui twqswgwmbu qjqxpyctwp qysegrmukc bicsbymlop ocwqfvkitz hfxgrruoio fgftcxyuzh xwsijsntyj itcboagbea ddfzdenrbp epqmperhpb cqvoqwbfgf wfrdaulzvn vjmmlwzqyx aipguhkxfy zhdzxutpel opphluckdv uvqfalcejp hzafhangzi ysamipguts zqpmovqimv urgvmitrrs mumsluvwql jgmqkgrdqa slljmzztdt lmyrikxitc saxihvyhul rtljpjnkki ynsjeebwla axhvdfuxzx hqsvjhkyev crofiuseex cvuqaiiqtr bvthdkwkxo esoywonvkc hcyiwyjora dopvvafnqp uforgfwfhx uorrjjuhfd zpsbsjrcwv aqozvzedoz ivjflznyjb pahklsccvu krropeamwz vzedfnqemx weufpzkvah eogfeqtszq ahweosdppg hbxfjsvdvc luxqeqfnkp phbfepujbr ghrxtspgxu jwbvrumrus tqmdzdcpjn ifpeaegdhv inxyjfqxuo zdbyvdtzra lebervguel ymmloigcvc vwnnsnfbwb evftmljocc mfidoirfkm nxjgyrskvv olepntumcu sghocujhks ynujwirhtf usgoweprtw uhalxhxnyr khfvufnbkw axefppgcib sbpdqsmowf klniwhfguu kztsbwcauu iqunrpyohx puweywaudu lwkldlhtxj uojcxozljj hwvmofbuuw brmeskjqtd mgehsecrkn eqknoqfynx ltnjzllooo hwiygghowk vkkvyrpmax jdoolnenfu lvlztylzks yivyuxsyea jcfpzfodmd lfbqhccsxa tqcyjbcpzv ylkuyojmsj zqxnwaigoy crlonuwpio
station ddhzhfirml has been built
xwsijsntyj itcboagbea ddfzdenrbp epqmperhpb cqvoqwbfgf wfrdaulzvn vjmmlwzqyx aipguhkxfy zhdzxutpel opphluckdv uvqfalcejp hzafhangzi ysamipguts zqpmovqimv urgvmitrrs mumsluvwql jgmqkgrdqa slljmzztdt lmyrikxitc saxihvyhul rtljpjnkki ynsjeebwla axhvdfuxzx hqsvjhkyev crofiuseex cvuqaiiqtr bvthdkwkxo esoywonvkc hcyiwyjora dopvvafnqp uforgfwfhx uorrjjuhfd zpsbsjrcwv aqozvzedoz ivjflznyjb pahklsccvu krropeamwz
146
twqswgwmbu qjqxpyctwp qysegrmukc bicsbymlop ocwqfvkitz hfxgrruoio fgftcxyuzh xwsijsntyj itcboagbea ddfzdenrbp epqmperhpb cqvoqwbfgf wfrdaulzvn vjmmlwzqyx aipguhkxfy zhdzxutpel opphluckdv uvqfalcejp hzafhangzi ysamipguts zqpmovqimv urgvmitrrs mumsluvwql jgmqkgrdqa slljmzztdt lmyrikxitc saxihvyhul rtljpjnkki ynsjeebwla axhvdfuxzx hqsvjhkyev crofiuseex cvuqaiiqtr bvthdkwkxo esoywonvkc hcyiwyjora dopvvafnqp uforgfwfhx uorrjjuhfd zpsbsjrcwv aqozvzedoz ivjflznyjb pahklsccvu krropeamwz vzedfnqemx weufpzkvah eogfeqtszq ahweosdppg hbxfjsvdvc luxqeqfnkp phbfepujbr ghrxtspgxu jwbvrumrus tqmdzdcpjn ifpeaegdhv inxyjfqxuo zdbyvdtzra lebervguel ymmloigcvc vwnnsnfbwb evftmljocc mfidoirfkm nxjgyrskvv olepntumcu sghocujhks ynujwirhtf usgoweprtw uhalxhxnyr khfvufnbkw axefppgcib sbpdqsmowf klniwhfguu kztsbwcauu iqunrpyohx puweywaudu lwkldlhtxj uojcxozljj hwvmofbuuw brmeskjqtd mgehsecrkn eqknoqfynx ltnjzllooo hwiygghowk vkkvyrpmax jdoolnenfu lvlztylzks yivyuxsyea jcfpzfodmd lfbqhccsxa tqcyjbcpzv ylkuyojmsj zqxnwaigoy crlonuwpio epbytmmogd gjkjlymbux brjlzrrhor bbovdtqnvl xceuscbqhi nfzjdfhaal hmpmhqxrbc ddhzhfirml ogslyzgrai cohtrdmvzm rwiiooyyen ujnouywhgx cjdoedwstm ecijtgaqme azrnilrhay izadzvyuui
71
149
station zybwkwszgu has been built
station oatpdhwizz has been built
yivyuxsyea jcfpzfodmd lfbqhccsxa tqcyjbcpzv ylkuyojmsj zqxnwaigoy crlonuwpio epbytmmogd gjkjlymbux brjlzrrhor bbovdtqnvl xceuscbqhi nfzjdfhaal hmpmhqxrbc ddhzhfirml ogslyzgrai cohtrdmvzm rwiiooyyen ujnouywhgx cjdoedwstm ecijtgaqme azrnilrhay izadzvyuui twqswgwmbu qjqxpyctwp qysegrmukc bicsbymlop ocwqfvkitz hfxgrruoio fgftcxyuzh xwsijsntyj itcboagbea ddfzdenrbp epqmperhpb cqvoqwbfgf wfrdaulzvn vjmmlwzqyx aipguhkxfy zhdzxutpel opphluckdv uvqfalcejp oatpdhwizz hzafhangzi ysamipguts zqpmovqimv urgvmitrrs mumsluvwql jgmqkgrdqa slljmzztdt lmyrikxitc
station jgeuzmeqba has been built
station ehtddchuko has been built
38
station kgunsmdnza has been built
71
23
station winiqsaemo has been built
119
131
5
uforgfwfhx dopvvafnqp hcyiwyjora esoywonvkc bvthdkwkxo cvuqaiiqtr zybwkwszgu crofiuseex hqsvjhkyev axhvdfuxzx ynsjeebwla jgeuzmeqba rtljpjnkki saxihvyhul lmyrikxitc slljmzztdt jgmqkgrdqa mumsluvwql urgvmitrrs zqpmovqimv ysamipguts hzafhangzi oatpdhwizz uvqfalcejp opphluckdv zhdzxutpel aipguhkxfy vjmmlwzqyx wfrdaulzvn cqvoqwbfgf epqmperhpb ddfzdenrbp itcboagbea xwsijsntyj fgftcxyuzh hfxgrruoio
