20
ckffkjjfcoirmiorgxuhqvxeuoafrz 10
19
0
19
lqydigzlkrdidvoxxuqpiqtgpimqnc 5
ttcexzbmbpcmktiwkrdwineixcgpue 5
0
krvsvqyjwjpqndlexmoybayxmlbeek 4
16
hzhtxzmoviwdakedfqviwrndzzlejp 6
gsdavcljaoyzojesfvhkfafjubnjwr 5
gbqvybvnsnqhjyiljypxxvzpigpquo 12
0
ijxszlrrxiehxpvvuezgtmzcsuszsr 6
ioarqpnazhdzshguagwzszvayrxxco 11
0
ryinkkwbxtyrqipzhpakgcabbfpzms 10
10
0
zxjqcswdgftkfiymuxrbwisflxpqrq 12
4
2
kwfpuryevspsokyuietkkzqedpvmvd 11
0
mhphfchrzlrcfjqwfrwayyebyeocax 3
1
3
izzezzatuxqvygeppgnhvqplucazwh 7
5
2
iqiigsplpaeangywmhmnxcxkbwvqgl 2
pyiixlwzjtvnlynrybuvjnhrauclqx 5
gihgnvjfklzsobbazsdavrydoxudlj 7
cqnpbmpyhnkfvaceqjwaxpzcajvkeh 11
mffapqnocwemhtqzycftesalmkppmm 4
7
wqfobqcvgwgtgoezkonqidlzkzehue 9
ckffkjjfcoirmiorgxuhqvxeuoafrz 35
0
2
lqydigzlkrdidvoxxuqpiqtgpimqnc 58
ttcexzbmbpcmktiwkrdwineixcgpue 5
3
2
1
0
11
1
11
0
4
krvsvqyjwjpqndlexmoybayxmlbeek 7
hzhtxzmoviwdakedfqviwrndzzlejp 35
gsdavcljaoyzojesfvhkfafjubnjwr 10
4
gbqvybvnsnqhjyiljypxxvzpigpquo 15
3
58
35
ijxszlrrxiehxpvvuezgtmzcsuszsr 12
ioarqpnazhdzshguagwzszvayrxxco 12
12
4
ryinkkwbxtyrqipzhpakgcabbfpzms 13
zxjqcswdgftkfiymuxrbwisflxpqrq 23
kwfpuryevspsokyuietkkzqedpvmvd 21
mhphfchrzlrcfjqwfrwayyebyeocax 7
izzezzatuxqvygeppgnhvqplucazwh 5
iqiigsplpaeangywmhmnxcxkbwvqgl 12
1
11
2
2
3
pyiixlwzjtvnlynrybuvjnhrauclqx 15
3
12
gihgnvjfklzsobbazsdavrydoxudlj 10
cqnpbmpyhnkfvaceqjwaxpzcajvkeh 58
mffapqnocwemhtqzycftesalmkppmm 5
3
wqfobqcvgwgtgoezkonqidlzkzehue 11
ckffkjjfcoirmiorgxuhqvxeuoafrz 58
lqydigzlkrdidvoxxuqpiqtgpimqnc 65
3
2
ttcexzbmbpcmktiwkrdwineixcgpue 10
krvsvqyjwjpqndlexmoybayxmlbeek 35
hzhtxzmoviwdakedfqviwrndzzlejp 42
12
gsdavcljaoyzojesfvhkfafjubnjwr 58
gbqvybvnsnqhjyiljypxxvzpigpquo 22
0
ijxszlrrxiehxpvvuezgtmzcsuszsr 21
ioarqpnazhdzshguagwzszvayrxxco 24
58
3
58
ryinkkwbxtyrqipzhpakgcabbfpzms 16
2
1
zxjqcswdgftkfiymuxrbwisflxpqrq 24
kwfpuryevspsokyuietkkzqedpvmvd 16
1
3
2
mhphfchrzlrcfjqwfrwayyebyeocax 58
10
0
izzezzatuxqvygeppgnhvqplucazwh 7
15
iqiigsplpaeangywmhmnxcxkbwvqgl 23
15
pyiixlwzjtvnlynrybuvjnhrauclqx 20
20
16
gihgnvjfklzsobbazsdavrydoxudlj 58
20
cqnpbmpyhnkfvaceqjwaxpzcajvkeh 60
mffapqnocwemhtqzycftesalmkppmm 9
wqfobqcvgwgtgoezkonqidlzkzehue 58
ckffkjjfcoirmiorgxuhqvxeuoafrz 60
0
58
lqydigzlkrdidvoxxuqpiqtgpimqnc 84
ttcexzbmbpcmktiwkrdwineixcgpue 16
1
krvsvqyjwjpqndlexmoybayxmlbeek 45
16
hzhtxzmoviwdakedfqviwrndzzlejp 45
60
0
7
4
gsdavcljaoyzojesfvhkfafjubnjwr 68
gbqvybvnsnqhjyiljypxxvzpigpquo 34
1
3
ijxszlrrxiehxpvvuezgtmzcsuszsr 26
0
ioarqpnazhdzshguagwzszvayrxxco 33
16
16
ryinkkwbxtyrqipzhpakgcabbfpzms 24
0
0
1
zxjqcswdgftkfiymuxrbwisflxpqrq 27
kwfpuryevspsokyuietkkzqedpvmvd 27
60
mhphfchrzlrcfjqwfrwayyebyeocax 22
27
izzezzatuxqvygeppgnhvqplucazwh 16
34
iqiigsplpaeangywmhmnxcxkbwvqgl 24
pyiixlwzjtvnlynrybuvjnhrauclqx 27
gihgnvjfklzsobbazsdavrydoxudlj 65
2
cqnpbmpyhnkfvaceqjwaxpzcajvkeh 70
27
22
33
45
1
mffapqnocwemhtqzycftesalmkppmm 12
wqfobqcvgwgtgoezkonqidlzkzehue 69
ckffkjjfcoirmiorgxuhqvxeuoafrz 43
lqydigzlkrdidvoxxuqpiqtgpimqnc 89
1
ttcexzbmbpcmktiwkrdwineixcgpue 22
1
2
krvsvqyjwjpqndlexmoybayxmlbeek 49
12
hzhtxzmoviwdakedfqviwrndzzlejp 49
gsdavcljaoyzojesfvhkfafjubnjwr 84
89
0
gbqvybvnsnqhjyiljypxxvzpigpquo 42
0
22
42
ijxszlrrxiehxpvvuezgtmzcsuszsr 33
27
ioarqpnazhdzshguagwzszvayrxxco 35
ryinkkwbxtyrqipzhpakgcabbfpzms 35
1
zxjqcswdgftkfiymuxrbwisflxpqrq 25
2
0
kwfpuryevspsokyuietkkzqedpvmvd 34
mhphfchrzlrcfjqwfrwayyebyeocax 26
izzezzatuxqvygeppgnhvqplucazwh 20
2
26
34
iqiigsplpaeangywmhmnxcxkbwvqgl 71
pyiixlwzjtvnlynrybuvjnhrauclqx 16
gihgnvjfklzsobbazsdavrydoxudlj 84
