vjloqmshfqvuofylnjrjmsdtdcsyko 21
0
vlkphyrzwlnbcyaixxflekxquboazi 2
lqhihyjcczonqlyrwydanlzuntvqjt 9
17
rxdkqsrqkaeohqhnemrbashxfqgfkn 12
16
qstymkdajbxlyedpcmovmnlowcdbde 1
15
hvojrenuaczwdwbpdjolmtibnugrgd 48
0
yeckvpfbelpuscqkrntcwjktnztcfp 8
djgztdthiaeazdehedryiumlnmskpm 3
uroasvrfctkjprtcljfczfiugnzijw 12
2
2
0
11
wiwpytrzpekgwdoojbcezkyutyskgf 21
0
2
21
0
1
3
3
10
2
hcnqqdrnvjropbmyummclbbhkjswao 21
0
0
0
owmcmlhdmfcpmecxghzgcgftebjuml 8
8
0
2
0
1
2
vtjkcwwodsxhsmclbjffninnhwoeuo 21
nydfbbixhgjatjplfborfgmpdgugdt 3
6
ikatlfochhthfvmycsdmewwlckrxnj 2
fwcikfujflsktzvvayfecwfjsmisbf 21
0
xbgyeyeozlvczaranqdgnvbpiabrdv 21
21
vwhvkksodcgthdundpwsayjmcivwig 7
okqlqiihqngkcmcnnfyrkkstziojyd 8
sqxgqnzqjhudhaayjlcoljcdwaygcs 3
9
vjloqmshfqvuofylnjrjmsdtdcsyko 32
vlkphyrzwlnbcyaixxflekxquboazi 12
3
0
0
1
lqhihyjcczonqlyrwydanlzuntvqjt 13
rxdkqsrqkaeohqhnemrbashxfqgfkn 13
8
32
qstymkdajbxlyedpcmovmnlowcdbde 22
hvojrenuaczwdwbpdjolmtibnugrgd 58
5
yeckvpfbelpuscqkrntcwjktnztcfp 12
5
5
djgztdthiaeazdehedryiumlnmskpm 15
3
21
12
32
0
uroasvrfctkjprtcljfczfiugnzijw 45
wiwpytrzpekgwdoojbcezkyutyskgf 22
hcnqqdrnvjropbmyummclbbhkjswao 30
owmcmlhdmfcpmecxghzgcgftebjuml 8
vtjkcwwodsxhsmclbjffninnhwoeuo 22
1
nydfbbixhgjatjplfborfgmpdgugdt 48
30
3
1
ikatlfochhthfvmycsdmewwlckrxnj 7
fwcikfujflsktzvvayfecwfjsmisbf 30
3
xbgyeyeozlvczaranqdgnvbpiabrdv 30
vwhvkksodcgthdundpwsayjmcivwig 16
okqlqiihqngkcmcnnfyrkkstziojyd 15
sqxgqnzqjhudhaayjlcoljcdwaygcs 12
vjloqmshfqvuofylnjrjmsdtdcsyko 52
3
2
3
vlkphyrzwlnbcyaixxflekxquboazi 33
lqhihyjcczonqlyrwydanlzuntvqjt 25
25
rxdkqsrqkaeohqhnemrbashxfqgfkn 16
qstymkdajbxlyedpcmovmnlowcdbde 52
15
hvojrenuaczwdwbpdjolmtibnugrgd 59
yeckvpfbelpuscqkrntcwjktnztcfp 21
2
djgztdthiaeazdehedryiumlnmskpm 23
uroasvrfctkjprtcljfczfiugnzijw 53
0
wiwpytrzpekgwdoojbcezkyutyskgf 26
30
2
hcnqqdrnvjropbmyummclbbhkjswao 42
owmcmlhdmfcpmecxghzgcgftebjuml 15
52
33
vtjkcwwodsxhsmclbjffninnhwoeuo 45
33
42
30
nydfbbixhgjatjplfborfgmpdgugdt 60
ikatlfochhthfvmycsdmewwlckrxnj 15
25
fwcikfujflsktzvvayfecwfjsmisbf 32
xbgyeyeozlvczaranqdgnvbpiabrdv 31
vwhvkksodcgthdundpwsayjmcivwig 28
okqlqiihqngkcmcnnfyrkkstziojyd 25
sqxgqnzqjhudhaayjlcoljcdwaygcs 16
1
1
53
vjloqmshfqvuofylnjrjmsdtdcsyko 50
45
vlkphyrzwlnbcyaixxflekxquboazi 43
23
lqhihyjcczonqlyrwydanlzuntvqjt 27
rxdkqsrqkaeohqhnemrbashxfqgfkn 26
28
qstymkdajbxlyedpcmovmnlowcdbde 61
hvojrenuaczwdwbpdjolmtibnugrgd 96
yeckvpfbelpuscqkrntcwjktnztcfp 29
0
0
29
djgztdthiaeazdehedryiumlnmskpm 34
uroasvrfctkjprtcljfczfiugnzijw 60
2
wiwpytrzpekgwdoojbcezkyutyskgf 34
hcnqqdrnvjropbmyummclbbhkjswao 49
29
25
45
owmcmlhdmfcpmecxghzgcgftebjuml 27
32
vtjkcwwodsxhsmclbjffninnhwoeuo 51
1
nydfbbixhgjatjplfborfgmpdgugdt 53
ikatlfochhthfvmycsdmewwlckrxnj 45
fwcikfujflsktzvvayfecwfjsmisbf 35
1
xbgyeyeozlvczaranqdgnvbpiabrdv 43
vwhvkksodcgthdundpwsayjmcivwig 31
53
okqlqiihqngkcmcnnfyrkkstziojyd 35
sqxgqnzqjhudhaayjlcoljcdwaygcs 23
2
vjloqmshfqvuofylnjrjmsdtdcsyko 60
43
vlkphyrzwlnbcyaixxflekxquboazi 51
lqhihyjcczonqlyrwydanlzuntvqjt 37
27
29
rxdkqsrqkaeohqhnemrbashxfqgfkn 34
qstymkdajbxlyedpcmovmnlowcdbde 71
35
0
hvojrenuaczwdwbpdjolmtibnugrgd 100
60
yeckvpfbelpuscqkrntcwjktnztcfp 40
34
djgztdthiaeazdehedryiumlnmskpm 41
2
1
71
35
uroasvrfctkjprtcljfczfiugnzijw 62
34
62
2
wiwpytrzpekgwdoojbcezkyutyskgf 43
hcnqqdrnvjropbmyummclbbhkjswao 53
1
owmcmlhdmfcpmecxghzgcgftebjuml 100
0
vtjkcwwodsxhsmclbjffninnhwoeuo 56
43
41
nydfbbixhgjatjplfborfgmpdgugdt 59
1
ikatlfochhthfvmycsdmewwlckrxnj 57
fwcikfujflsktzvvayfecwfjsmisbf 40
40
1
xbgyeyeozlvczaranqdgnvbpiabrdv 53
vwhvkksodcgthdundpwsayjmcivwig 37
0
okqlqiihqngkcmcnnfyrkkstziojyd 45
sqxgqnzqjhudhaayjlcoljcdwaygcs 35
53
vjloqmshfqvuofylnjrjmsdtdcsyko 71
62
vlkphyrzwlnbcyaixxflekxquboazi 58
lqhihyjcczonqlyrwydanlzuntvqjt 37
0
100
40
rxdkqsrqkaeohqhnemrbashxfqgfkn 35
qstymkdajbxlyedpcmovmnlowcdbde 80
yeckvpfbelpuscqkrntcwjktnztcfp 43
djgztdthiaeazdehedryiumlnmskpm 53
uroasvrfctkjprtcljfczfiugnzijw 74
wiwpytrzpekgwdoojbcezkyutyskgf 53
1
1
hcnqqdrnvjropbmyummclbbhkjswao 50
vtjkcwwodsxhsmclbjffninnhwoeuo 65
nydfbbixhgjatjplfborfgmpdgugdt 71
0
ikatlfochhthfvmycsdmewwlckrxnj 66
1
58
fwcikfujflsktzvvayfecwfjsmisbf 46
xbgyeyeozlvczaranqdgnvbpiabrdv 21
vwhvkksodcgthdundpwsayjmcivwig 37
okqlqiihqngkcmcnnfyrkkstziojyd 55
21
1
sqxgqnzqjhudhaayjlcoljcdwaygcs 42
vjloqmshfqvuofylnjrjmsdtdcsyko 75
vlkphyrzwlnbcyaixxflekxquboazi 96
lqhihyjcczonqlyrwydanlzuntvqjt 12
46
21
rxdkqsrqkaeohqhnemrbashxfqgfkn 37
qstymkdajbxlyedpcmovmnlowcdbde 86
yeckvpfbelpuscqkrntcwjktnztcfp 50
djgztdthiaeazdehedryiumlnmskpm 57
1
uroasvrfctkjprtcljfczfiugnzijw 84
wiwpytrzpekgwdoojbcezkyutyskgf 54
hcnqqdrnvjropbmyummclbbhkjswao 52
vtjkcwwodsxhsmclbjffninnhwoeuo 77
84
2
84
2
77
nydfbbixhgjatjplfborfgmpdgugdt 77
ikatlfochhthfvmycsdmewwlckrxnj 96
fwcikfujflsktzvvayfecwfjsmisbf 58
12
xbgyeyeozlvczaranqdgnvbpiabrdv 23
vwhvkksodcgthdundpwsayjmcivwig 42
50
okqlqiihqngkcmcnnfyrkkstziojyd 58
sqxgqnzqjhudhaayjlcoljcdwaygcs 45
vjloqmshfqvuofylnjrjmsdtdcsyko 84
vlkphyrzwlnbcyaixxflekxquboazi 100
lqhihyjcczonqlyrwydanlzuntvqjt 45
rxdkqsrqkaeohqhnemrbashxfqgfkn 41
qstymkdajbxlyedpcmovmnlowcdbde 88
50
yeckvpfbelpuscqkrntcwjktnztcfp 55
1
0
djgztdthiaeazdehedryiumlnmskpm 60
uroasvrfctkjprtcljfczfiugnzijw 94
wiwpytrzpekgwdoojbcezkyutyskgf 57
1
42
41
hcnqqdrnvjropbmyummclbbhkjswao 59
23
42
0
vtjkcwwodsxhsmclbjffninnhwoeuo 87
nydfbbixhgjatjplfborfgmpdgugdt 88
ikatlfochhthfvmycsdmewwlckrxnj 100
2
1
1
1
60
fwcikfujflsktzvvayfecwfjsmisbf 96
100
41
1
1
1
xbgyeyeozlvczaranqdgnvbpiabrdv 25
100
0
1
59
88
vwhvkksodcgthdundpwsayjmcivwig 44
1
87
okqlqiihqngkcmcnnfyrkkstziojyd 59
25
59
0
sqxgqnzqjhudhaayjlcoljcdwaygcs 54
60
vjloqmshfqvuofylnjrjmsdtdcsyko 86
lqhihyjcczonqlyrwydanlzuntvqjt 12
1
rxdkqsrqkaeohqhnemrbashxfqgfkn 49
0
49
55
qstymkdajbxlyedpcmovmnlowcdbde 95
0
yeckvpfbelpuscqkrntcwjktnztcfp 56
86
djgztdthiaeazdehedryiumlnmskpm 62
0
uroasvrfctkjprtcljfczfiugnzijw 98
1
1
wiwpytrzpekgwdoojbcezkyutyskgf 67
hcnqqdrnvjropbmyummclbbhkjswao 71
49
vtjkcwwodsxhsmclbjffninnhwoeuo 98
nydfbbixhgjatjplfborfgmpdgugdt 66
fwcikfujflsktzvvayfecwfjsmisbf 100
1
1
54
44
86
0
xbgyeyeozlvczaranqdgnvbpiabrdv 28
vwhvkksodcgthdundpwsayjmcivwig 49
1
0
okqlqiihqngkcmcnnfyrkkstziojyd 71
sqxgqnzqjhudhaayjlcoljcdwaygcs 66
2
100
86
66
2
vjloqmshfqvuofylnjrjmsdtdcsyko 95
2
98
lqhihyjcczonqlyrwydanlzuntvqjt 19
66
67
100
rxdkqsrqkaeohqhnemrbashxfqgfkn 50
2
62
0
50
qstymkdajbxlyedpcmovmnlowcdbde 95
yeckvpfbelpuscqkrntcwjktnztcfp 67
djgztdthiaeazdehedryiumlnmskpm 96
uroasvrfctkjprtcljfczfiugnzijw 100
50
0
67
wiwpytrzpekgwdoojbcezkyutyskgf 72
67
hcnqqdrnvjropbmyummclbbhkjswao 76
66
6
6
1
6
vtjkcwwodsxhsmclbjffninnhwoeuo 100
67
nydfbbixhgjatjplfborfgmpdgugdt 73
0
xbgyeyeozlvczaranqdgnvbpiabrdv 30
7
73
vwhvkksodcgthdundpwsayjmcivwig 50
okqlqiihqngkcmcnnfyrkkstziojyd 47
72
19
sqxgqnzqjhudhaayjlcoljcdwaygcs 74
100
vjloqmshfqvuofylnjrjmsdtdcsyko 100
lqhihyjcczonqlyrwydanlzuntvqjt 30
100
8
rxdkqsrqkaeohqhnemrbashxfqgfkn 55
qstymkdajbxlyedpcmovmnlowcdbde 100
1
100
yeckvpfbelpuscqkrntcwjktnztcfp 96
djgztdthiaeazdehedryiumlnmskpm 100
96
0
wiwpytrzpekgwdoojbcezkyutyskgf 74
hcnqqdrnvjropbmyummclbbhkjswao 4
nydfbbixhgjatjplfborfgmpdgugdt 77
0
100
0
xbgyeyeozlvczaranqdgnvbpiabrdv 35
1
vwhvkksodcgthdundpwsayjmcivwig 52
okqlqiihqngkcmcnnfyrkkstziojyd 59
sqxgqnzqjhudhaayjlcoljcdwaygcs 77
lqhihyjcczonqlyrwydanlzuntvqjt 41
100
rxdkqsrqkaeohqhnemrbashxfqgfkn 60
yeckvpfbelpuscqkrntcwjktnztcfp 98
77
wiwpytrzpekgwdoojbcezkyutyskgf 4
hcnqqdrnvjropbmyummclbbhkjswao 15
35
nydfbbixhgjatjplfborfgmpdgugdt 79
xbgyeyeozlvczaranqdgnvbpiabrdv 100
100
1
vwhvkksodcgthdundpwsayjmcivwig 56
11
okqlqiihqngkcmcnnfyrkkstziojyd 67
sqxgqnzqjhudhaayjlcoljcdwaygcs 84
1
lqhihyjcczonqlyrwydanlzuntvqjt 45
rxdkqsrqkaeohqhnemrbashxfqgfkn 72
yeckvpfbelpuscqkrntcwjktnztcfp 100
wiwpytrzpekgwdoojbcezkyutyskgf 13
56
67
100
hcnqqdrnvjropbmyummclbbhkjswao 23
84
nydfbbixhgjatjplfborfgmpdgugdt 87
vwhvkksodcgthdundpwsayjmcivwig 84
12
okqlqiihqngkcmcnnfyrkkstziojyd 76
1
sqxgqnzqjhudhaayjlcoljcdwaygcs 94
lqhihyjcczonqlyrwydanlzuntvqjt 57
12
rxdkqsrqkaeohqhnemrbashxfqgfkn 76
wiwpytrzpekgwdoojbcezkyutyskgf 18
100
hcnqqdrnvjropbmyummclbbhkjswao 52
2
100
nydfbbixhgjatjplfborfgmpdgugdt 99
12
vwhvkksodcgthdundpwsayjmcivwig 92
2
okqlqiihqngkcmcnnfyrkkstziojyd 79
sqxgqnzqjhudhaayjlcoljcdwaygcs 100
lqhihyjcczonqlyrwydanlzuntvqjt 53
100
rxdkqsrqkaeohqhnemrbashxfqgfkn 4
100
100
wiwpytrzpekgwdoojbcezkyutyskgf 23
100
hcnqqdrnvjropbmyummclbbhkjswao 57
nydfbbixhgjatjplfborfgmpdgugdt 100
4
0
53
14
79
vwhvkksodcgthdundpwsayjmcivwig 94
okqlqiihqngkcmcnnfyrkkstziojyd 87
100
lqhihyjcczonqlyrwydanlzuntvqjt 56
rxdkqsrqkaeohqhnemrbashxfqgfkn 13
wiwpytrzpekgwdoojbcezkyutyskgf 29
hcnqqdrnvjropbmyummclbbhkjswao 58
vwhvkksodcgthdundpwsayjmcivwig 95
13
okqlqiihqngkcmcnnfyrkkstziojyd 66
lqhihyjcczonqlyrwydanlzuntvqjt 84
100
rxdkqsrqkaeohqhnemrbashxfqgfkn 45
wiwpytrzpekgwdoojbcezkyutyskgf 31
hcnqqdrnvjropbmyummclbbhkjswao 62
14
vwhvkksodcgthdundpwsayjmcivwig 100
okqlqiihqngkcmcnnfyrkkstziojyd 77
15
lqhihyjcczonqlyrwydanlzuntvqjt 86
100
0
100
rxdkqsrqkaeohqhnemrbashxfqgfkn 52
wiwpytrzpekgwdoojbcezkyutyskgf 32
hcnqqdrnvjropbmyummclbbhkjswao 71
okqlqiihqngkcmcnnfyrkkstziojyd 84
