keinqsdivgplbcszjhsx
wxjflfjtstvrct
gzp
jtrgtxgzfcpuc
qwxftjswwpt
ezbqw
jtrgtxgzfcpuc
hgdiidnnunwsxscqqn
gzp
mdusfmlxkvqsmwytk
pyuciobbloxjxuoz
ahocitarxlqxqjxq
efwpqnrbxwda
gzp
lufbhjgbpkxjxiyeu
prj
jdhoc
prj
zkqiptsiha
uvqwp
efwpqnrbxwda
omo
sjpnxyhscxdxepbw
keinqsdivgplbcszjhsx
ecewrzcit
oakbnpgp
pyuciobbloxjxuoz
uvqwp
pfzewpyykzeq
keinqsdivgplbcszjhsx
mdusfmlxkvqsmwytk
n
zkqiptsiha
ppueolngeddtrxp
pyuciobbloxjxuoz
oakbnpgp
qmpcpkag
jtrgtxgzfcpuc
ahocitarxlqxqjxq
n
v
uvqwp
lh
ayjdsb
gzp
v
ecewrzcit
lh
zkqiptsiha
keinqsdivgplbcszjhsx
xxziwph
prj
pyuciobbloxjxuoz
sjpnxyhscxdxepbw
lufbhjgbpkxjxiyeu
wxjflfjtstvrct
mdusfmlxkvqsmwytk
uvqwp
zkqiptsiha
pyuciobbloxjxuoz
jdhoc
omo
ahocitarxlqxqjxq
n
pehsgi
ayjdsb
icksxbsejhgmkih
v
qmpcpkag
prj
n
ecewrzcit
jdhoc
gzp
jc
zkqiptsiha
ecewrzcit
rxmlzqwfcal
ousxhsdmklmndntfukms
qmpcpkag
v
jdhoc
qwxftjswwpt
v
ousxhsdmklmndntfukms
sjpnxyhscxdxepbw
ecewrzcit
n
pehsgi
sjpnxyhscxdxepbw
keinqsdivgplbcszjhsx
uvqwp
wxjflfjtstvrct
ecewrzcit
omo
jdhoc
n
ecewrzcit
zkqiptsiha
ecewrzcit
ndydxroj
rxmlzqwfcal
ousxhsdmklmndntfukms
rxmlzqwfcal
omo
sjpnxyhscxdxepbw
ezbqw
rxmlzqwfcal
jc
ezbqw
prj
zkqiptsiha
icksxbsejhgmkih
zkqiptsiha
pfzewpyykzeq
ezbqw
qmpcpkag
sjpnxyhscxdxepbw
ousxhsdmklmndntfukms
prj
ndydxroj
xxziwph
oakbnpgp
sjpnxyhscxdxepbw
omo
gzp
uvqwp
pehsgi
icksxbsejhgmkih
lufbhjgbpkxjxiyeu
lh
wxjflfjtstvrct
ndydxroj
uvqwp
wxjflfjtstvrct
ousxhsdmklmndntfukms
qwxftjswwpt
rxmlzqwfcal
hgdiidnnunwsxscqqn
icksxbsejhgmkih
pfzewpyykzeq
qmpcpkag
icksxbsejhgmkih
mdusfmlxkvqsmwytk
xxziwph
ndydxroj
keinqsdivgplbcszjhsx
lh
oakbnpgp
ahocitarxlqxqjxq
jdhoc
ecewrzcit
oakbnpgp
ahocitarxlqxqjxq
jtrgtxgzfcpuc
sjpnxyhscxdxepbw
ahocitarxlqxqjxq
zkqiptsiha
qwxftjswwpt
keinqsdivgplbcszjhsx
icksxbsejhgmkih
wxjflfjtstvrct
n
rxmlzqwfcal
lufbhjgbpkxjxiyeu
pehsgi
keinqsdivgplbcszjhsx
qwxftjswwpt
keinqsdivgplbcszjhsx
jtrgtxgzfcpuc
uvqwp
icksxbsejhgmkih
oakbnpgp
ecewrzcit
qmpcpkag
gzp
ecewrzcit
zkqiptsiha
pfzewpyykzeq
zkqiptsiha
sjpnxyhscxdxepbw
pyuciobbloxjxuoz
icksxbsejhgmkih
oakbnpgp
v
ahocitarxlqxqjxq
hgdiidnnunwsxscqqn
ezbqw
qwxftjswwpt
lufbhjgbpkxjxiyeu
keinqsdivgplbcszjhsx
uvqwp
rxmlzqwfcal
lh
ezbqw
hgdiidnnunwsxscqqn
ecewrzcit
icksxbsejhgmkih
ahocitarxlqxqjxq
hgdiidnnunwsxscqqn
ecewrzcit
jc
xxziwph
icksxbsejhgmkih
ousxhsdmklmndntfukms
ppueolngeddtrxp
lh
qwxftjswwpt
omo
lh
jc
prj
pfzewpyykzeq
hgdiidnnunwsxscqqn
jc
qwxftjswwpt
mdusfmlxkvqsmwytk
jdhoc
gzp
jtrgtxgzfcpuc
prj
mdusfmlxkvqsmwytk
icksxbsejhgmkih
efwpqnrbxwda
pehsgi
v
jtrgtxgzfcpuc
pehsgi
ndydxroj
rxmlzqwfcal
omo
wxjflfjtstvrct
xxziwph
omo
xxziwph
jdhoc
mdusfmlxkvqsmwytk
efwpqnrbxwda
ousxhsdmklmndntfukms
jdhoc
rxmlzqwfcal
zkqiptsiha
jdhoc
keinqsdivgplbcszjhsx
lh
icksxbsejhgmkih
hgdiidnnunwsxscqqn
ppueolngeddtrxp
lh
sjpnxyhscxdxepbw
n
prj
keinqsdivgplbcszjhsx
uvqwp
pehsgi
mdusfmlxkvqsmwytk
zkqiptsiha
wxjflfjtstvrct
ecewrzcit
lh
ecewrzcit
jdhoc
pfzewpyykzeq
hgdiidnnunwsxscqqn
icksxbsejhgmkih
hgdiidnnunwsxscqqn
ahocitarxlqxqjxq
sjpnxyhscxdxepbw
ousxhsdmklmndntfukms
mdusfmlxkvqsmwytk
oakbnpgp
ahocitarxlqxqjxq
efwpqnrbxwda
lufbhjgbpkxjxiyeu
oakbnpgp
jtrgtxgzfcpuc
qwxftjswwpt
pyuciobbloxjxuoz
v
qmpcpkag
ezbqw
pyuciobbloxjxuoz
rxmlzqwfcal
qwxftjswwpt
pyuciobbloxjxuoz
efwpqnrbxwda
jdhoc
zkqiptsiha
ppueolngeddtrxp
ezbqw
gzp
lufbhjgbpkxjxiyeu
mdusfmlxkvqsmwytk
oakbnpgp
mdusfmlxkvqsmwytk
v
wxjflfjtstvrct
pehsgi
ndydxroj
hgdiidnnunwsxscqqn
n
uvqwp
ppueolngeddtrxp
uvqwp
pyuciobbloxjxuoz
wxjflfjtstvrct
efwpqnrbxwda
icksxbsejhgmkih
pfzewpyykzeq
ayjdsb
ndydxroj
hgdiidnnunwsxscqqn
ndydxroj
uvqwp
icksxbsejhgmkih
ahocitarxlqxqjxq
keinqsdivgplbcszjhsx
lufbhjgbpkxjxiyeu
prj
ppueolngeddtrxp
omo
jdhoc
pehsgi
ppueolngeddtrxp
pehsgi
prj
qwxftjswwpt
pehsgi
omo
qmpcpkag
keinqsdivgplbcszjhsx
icksxbsejhgmkih
ezbqw
jc
pfzewpyykzeq
hgdiidnnunwsxscqqn
mdusfmlxkvqsmwytk
oakbnpgp
prj
ousxhsdmklmndntfukms
xxziwph
jc
xxziwph
ousxhsdmklmndntfukms
qmpcpkag
xxziwph
omo
mdusfmlxkvqsmwytk
pfzewpyykzeq
lh
efwpqnrbxwda
qmpcpkag
oakbnpgp
pfzewpyykzeq
v
omo
mdusfmlxkvqsmwytk
icksxbsejhgmkih
ppueolngeddtrxp
n
sjpnxyhscxdxepbw
pehsgi
mdusfmlxkvqsmwytk
icksxbsejhgmkih
zkqiptsiha
hgdiidnnunwsxscqqn
ndydxroj
mdusfmlxkvqsmwytk
pyuciobbloxjxuoz
ndydxroj
pyuciobbloxjxuoz
oakbnpgp
hgdiidnnunwsxscqqn
ezbqw
v
keinqsdivgplbcszjhsx
hgdiidnnunwsxscqqn
ayjdsb
hgdiidnnunwsxscqqn
keinqsdivgplbcszjhsx
rxmlzqwfcal
lh
jtrgtxgzfcpuc
v
ppueolngeddtrxp
mdusfmlxkvqsmwytk
oakbnpgp
efwpqnrbxwda
rxmlzqwfcal
lufbhjgbpkxjxiyeu
jc
n
pfzewpyykzeq
jc
rxmlzqwfcal
qwxftjswwpt
pfzewpyykzeq
mdusfmlxkvqsmwytk
ahocitarxlqxqjxq
ezbqw
pfzewpyykzeq
jtrgtxgzfcpuc
pehsgi
ndydxroj
jtrgtxgzfcpuc
sjpnxyhscxdxepbw
rxmlzqwfcal
v
jtrgtxgzfcpuc
hgdiidnnunwsxscqqn
n
keinqsdivgplbcszjhsx
lh
n
ecewrzcit
pyuciobbloxjxuoz
pehsgi
mdusfmlxkvqsmwytk
efwpqnrbxwda
pfzewpyykzeq
pehsgi
lufbhjgbpkxjxiyeu
ezbqw
ousxhsdmklmndntfukms
omo
zkqiptsiha
wxjflfjtstvrct
pehsgi
ecewrzcit
uvqwp
efwpqnrbxwda
xxziwph
icksxbsejhgmkih
lufbhjgbpkxjxiyeu
jc
efwpqnrbxwda
ezbqw
rxmlzqwfcal
hgdiidnnunwsxscqqn
qmpcpkag
pehsgi
mdusfmlxkvqsmwytk
omo
jdhoc
pyuciobbloxjxuoz
ezbqw
omo
gzp
hgdiidnnunwsxscqqn
lh
ezbqw
qwxftjswwpt
wxjflfjtstvrct
n
pfzewpyykzeq
lh
qmpcpkag
v
ayjdsb
gzp
ecewrzcit
v
sjpnxyhscxdxepbw
keinqsdivgplbcszjhsx
sjpnxyhscxdxepbw
hgdiidnnunwsxscqqn
v
ndydxroj
v
ppueolngeddtrxp
qwxftjswwpt
lufbhjgbpkxjxiyeu
qwxftjswwpt
pyuciobbloxjxuoz
gzp
ecewrzcit
oakbnpgp
v
lh
oakbnpgp
pfzewpyykzeq
pehsgi
ayjdsb
prj
jc
zkqiptsiha
jc
pyuciobbloxjxuoz
icksxbsejhgmkih
qwxftjswwpt
sjpnxyhscxdxepbw
zkqiptsiha
n
lh
jtrgtxgzfcpuc
n
wxjflfjtstvrct
icksxbsejhgmkih
jdhoc
jc
keinqsdivgplbcszjhsx
ecewrzcit
rxmlzqwfcal
ndydxroj
xxziwph
qmpcpkag
ndydxroj
sjpnxyhscxdxepbw
uvqwp
n
rxmlzqwfcal
keinqsdivgplbcszjhsx
lh
mdusfmlxkvqsmwytk
oakbnpgp
sjpnxyhscxdxepbw
qwxftjswwpt
v
pyuciobbloxjxuoz
ppueolngeddtrxp
ousxhsdmklmndntfukms
efwpqnrbxwda
v
jtrgtxgzfcpuc
mdusfmlxkvqsmwytk
pfzewpyykzeq
lufbhjgbpkxjxiyeu
prj
lufbhjgbpkxjxiyeu
icksxbsejhgmkih
gzp
lufbhjgbpkxjxiyeu
jdhoc
uvqwp
jdhoc
pehsgi
ezbqw
v
hgdiidnnunwsxscqqn
qwxftjswwpt
qmpcpkag
qwxftjswwpt
ndydxroj
keinqsdivgplbcszjhsx
jtrgtxgzfcpuc
v
ndydxroj
xxziwph
jtrgtxgzfcpuc
hgdiidnnunwsxscqqn
ayjdsb
ecewrzcit
keinqsdivgplbcszjhsx
ppueolngeddtrxp
jtrgtxgzfcpuc
qwxftjswwpt
ecewrzcit
ndydxroj
lufbhjgbpkxjxiyeu
mdusfmlxkvqsmwytk
icksxbsejhgmkih
keinqsdivgplbcszjhsx
jtrgtxgzfcpuc
pehsgi
uvqwp
zkqiptsiha
prj
hgdiidnnunwsxscqqn
lh
efwpqnrbxwda
qmpcpkag
qwxftjswwpt
icksxbsejhgmkih
lufbhjgbpkxjxiyeu
icksxbsejhgmkih
prj
wxjflfjtstvrct
jc
v
hgdiidnnunwsxscqqn
pfzewpyykzeq
icksxbsejhgmkih
jdhoc
gzp
prj
oakbnpgp
pfzewpyykzeq
ppueolngeddtrxp
v
ppueolngeddtrxp
keinqsdivgplbcszjhsx
ndydxroj
keinqsdivgplbcszjhsx
wxjflfjtstvrct
hgdiidnnunwsxscqqn
ndydxroj
qmpcpkag
ppueolngeddtrxp
pyuciobbloxjxuoz
qmpcpkag
sjpnxyhscxdxepbw
efwpqnrbxwda
lufbhjgbpkxjxiyeu
gzp
lufbhjgbpkxjxiyeu
v
pyuciobbloxjxuoz
ppueolngeddtrxp
zkqiptsiha
qwxftjswwpt
ecewrzcit
xxziwph
jtrgtxgzfcpuc
pehsgi
ahocitarxlqxqjxq
keinqsdivgplbcszjhsx
prj
qmpcpkag
efwpqnrbxwda
icksxbsejhgmkih
ndydxroj
icksxbsejhgmkih
xxziwph
uvqwp
qmpcpkag
efwpqnrbxwda
zkqiptsiha
ahocitarxlqxqjxq
ndydxroj
pyuciobbloxjxuoz
lufbhjgbpkxjxiyeu
ndydxroj
zkqiptsiha
pyuciobbloxjxuoz
ndydxroj
jtrgtxgzfcpuc
rxmlzqwfcal
prj
wxjflfjtstvrct
ousxhsdmklmndntfukms
lufbhjgbpkxjxiyeu
qmpcpkag
ndydxroj
wxjflfjtstvrct
sjpnxyhscxdxepbw
omo
efwpqnrbxwda
hgdiidnnunwsxscqqn
jdhoc
v
ahocitarxlqxqjxq
mdusfmlxkvqsmwytk
ezbqw
omo
sjpnxyhscxdxepbw
keinqsdivgplbcszjhsx
ousxhsdmklmndntfukms
lh
pehsgi
xxziwph
jdhoc
xxziwph
keinqsdivgplbcszjhsx
gzp
prj
icksxbsejhgmkih
qwxftjswwpt
qmpcpkag
zkqiptsiha
prj
ppueolngeddtrxp
uvqwp
ppueolngeddtrxp
prj
xxziwph
ppueolngeddtrxp
ayjdsb
ahocitarxlqxqjxq
oakbnpgp
jdhoc
lh
v
ezbqw
sjpnxyhscxdxepbw
prj
omo
v
ezbqw
efwpqnrbxwda
qwxftjswwpt
pehsgi
keinqsdivgplbcszjhsx
ecewrzcit
zkqiptsiha
qmpcpkag
wxjflfjtstvrct
prj
ppueolngeddtrxp
ecewrzcit
jc
prj
jc
jtrgtxgzfcpuc
icksxbsejhgmkih
ndydxroj
gzp
ahocitarxlqxqjxq
ppueolngeddtrxp
pfzewpyykzeq
pyuciobbloxjxuoz
gzp
ndydxroj
keinqsdivgplbcszjhsx
xxziwph
jtrgtxgzfcpuc
icksxbsejhgmkih
rxmlzqwfcal
keinqsdivgplbcszjhsx
icksxbsejhgmkih
pfzewpyykzeq
v
uvqwp
n
keinqsdivgplbcszjhsx
sjpnxyhscxdxepbw
icksxbsejhgmkih
hgdiidnnunwsxscqqn
ousxhsdmklmndntfukms
prj
wxjflfjtstvrct
zkqiptsiha
jtrgtxgzfcpuc
ppueolngeddtrxp
uvqwp
ecewrzcit
ppueolngeddtrxp
gzp
oakbnpgp
ecewrzcit
uvqwp
ezbqw
jdhoc
sjpnxyhscxdxepbw
keinqsdivgplbcszjhsx
prj
jtrgtxgzfcpuc
pfzewpyykzeq
qmpcpkag
rxmlzqwfcal
hgdiidnnunwsxscqqn
jdhoc
keinqsdivgplbcszjhsx
pyuciobbloxjxuoz
v
icksxbsejhgmkih
uvqwp
zkqiptsiha
efwpqnrbxwda
pfzewpyykzeq
uvqwp
jc
n
qwxftjswwpt
rxmlzqwfcal
n
ecewrzcit
omo
ecewrzcit
ndydxroj
ecewrzcit
ppueolngeddtrxp
lufbhjgbpkxjxiyeu
jdhoc
jc
mdusfmlxkvqsmwytk
efwpqnrbxwda
pyuciobbloxjxuoz
qwxftjswwpt
ahocitarxlqxqjxq
keinqsdivgplbcszjhsx
ayjdsb
n
ousxhsdmklmndntfukms
pyuciobbloxjxuoz
v
rxmlzqwfcal
jdhoc
mdusfmlxkvqsmwytk
ayjdsb
ndydxroj
lh
jtrgtxgzfcpuc
pyuciobbloxjxuoz
qwxftjswwpt
qmpcpkag
xxziwph
icksxbsejhgmkih
jtrgtxgzfcpuc
qwxftjswwpt
uvqwp
zkqiptsiha
gzp
sjpnxyhscxdxepbw
qwxftjswwpt
prj
sjpnxyhscxdxepbw
qmpcpkag
gzp
xxziwph
qmpcpkag
oakbnpgp
ousxhsdmklmndntfukms
oakbnpgp
pehsgi
pfzewpyykzeq
rxmlzqwfcal
gzp
ndydxroj
efwpqnrbxwda
prj
mdusfmlxkvqsmwytk
lufbhjgbpkxjxiyeu
hgdiidnnunwsxscqqn
uvqwp
pyuciobbloxjxuoz
ndydxroj
sjpnxyhscxdxepbw
ppueolngeddtrxp
mdusfmlxkvqsmwytk
lufbhjgbpkxjxiyeu
ppueolngeddtrxp
icksxbsejhgmkih
jdhoc
lufbhjgbpkxjxiyeu
ecewrzcit
pyuciobbloxjxuoz
efwpqnrbxwda
icksxbsejhgmkih
oakbnpgp
pfzewpyykzeq
lufbhjgbpkxjxiyeu
zkqiptsiha
omo
jdhoc
qwxftjswwpt
mdusfmlxkvqsmwytk
xxziwph
gzp
sjpnxyhscxdxepbw
qmpcpkag
qwxftjswwpt
pehsgi
jtrgtxgzfcpuc
gzp
jc
ahocitarxlqxqjxq
hgdiidnnunwsxscqqn
jc
v
hgdiidnnunwsxscqqn
jdhoc
prj
uvqwp
n
lufbhjgbpkxjxiyeu
oakbnpgp
zkqiptsiha
hgdiidnnunwsxscqqn
ezbqw
n
sjpnxyhscxdxepbw
uvqwp
gzp
ahocitarxlqxqjxq
keinqsdivgplbcszjhsx
ndydxroj
xxziwph
lh
pyuciobbloxjxuoz
ousxhsdmklmndntfukms
efwpqnrbxwda
prj
lufbhjgbpkxjxiyeu
wxjflfjtstvrct
mdusfmlxkvqsmwytk
ppueolngeddtrxp
oakbnpgp
jc
xxziwph
ndydxroj
jdhoc
gzp
jdhoc
ezbqw
qmpcpkag
ecewrzcit
efwpqnrbxwda
pyuciobbloxjxuoz
ayjdsb
ppueolngeddtrxp
rxmlzqwfcal
pyuciobbloxjxuoz
v
hgdiidnnunwsxscqqn
n
pehsgi
jdhoc
mdusfmlxkvqsmwytk
gzp
qwxftjswwpt
xxziwph
icksxbsejhgmkih
pyuciobbloxjxuoz
wxjflfjtstvrct
omo
rxmlzqwfcal
omo
ayjdsb
hgdiidnnunwsxscqqn
qwxftjswwpt
n
uvqwp
ecewrzcit
ezbqw
rxmlzqwfcal
mdusfmlxkvqsmwytk
qwxftjswwpt
jc
zkqiptsiha
gzp
xxziwph
pfzewpyykzeq
ecewrzcit
pyuciobbloxjxuoz
pehsgi
rxmlzqwfcal
v
ppueolngeddtrxp
keinqsdivgplbcszjhsx
jtrgtxgzfcpuc
gzp
jtrgtxgzfcpuc
keinqsdivgplbcszjhsx
jtrgtxgzfcpuc
xxziwph
prj
jtrgtxgzfcpuc
omo
qwxftjswwpt
omo
qwxftjswwpt
qmpcpkag
keinqsdivgplbcszjhsx
efwpqnrbxwda
ayjdsb
ousxhsdmklmndntfukms
ndydxroj
oakbnpgp
omo
hgdiidnnunwsxscqqn
ousxhsdmklmndntfukms
lh
keinqsdivgplbcszjhsx
uvqwp
pyuciobbloxjxuoz
ezbqw
ayjdsb
pehsgi
gzp
omo
icksxbsejhgmkih
wxjflfjtstvrct
ppueolngeddtrxp
sjpnxyhscxdxepbw
rxmlzqwfcal
n
lufbhjgbpkxjxiyeu
efwpqnrbxwda
jdhoc
ousxhsdmklmndntfukms
ezbqw
jc
v
ezbqw
rxmlzqwfcal
hgdiidnnunwsxscqqn
jtrgtxgzfcpuc
n
pfzewpyykzeq
ecewrzcit
icksxbsejhgmkih
hgdiidnnunwsxscqqn
keinqsdivgplbcszjhsx
icksxbsejhgmkih
ppueolngeddtrxp
pyuciobbloxjxuoz
qwxftjswwpt
v
keinqsdivgplbcszjhsx
mdusfmlxkvqsmwytk
keinqsdivgplbcszjhsx
ousxhsdmklmndntfukms
pyuciobbloxjxuoz
ecewrzcit
mdusfmlxkvqsmwytk
ahocitarxlqxqjxq
ecewrzcit
prj
v
uvqwp
jtrgtxgzfcpuc
lufbhjgbpkxjxiyeu
v
jtrgtxgzfcpuc
pyuciobbloxjxuoz
n
jdhoc
ahocitarxlqxqjxq
ousxhsdmklmndntfukms
n
jc
hgdiidnnunwsxscqqn
sjpnxyhscxdxepbw
zkqiptsiha
qwxftjswwpt
ayjdsb
sjpnxyhscxdxepbw
ayjdsb
jdhoc
rxmlzqwfcal
pehsgi
keinqsdivgplbcszjhsx
mdusfmlxkvqsmwytk
jdhoc
pfzewpyykzeq
hgdiidnnunwsxscqqn
v
n
pehsgi
jc
qwxftjswwpt
ayjdsb
ecewrzcit
lh
ahocitarxlqxqjxq
lh
ecewrzcit
hgdiidnnunwsxscqqn
ecewrzcit
omo
hgdiidnnunwsxscqqn
lh
keinqsdivgplbcszjhsx
ousxhsdmklmndntfukms
ahocitarxlqxqjxq
xxziwph
uvqwp
qwxftjswwpt
ayjdsb
mdusfmlxkvqsmwytk
omo
n
icksxbsejhgmkih
ousxhsdmklmndntfukms
qmpcpkag
zkqiptsiha
ndydxroj
ppueolngeddtrxp
jc
efwpqnrbxwda
xxziwph
zkqiptsiha
ayjdsb
ppueolngeddtrxp
jc
lh
ppueolngeddtrxp
gzp
xxziwph
prj
omo
n
wxjflfjtstvrct
qwxftjswwpt
icksxbsejhgmkih
zkqiptsiha
qmpcpkag
efwpqnrbxwda
xxziwph
prj
lufbhjgbpkxjxiyeu
xxziwph
ecewrzcit
n
prj
qmpcpkag
xxziwph
efwpqnrbxwda
pyuciobbloxjxuoz
ahocitarxlqxqjxq
hgdiidnnunwsxscqqn
oakbnpgp
ecewrzcit
pehsgi
prj
rxmlzqwfcal
jdhoc
icksxbsejhgmkih
v
qwxftjswwpt
ppueolngeddtrxp
qwxftjswwpt
pehsgi
omo
ppueolngeddtrxp
oakbnpgp
jdhoc
ndydxroj
ayjdsb
uvqwp
rxmlzqwfcal
oakbnpgp
lufbhjgbpkxjxiyeu
omo
zkqiptsiha
sjpnxyhscxdxepbw
qwxftjswwpt
omo
ahocitarxlqxqjxq
icksxbsejhgmkih
uvqwp
keinqsdivgplbcszjhsx
hgdiidnnunwsxscqqn
uvqwp
rxmlzqwfcal
ayjdsb
hgdiidnnunwsxscqqn
ppueolngeddtrxp
hgdiidnnunwsxscqqn
ezbqw
oakbnpgp
