ubyozfmttxtlsrrnrqav
utzx
ycnynthgmdavybzbq
lgtixbnagkqrzesc
utzx
ubyozfmttxtlsrrnrqav
pspk
lgtixbnagkqrzesc
mvqubtw
pox
pspk
jgqftvwguk
lgtixbnagkqrzesc
fzkaq
pox
ycnynthgmdavybzbq
ycnynthgmdavybzbq
pspk
rssyiybitcoo
fzkaq
fzkaq
qchjkuxpxngebxrmqdg
bkzqiygwfunefiwp
pox
ycnynthgmdavybzbq
ubyozfmttxtlsrrnrqav
mvqubtw
bsq
lgtixbnagkqrzesc
bkzqiygwfunefiwp
qchjkuxpxngebxrmqdg
jgqftvwguk
ycnynthgmdavybzbq
pspk
pspk
bkzqiygwfunefiwp
ycnynthgmdavybzbq
bsq
ycnynthgmdavybzbq
pspk
mvqubtw
nwibhwhac
mvqubtw
lgtixbnagkqrzesc
ubyozfmttxtlsrrnrqav
nwibhwhac
qchjkuxpxngebxrmqdg
pspk
rssyiybitcoo
bkzqiygwfunefiwp
bsq
jgqftvwguk
fzkaq
bsq
qchjkuxpxngebxrmqdg
fzkaq
utzx
lgtixbnagkqrzesc
bkzqiygwfunefiwp
utzx
mvqubtw
pspk
jgqftvwguk
lgtixbnagkqrzesc
rssyiybitcoo
bkzqiygwfunefiwp
fzkaq
jgqftvwguk
jgqftvwguk
mvqubtw
ycnynthgmdavybzbq
lgtixbnagkqrzesc
rssyiybitcoo
pspk
utzx
bsq
bsq
pox
nwibhwhac
bsq
nwibhwhac
lgtixbnagkqrzesc
pox
rssyiybitcoo
ubyozfmttxtlsrrnrqav
mvqubtw
utzx
bsq
bsq
mvqubtw
mvqubtw
ycnynthgmdavybzbq
ubyozfmttxtlsrrnrqav
fzkaq
bkzqiygwfunefiwp
bkzqiygwfunefiwp
bsq
jgqftvwguk
pox
utzx
pspk
lgtixbnagkqrzesc
ubyozfmttxtlsrrnrqav
rssyiybitcoo
bsq
ycnynthgmdavybzbq
pox
ycnynthgmdavybzbq
rssyiybitcoo
nwibhwhac
mvqubtw
nwibhwhac
pspk
ubyozfmttxtlsrrnrqav
ycnynthgmdavybzbq
ubyozfmttxtlsrrnrqav
ycnynthgmdavybzbq
utzx
mvqubtw
rssyiybitcoo
bkzqiygwfunefiwp
pox
utzx
ycnynthgmdavybzbq
lgtixbnagkqrzesc
pox
nwibhwhac
ubyozfmttxtlsrrnrqav
mvqubtw
pox
ycnynthgmdavybzbq
bsq
bkzqiygwfunefiwp
jgqftvwguk
rssyiybitcoo
mvqubtw
qchjkuxpxngebxrmqdg
nwibhwhac
jgqftvwguk
utzx
ubyozfmttxtlsrrnrqav
fzkaq
pspk
bsq
nwibhwhac
nwibhwhac
mvqubtw
pspk
bkzqiygwfunefiwp
mvqubtw
jgqftvwguk
jgqftvwguk
fzkaq
qchjkuxpxngebxrmqdg
ubyozfmttxtlsrrnrqav
ubyozfmttxtlsrrnrqav
pox
rssyiybitcoo
lgtixbnagkqrzesc
rssyiybitcoo
pspk
pox
ubyozfmttxtlsrrnrqav
jgqftvwguk
mvqubtw
sxzguseuexlycgubhdnw
rihwqpl
haszrenhlbzpn
qlkchithcdezsaefldd
rssyiybitcoo
pspk
wssucxrmywerfpziqdz
jgqftvwguk
bkzqiygwfunefiwp
nwibhwhac
lgtixbnagkqrzesc
vifbmnqwi
gltvmmzmslqdxqi
rssyiybitcoo
pspk
lgtixbnagkqrzesc
sxzguseuexlycgubhdnw
fjcmw
vifbmnqwi
lgtixbnagkqrzesc
lhmmrdpgtrdwalvff
ueumdwugbfgnojjrjp
wsekfcgllbzlnvmo
fjcmw
ueumdwugbfgnojjrjp
lgtixbnagkqrzesc
bsq
navvxwsvprpymskzn
qchjkuxpxngebxrmqdg
fzkaq
fjcmw
qlkchithcdezsaefldd
bsq
ycnynthgmdavybzbq
crgvwalcp
haszrenhlbzpn
wsekfcgllbzlnvmo
utzx
utzx
bkzqiygwfunefiwp
rihwqpl
bkzqiygwfunefiwp
utzx
wsekfcgllbzlnvmo
haszrenhlbzpn
rihwqpl
wsekfcgllbzlnvmo
wsekfcgllbzlnvmo
haszrenhlbzpn
crgvwalcp
rihwqpl
bsq
sxzguseuexlycgubhdnw
jsosencrbwknllvuc
ubyozfmttxtlsrrnrqav
crgvwalcp
jgqftvwguk
ubyozfmttxtlsrrnrqav
nwibhwhac
pox
wsekfcgllbzlnvmo
fzkaq
bkzqiygwfunefiwp
nwibhwhac
jsosencrbwknllvuc
fzkaq
utzx
jsosencrbwknllvuc
fzkaq
jsosencrbwknllvuc
haszrenhlbzpn
utzx
lhmmrdpgtrdwalvff
nwibhwhac
rihwqpl
haszrenhlbzpn
wsekfcgllbzlnvmo
haszrenhlbzpn
bkzqiygwfunefiwp
gltvmmzmslqdxqi
pox
vifbmnqwi
haszrenhlbzpn
wsekfcgllbzlnvmo
sxzguseuexlycgubhdnw
jsosencrbwknllvuc
ueumdwugbfgnojjrjp
ueumdwugbfgnojjrjp
rssyiybitcoo
vifbmnqwi
nwibhwhac
fjcmw
haszrenhlbzpn
navvxwsvprpymskzn
fzkaq
lhmmrdpgtrdwalvff
fzkaq
lhmmrdpgtrdwalvff
haszrenhlbzpn
navvxwsvprpymskzn
fzkaq
jsosencrbwknllvuc
nwibhwhac
lhmmrdpgtrdwalvff
jsosencrbwknllvuc
jgqftvwguk
wssucxrmywerfpziqdz
utzx
wssucxrmywerfpziqdz
rssyiybitcoo
qlkchithcdezsaefldd
jgqftvwguk
haszrenhlbzpn
qchjkuxpxngebxrmqdg
crgvwalcp
fjcmw
navvxwsvprpymskzn
navvxwsvprpymskzn
vifbmnqwi
gltvmmzmslqdxqi
qchjkuxpxngebxrmqdg
fjcmw
rihwqpl
ueumdwugbfgnojjrjp
rihwqpl
qlkchithcdezsaefldd
qchjkuxpxngebxrmqdg
ueumdwugbfgnojjrjp
navvxwsvprpymskzn
rihwqpl
haszrenhlbzpn
vifbmnqwi
gltvmmzmslqdxqi
rssyiybitcoo
wssucxrmywerfpziqdz
qlkchithcdezsaefldd
haszrenhlbzpn
haszrenhlbzpn
fjcmw
sxzguseuexlycgubhdnw
haszrenhlbzpn
ueumdwugbfgnojjrjp
sxzguseuexlycgubhdnw
fjcmw
sxzguseuexlycgubhdnw
lhmmrdpgtrdwalvff
fjcmw
qlkchithcdezsaefldd
lhmmrdpgtrdwalvff
crgvwalcp
wssucxrmywerfpziqdz
ueumdwugbfgnojjrjp
sxzguseuexlycgubhdnw
wssucxrmywerfpziqdz
lhmmrdpgtrdwalvff
qlkchithcdezsaefldd
lhmmrdpgtrdwalvff
sxzguseuexlycgubhdnw
lhmmrdpgtrdwalvff
fjcmw
fjcmw
wssucxrmywerfpziqdz
haszrenhlbzpn
lhmmrdpgtrdwalvff
rihwqpl
jsosencrbwknllvuc
fjcmw
rihwqpl
ueumdwugbfgnojjrjp
wssucxrmywerfpziqdz
vifbmnqwi
ueumdwugbfgnojjrjp
jsosencrbwknllvuc
gltvmmzmslqdxqi
gltvmmzmslqdxqi
qlkchithcdezsaefldd
wssucxrmywerfpziqdz
vifbmnqwi
lhmmrdpgtrdwalvff
rihwqpl
pox
sxzguseuexlycgubhdnw
pox
gltvmmzmslqdxqi
wssucxrmywerfpziqdz
wssucxrmywerfpziqdz
wssucxrmywerfpziqdz
wssucxrmywerfpziqdz
vifbmnqwi
jsosencrbwknllvuc
lhmmrdpgtrdwalvff
wssucxrmywerfpziqdz
gltvmmzmslqdxqi
crgvwalcp
lhmmrdpgtrdwalvff
ueumdwugbfgnojjrjp
vifbmnqwi
gltvmmzmslqdxqi
ueumdwugbfgnojjrjp
vifbmnqwi
wssucxrmywerfpziqdz
vifbmnqwi
wssucxrmywerfpziqdz
qlkchithcdezsaefldd
navvxwsvprpymskzn
qchjkuxpxngebxrmqdg
rihwqpl
vifbmnqwi
vifbmnqwi
qchjkuxpxngebxrmqdg
qlkchithcdezsaefldd
navvxwsvprpymskzn
navvxwsvprpymskzn
lhmmrdpgtrdwalvff
ueumdwugbfgnojjrjp
wsekfcgllbzlnvmo
wsekfcgllbzlnvmo
crgvwalcp
jsosencrbwknllvuc
ueumdwugbfgnojjrjp
ueumdwugbfgnojjrjp
qlkchithcdezsaefldd
ueumdwugbfgnojjrjp
navvxwsvprpymskzn
lhmmrdpgtrdwalvff
jsosencrbwknllvuc
navvxwsvprpymskzn
jsosencrbwknllvuc
vifbmnqwi
