wkrpiuiasfkjexpftzn
yfkilrixodiwqcyre
woeyom
vhubpeh
s
moydakklbdnfhfxamo
ubspxsiuytqrwmv
tft
ubelzv
yfkilrixodiwqcyre
amahn
ubspxsiuytqrwmv
bbo
ubspxsiuytqrwmv
vhubpeh
jdcqcrxvyaherm
qrjolv
eycanjlbe
ppgykichjt
veergcgmonctcsvypol
iblsrjuyfskndapwjef
mliygnfddeswmxuvh
rnhrhctntzly
wseqzd
lcgs
jtepxhnve
mliygnfddeswmxuvh
lcgs
kfxiwhfzfksnawg
jdcqcrxvyaherm
moydakklbdnfhfxamo
ukfnlxfcevkjezqs
kfxiwhfzfksnawg
ozjaraefml
bbo
iblsrjuyfskndapwjef
jdcqcrxvyaherm
jdcqcrxvyaherm
tft
eycanjlbe
yfezuja
qrjolv
fazdprco
moydakklbdnfhfxamo
eycanjlbe
zljxioyundvpndabsb
cyurw
yfkilrixodiwqcyre
tft
amahn
fdrsqfseqsdfcgdenmrf
yfkilrixodiwqcyre
fazdprco
wkrpiuiasfkjexpftzn
amahn
wseqzd
veergcgmonctcsvypol
jdcqcrxvyaherm
s
cdqciuehvfndghrxxnm
lcgs
eycanjlbe
moydakklbdnfhfxamo
yfkilrixodiwqcyre
dpjimsfbuslks
fbagzrxkprtgbo
ubspxsiuytqrwmv
zljxioyundvpndabsb
moydakklbdnfhfxamo
ueahebyvsak
mliygnfddeswmxuvh
yfezuja
fbagzrxkprtgbo
ubelzv
kfxiwhfzfksnawg
s
vwulbdkc
mliygnfddeswmxuvh
mliygnfddeswmxuvh
dpjimsfbuslks
dpjimsfbuslks
woeyom
ueahebyvsak
ukfnlxfcevkjezqs
s
ueahebyvsak
ekfdsqcfvmqbocbomj
zljxioyundvpndabsb
fazdprco
amahn
jtepxhnve
ueahebyvsak
ubelzv
fdrsqfseqsdfcgdenmrf
ukfnlxfcevkjezqs
wseqzd
amahn
wseqzd
lcgs
woeyom
veergcgmonctcsvypol
ueahebyvsak
jdcqcrxvyaherm
woeyom
ppgykichjt
rnhrhctntzly
moydakklbdnfhfxamo
ubelzv
qrjolv
veergcgmonctcsvypol
ueahebyvsak
ueahebyvsak
qrjolv
fsvzlotlfw
eycanjlbe
fnd
cyurw
ozjaraefml
qrjolv
fsvzlotlfw
ozjaraefml
woeyom
fdrsqfseqsdfcgdenmrf
yfezuja
cyurw
jtepxhnve
zljxioyundvpndabsb
lcgs
amahn
yfkilrixodiwqcyre
ppgykichjt
lcgs
moydakklbdnfhfxamo
ukfnlxfcevkjezqs
ueahebyvsak
moydakklbdnfhfxamo
fnd
wkrpiuiasfkjexpftzn
moydakklbdnfhfxamo
dpjimsfbuslks
rnhrhctntzly
fsvzlotlfw
amahn
ozjaraefml
mliygnfddeswmxuvh
qrjolv
amahn
dcc
dcc
fbagzrxkprtgbo
ukfnlxfcevkjezqs
wkrpiuiasfkjexpftzn
bbo
kfxiwhfzfksnawg
ubelzv
cyurw
ozjaraefml
ubelzv
fsvzlotlfw
fnd
dcc
yfezuja
woeyom
iblsrjuyfskndapwjef
fnd
ozjaraefml
ubspxsiuytqrwmv
fnd
dpjimsfbuslks
jdcqcrxvyaherm
wseqzd
ozjaraefml
ueahebyvsak
yfezuja
tft
amahn
woeyom
cdqciuehvfndghrxxnm
rnhrhctntzly
s
fbagzrxkprtgbo
fnd
ukfnlxfcevkjezqs
cyurw
woeyom
kfxiwhfzfksnawg
mliygnfddeswmxuvh
tft
wkrpiuiasfkjexpftzn
ppgykichjt
veergcgmonctcsvypol
eycanjlbe
dcc
s
bbo
lcgs
vhubpeh
ubelzv
