ltgqngguftuahalwv
dvoossjoatryxmbwxbwe
sizgzajkhyjuj
ltgqngguftuahalwv
dvoossjoatryxmbwxbwe
aotuayxmwvzllk
ltgqngguftuahalwv
dvoossjoatryxmbwxbwe
sizgzajkhyjuj
aotuayxmwvzllk
dvoossjoatryxmbwxbwe
sizgzajkhyjuj
sizgzajkhyjuj
sizgzajkhyjuj
dvoossjoatryxmbwxbwe
ltgqngguftuahalwv
sizgzajkhyjuj
sizgzajkhyjuj
sizgzajkhyjuj
dvoossjoatryxmbwxbwe
sizgzajkhyjuj
nagmaygzyfnzpqftob
aotuayxmwvzllk
kseszafzjmdtsbyl
dvoossjoatryxmbwxbwe
wqnc
jidhukzwz
aotuayxmwvzllk
wqnc
dvoossjoatryxmbwxbwe
aotuayxmwvzllk
dvoossjoatryxmbwxbwe
aotuayxmwvzllk
aotuayxmwvzllk
wqnc
aotuayxmwvzllk
jidhukzwz
wqnc
aotuayxmwvzllk
wqnc
nagmaygzyfnzpqftob
wqnc
wqnc
jidhukzwz
ltgqngguftuahalwv
nagmaygzyfnzpqftob
kseszafzjmdtsbyl
